[Licensing::Module] Trying to connect to existing licensing client channel...
Built from '6000.2/staging' branch; Version is '6000.2.10f1 (d3d30d158480) revision 13882125'; Using compiler version '194234433'; Build Type 'Release'
OS: 'Windows 11  (10.0.22621) 64bit CoreCountrySpecific' Language: 'zh' Physical Memory: 16077 MB
BatchMode: 1, IsHumanControllingUs: 0, StartBugReporterOnCrash: 0, Is64bit: 1
[Licensing::IpcConnector] Successfully connected to: "LicenseClient-hp" at "2026-01-24T22:17:07.5271024Z"
Date: 2026-01-24T22:17:07Z

COMMAND LINE ARGUMENTS:
C:\Program Files\Unity\Hub\Editor\6000.2.10f1\Editor\Unity.exe
-adb2
-batchMode
-noUpm
-name
AssetImportWorker0
-projectPath
E:/games/unity/unity stuco
-logFile
Logs/AssetImportWorker0.log
-srvPort
55019
-licensingIpc
LicenseClient-hp
-job-worker-count
9
-background-job-worker-count
8
-gc-helper-count
1
-name
AssetImport
Successfully changed project path to: E:/games/unity/unity stuco
E:/games/unity/unity stuco
[UnityMemory] Configuration Parameters - Can be set up in boot.config
    "memorysetup-allocator-temp-initial-block-size-main=262144"
    "memorysetup-allocator-temp-initial-block-size-worker=262144"
    "memorysetup-bucket-allocator-granularity=16"
    "memorysetup-bucket-allocator-bucket-count=8"
    "memorysetup-bucket-allocator-block-size=33554432"
    "memorysetup-bucket-allocator-block-count=8"
    "memorysetup-main-allocator-block-size=16777216"
    "memorysetup-thread-allocator-block-size=16777216"
    "memorysetup-gfx-main-allocator-block-size=16777216"
    "memorysetup-gfx-thread-allocator-block-size=16777216"
    "memorysetup-cache-allocator-block-size=4194304"
    "memorysetup-typetree-allocator-block-size=2097152"
    "memorysetup-profiler-bucket-allocator-granularity=16"
    "memorysetup-profiler-bucket-allocator-bucket-count=8"
    "memorysetup-profiler-bucket-allocator-block-size=33554432"
    "memorysetup-profiler-bucket-allocator-block-count=8"
    "memorysetup-profiler-allocator-block-size=16777216"
    "memorysetup-profiler-editor-allocator-block-size=1048576"
    "memorysetup-temp-allocator-size-main=16777216"
    "memorysetup-job-temp-allocator-block-size=2097152"
    "memorysetup-job-temp-allocator-block-size-background=1048576"
    "memorysetup-job-temp-allocator-reduction-small-platforms=262144"
    "memorysetup-temp-allocator-size-background-worker=32768"
    "memorysetup-temp-allocator-size-job-worker=262144"
    "memorysetup-temp-allocator-size-preload-manager=33554432"
    "memorysetup-temp-allocator-size-nav-mesh-worker=65536"
    "memorysetup-temp-allocator-size-audio-worker=65536"
    "memorysetup-temp-allocator-size-cloud-worker=32768"
    "memorysetup-temp-allocator-size-gi-baking-worker=262144"
    "memorysetup-temp-allocator-size-gi-baking-worker=262144"
    "memorysetup-temp-allocator-size-gi-baking-worker=262144"
    "memorysetup-temp-allocator-size-gi-baking-worker=262144"
    "memorysetup-temp-allocator-size-gi-baking-worker=262144"
    "memorysetup-temp-allocator-size-gfx=262144"
Player connection [22420]  Target information:

Player connection [22420]  * "[IP] 26.16.34.112 [Port] 0 [Flags] 2 [Guid] 1651059251 [EditorId] 1651059251 [Version] 1048832 [Id] WindowsEditor(7,Sine-laptop) [Debug] 1 [PackageName] WindowsEditor [ProjectName] Editor" 

Player connection [22420]  * "[IP] 169.254.83.107 [Port] 0 [Flags] 2 [Guid] 1651059251 [EditorId] 1651059251 [Version] 1048832 [Id] WindowsEditor(7,Sine-laptop) [Debug] 1 [PackageName] WindowsEditor [ProjectName] Editor" 

Player connection [22420]  * "[IP] 10.0.0.176 [Port] 0 [Flags] 2 [Guid] 1651059251 [EditorId] 1651059251 [Version] 1048832 [Id] WindowsEditor(7,Sine-laptop) [Debug] 1 [PackageName] WindowsEditor [ProjectName] Editor" 

Player connection [22420] Host joined multi-casting on [225.0.0.222:54997]...
Player connection [22420] Host joined alternative multi-casting on [225.0.0.222:34997]...
JobSystem: Creating JobQueue using job-worker-count value 9
Input System module state changed to: Initialized.
[Physics::Module] Initialized fallback backend.
[Physics::Module] Id: 0xdecafbad
Library Redirect Path: Library/
[Licensing::Client] Code 10 while verifying Licensing Client signature (process Id: 7112, path: "D:/program files/unity hub/UnityLicensingClient_V1/Unity.Licensing.Client.exe")
[Licensing::Module] LicensingClient has failed validation; ignoring
[Licensing::Client] Handshaking with LicensingClient:
  Version:                 1.17.4+4293ba1
  Session Id:              27a3ca5d35fb4fb6bafbf8994bf1cde5
  Correlation Id:          d7672f1c2f8695814d9e7c32569b8926
  External correlation Id: 316763076122951033
  Machine Id:              oJYw/SjKF5VKeIElphCQc4K/MVg=
[Licensing::Module] Successfully connected to LicensingClient on channel: "LicenseClient-hp" (connect: 0.00s, validation: 0.00s, handshake: 0.32s)
[Licensing::IpcConnector] Successfully connected to: "LicenseClient-hp-notifications" at "2026-01-24T22:17:07.8506304Z"
[Licensing::Module] Licensing Background thread has ended after 0.32s
[Physics::Module] Selected backend.
[Physics::Module] Name: PhysX
[Physics::Module] Id: 0xf2b8ea05
[Physics::Module] SDK Version: 4.1.2
[Physics::Module] Integration Version: 1.0.0
[Physics::Module] Threading Mode: Multi-Threaded
Refreshing native plugins compatible for Editor in 232.28 ms, found 3 plugins.
Preloading 0 native plugins for Editor in 0.00 ms.
Initialize engine version: 6000.2.10f1 (d3d30d158480)
[Subsystems] Discovering subsystems at path C:/Program Files/Unity/Hub/Editor/6000.2.10f1/Editor/Data/Resources/UnitySubsystems
[Subsystems] Discovering subsystems at path E:/games/unity/unity stuco/Assets
GfxDevice: creating device client; kGfxThreadingModeNonThreaded
Direct3D:
    Version:  Direct3D 11.0 [level 11.1]
    Renderer: NVIDIA GeForce RTX 4060 Laptop GPU (ID=0x28a0)
    Vendor:   NVIDIA
    VRAM:     7957 MB
    Driver:   32.0.15.6094
Initialize mono
Mono path[0] = 'C:/Program Files/Unity/Hub/Editor/6000.2.10f1/Editor/Data/Managed'
Mono path[1] = 'C:/Program Files/Unity/Hub/Editor/6000.2.10f1/Editor/Data/MonoBleedingEdge/lib/mono/unityjit-win32'
Mono config path = 'C:/Program Files/Unity/Hub/Editor/6000.2.10f1/Editor/Data/MonoBleedingEdge/etc'
Using monoOptions --debugger-agent=transport=dt_socket,embedding=1,server=y,suspend=n,address=127.0.0.1:56972
Begin MonoManager ReloadAssembly
Registering precompiled unity dll's ...
Register platform support module: C:/Program Files/Unity/Hub/Editor/6000.2.10f1/Editor/Data/PlaybackEngines/WebGLSupport/UnityEditor.WebGL.Extensions.dll
Register platform support module: C:/Program Files/Unity/Hub/Editor/6000.2.10f1/Editor/Data/PlaybackEngines/WindowsStandaloneSupport/UnityEditor.WindowsStandalone.Extensions.dll
Registered in 0.001605 seconds.
- Loaded All Assemblies, in  4.269 seconds
Native extension for WindowsStandalone target not found
Native extension for WebGL target not found
Mono: successfully reloaded assembly
- Finished resetting the current domain, in  0.354 seconds
Domain Reload Profiling: 4620ms
	BeginReloadAssembly (632ms)
		ExecutionOrderSort (0ms)
		DisableScriptedObjects (0ms)
		BackupInstance (0ms)
		ReleaseScriptingObjects (0ms)
		CreateAndSetChildDomain (0ms)
	RebuildCommonClasses (572ms)
	RebuildNativeTypeToScriptingClass (10ms)
	initialDomainReloadingComplete (43ms)
	LoadAllAssembliesAndSetupDomain (3008ms)
		LoadAssemblies (629ms)
		RebuildTransferFunctionScriptingTraits (0ms)
		AnalyzeDomain (3006ms)
			TypeCache.Refresh (3004ms)
				TypeCache.ScanAssembly (2336ms)
			BuildScriptInfoCaches (0ms)
			ResolveRequiredComponents (1ms)
	FinalizeReload (355ms)
		ReleaseScriptCaches (0ms)
		RebuildScriptCaches (0ms)
		SetupLoadedEditorAssemblies (311ms)
			LogAssemblyErrors (0ms)
			InitializePlatformSupportModulesInManaged (59ms)
			SetLoadedEditorAssemblies (3ms)
			BeforeProcessingInitializeOnLoad (68ms)
			ProcessInitializeOnLoadAttributes (129ms)
			ProcessInitializeOnLoadMethodAttributes (51ms)
			AfterProcessingInitializeOnLoad (0ms)
			EditorAssembliesLoaded (0ms)
		ExecutionOrderSort2 (0ms)
		AwakeInstancesAfterBackupRestoration (0ms)
========================================================================
Worker process is ready to serve import requests
Import Worker Mode flag is 0x00
Begin MonoManager ReloadAssembly
[Licensing::Client] Successfully resolved entitlement details
[Licensing::Module] License group:
  Id: 2475887581673-UnityPersXXXX
  Product: Unity Personal
  Type: Assigned
  Expiration: Unlimited
- Loaded All Assemblies, in  2.773 seconds
Refreshing native plugins compatible for Editor in 0.38 ms, found 3 plugins.
Native extension for WindowsStandalone target not found
Native extension for WebGL target not found
Package Manager log level set to [2]
[Package Manager] Failed to launch server process. Reason: Unity was launched with the -noUpm command-line argument
[Package Manager] Unable to send message (not connected to server process).
[Package Manager] Cannot connect to Unity Package Manager local server
Mono: successfully reloaded assembly
- Finished resetting the current domain, in  1.597 seconds
Domain Reload Profiling: 4367ms
	BeginReloadAssembly (184ms)
		ExecutionOrderSort (0ms)
		DisableScriptedObjects (8ms)
		BackupInstance (0ms)
		ReleaseScriptingObjects (0ms)
		CreateAndSetChildDomain (27ms)
	RebuildCommonClasses (36ms)
	RebuildNativeTypeToScriptingClass (10ms)
	initialDomainReloadingComplete (39ms)
	LoadAllAssembliesAndSetupDomain (2500ms)
		LoadAssemblies (2404ms)
		RebuildTransferFunctionScriptingTraits (0ms)
		AnalyzeDomain (203ms)
			TypeCache.Refresh (147ms)
				TypeCache.ScanAssembly (133ms)
			BuildScriptInfoCaches (43ms)
			ResolveRequiredComponents (9ms)
	FinalizeReload (1597ms)
		ReleaseScriptCaches (0ms)
		RebuildScriptCaches (0ms)
		SetupLoadedEditorAssemblies (496ms)
			LogAssemblyErrors (0ms)
			InitializePlatformSupportModulesInManaged (3ms)
			SetLoadedEditorAssemblies (5ms)
			BeforeProcessingInitializeOnLoad (106ms)
			ProcessInitializeOnLoadAttributes (333ms)
			ProcessInitializeOnLoadMethodAttributes (44ms)
			AfterProcessingInitializeOnLoad (5ms)
			EditorAssembliesLoaded (0ms)
		ExecutionOrderSort2 (0ms)
		AwakeInstancesAfterBackupRestoration (6ms)
Launched and connected shader compiler UnityShaderCompiler.exe after 0.06 seconds
Refreshing native plugins compatible for Editor in 0.96 ms, found 3 plugins.
Preloading 0 native plugins for Editor in 0.00 ms.
Unloading 13 Unused Serialized files (Serialized files now loaded: 0)
Unloading 6126 unused Assets / (5.9 MB). Loaded Objects now: 6823.
Memory consumption went from 134.0 MB to 128.1 MB.
Total: 9.262100 ms (FindLiveObjects: 0.606900 ms CreateObjectMapping: 0.339800 ms MarkObjects: 4.376300 ms  DeleteObjects: 3.937600 ms)

========================================================================
Received Import Request.
  Time since last request: 1323.409935 seconds.
  path: Assets/npc_casual_set_00/Mesh/Mesh_Parts/npc_csl_shirtopenrolled_00f_sleeves.fbx
  artifactKey: Guid(34203b88ad1174b4bb41941851227b27) Importer(815301076,1909f56bfc062723c751e8b465ee728b)
Start importing Assets/npc_casual_set_00/Mesh/Mesh_Parts/npc_csl_shirtopenrolled_00f_sleeves.fbx using Guid(34203b88ad1174b4bb41941851227b27) Importer(815301076,1909f56bfc062723c751e8b465ee728b) (PreviewImporter) -> (artifact id: '8f304a2f680f88f5b0f6aaa6b2e98ff5') in 0.704638 seconds
Number of updated asset objects reloaded before import = 0Number of asset objects unloaded after import = 149

========================================================================
Received Import Request.
  Time since last request: 0.000310 seconds.
  path: Assets/npc_casual_set_00/Mesh/Mesh_Parts/npc_hmn_01f_parts.fbx
  artifactKey: Guid(359497813aa7a4c4aae41f7dc0f2ce2f) Importer(815301076,1909f56bfc062723c751e8b465ee728b)
Start importing Assets/npc_casual_set_00/Mesh/Mesh_Parts/npc_hmn_01f_parts.fbx using Guid(359497813aa7a4c4aae41f7dc0f2ce2f) Importer(815301076,1909f56bfc062723c751e8b465ee728b) (PreviewImporter) -> (artifact id: '083c980fdaaf7e644c3eb400f140b75c') in 1.1393861 seconds
Number of updated asset objects reloaded before import = 0Number of asset objects unloaded after import = 956

========================================================================
Received Import Request.
  Time since last request: 1.515947 seconds.
  path: Assets/npc_casual_set_00/Mesh/Mesh_Parts/npc_hmn_01f_lowerbody1.fbx
  artifactKey: Guid(a96ba997ee9c0b44b970ab167e820f99) Importer(815301076,1909f56bfc062723c751e8b465ee728b)
Start importing Assets/npc_casual_set_00/Mesh/Mesh_Parts/npc_hmn_01f_lowerbody1.fbx using Guid(a96ba997ee9c0b44b970ab167e820f99) Importer(815301076,1909f56bfc062723c751e8b465ee728b) (PreviewImporter) -> (artifact id: '0efc86d35437d58fe393a82ef1219c4c') in 0.0636324 seconds
Number of updated asset objects reloaded before import = 0Number of asset objects unloaded after import = 149

========================================================================
Received Prepare
Begin MonoManager ReloadAssembly
- Loaded All Assemblies, in  0.630 seconds
Refreshing native plugins compatible for Editor in 0.43 ms, found 3 plugins.
Native extension for WindowsStandalone target not found
Native extension for WebGL target not found
[Package Manager] Failed to launch server process. Reason: Unity was launched with the -noUpm command-line argument
[Package Manager] Unable to send message (not connected to server process).
[Package Manager] Cannot connect to Unity Package Manager local server
Mono: successfully reloaded assembly
- Finished resetting the current domain, in  0.649 seconds
Domain Reload Profiling: 1279ms
	BeginReloadAssembly (200ms)
		ExecutionOrderSort (0ms)
		DisableScriptedObjects (16ms)
		BackupInstance (0ms)
		ReleaseScriptingObjects (0ms)
		CreateAndSetChildDomain (55ms)
	RebuildCommonClasses (26ms)
	RebuildNativeTypeToScriptingClass (10ms)
	initialDomainReloadingComplete (20ms)
	LoadAllAssembliesAndSetupDomain (374ms)
		LoadAssemblies (287ms)
		RebuildTransferFunctionScriptingTraits (0ms)
		AnalyzeDomain (167ms)
			TypeCache.Refresh (7ms)
				TypeCache.ScanAssembly (0ms)
			BuildScriptInfoCaches (146ms)
			ResolveRequiredComponents (10ms)
	FinalizeReload (649ms)
		ReleaseScriptCaches (0ms)
		RebuildScriptCaches (0ms)
		SetupLoadedEditorAssemblies (498ms)
			LogAssemblyErrors (0ms)
			InitializePlatformSupportModulesInManaged (2ms)
			SetLoadedEditorAssemblies (5ms)
			BeforeProcessingInitializeOnLoad (126ms)
			ProcessInitializeOnLoadAttributes (307ms)
			ProcessInitializeOnLoadMethodAttributes (54ms)
			AfterProcessingInitializeOnLoad (4ms)
			EditorAssembliesLoaded (0ms)
		ExecutionOrderSort2 (0ms)
		AwakeInstancesAfterBackupRestoration (15ms)
Refreshing native plugins compatible for Editor in 0.72 ms, found 3 plugins.
Preloading 0 native plugins for Editor in 0.00 ms.
Unloading 13 Unused Serialized files (Serialized files now loaded: 0)
Unloading 6123 unused Assets / (4.2 MB). Loaded Objects now: 6876.
Memory consumption went from 160.0 MB to 155.8 MB.
Total: 9.762400 ms (FindLiveObjects: 0.760100 ms CreateObjectMapping: 0.826600 ms MarkObjects: 5.545900 ms  DeleteObjects: 2.627900 ms)

Prepare: number of updated asset objects reloaded= 0
========================================================================
Received Import Request.
  Time since last request: 280.307551 seconds.
  path: Assets/npc_casual_set_00/Textures/npc_csl_pants_00f_01_01_m.tif
  artifactKey: Guid(28cd16a11a419304098bf41cadfb4f5e) Importer(815301076,1909f56bfc062723c751e8b465ee728b)
Start importing Assets/npc_casual_set_00/Textures/npc_csl_pants_00f_01_01_m.tif using Guid(28cd16a11a419304098bf41cadfb4f5e) Importer(815301076,1909f56bfc062723c751e8b465ee728b) (PreviewImporter) -> (artifact id: '0158caa917ab8dbcd44441201b5b8535') in 0.0776835 seconds
Number of updated asset objects reloaded before import = 0Number of asset objects unloaded after import = 2

========================================================================
Received Import Request.
  Time since last request: 0.000027 seconds.
  path: Assets/npc_casual_set_00/Textures/npc_csl_shirtopenrolled_00f_01_01_o.tif
  artifactKey: Guid(136013a49beb9ce4cbe294755079b65a) Importer(815301076,1909f56bfc062723c751e8b465ee728b)
Start importing Assets/npc_casual_set_00/Textures/npc_csl_shirtopenrolled_00f_01_01_o.tif using Guid(136013a49beb9ce4cbe294755079b65a) Importer(815301076,1909f56bfc062723c751e8b465ee728b) (PreviewImporter) -> (artifact id: 'a0824a66d4a53cf261f53bdcb3cd8ee6') in 0.0225402 seconds
Number of updated asset objects reloaded before import = 0Number of asset objects unloaded after import = 2

========================================================================
Received Import Request.
  Time since last request: 0.000019 seconds.
  path: Assets/npc_casual_set_00/Textures/npc_csl_shirtopenrolled_00m_01_01_m.tif
  artifactKey: Guid(8537041de2c9eb64189f87473efeac24) Importer(815301076,1909f56bfc062723c751e8b465ee728b)
Start importing Assets/npc_casual_set_00/Textures/npc_csl_shirtopenrolled_00m_01_01_m.tif using Guid(8537041de2c9eb64189f87473efeac24) Importer(815301076,1909f56bfc062723c751e8b465ee728b) (PreviewImporter) -> (artifact id: 'dad58614e13f6206722c5e09132086d7') in 0.0166338 seconds
Number of updated asset objects reloaded before import = 0Number of asset objects unloaded after import = 2

========================================================================
Received Import Request.
  Time since last request: 0.000017 seconds.
  path: Assets/npc_casual_set_00/Textures/npc_csl_pants_00m_01_01_c.tif
  artifactKey: Guid(e873a228dc09b8f4794863d68722af4f) Importer(815301076,1909f56bfc062723c751e8b465ee728b)
Start importing Assets/npc_casual_set_00/Textures/npc_csl_pants_00m_01_01_c.tif using Guid(e873a228dc09b8f4794863d68722af4f) Importer(815301076,1909f56bfc062723c751e8b465ee728b) (PreviewImporter) -> (artifact id: 'dedfd124adaba3a68d14be78c7750dad') in 0.0181882 seconds
Number of updated asset objects reloaded before import = 0Number of asset objects unloaded after import = 2

========================================================================
Received Import Request.
  Time since last request: 0.000018 seconds.
  path: Assets/npc_casual_set_00/Textures/npc_csl_pants_00f_01_01_o.tif
  artifactKey: Guid(ec81c8e1b64ca15429a03c5eb244ca8f) Importer(815301076,1909f56bfc062723c751e8b465ee728b)
Start importing Assets/npc_casual_set_00/Textures/npc_csl_pants_00f_01_01_o.tif using Guid(ec81c8e1b64ca15429a03c5eb244ca8f) Importer(815301076,1909f56bfc062723c751e8b465ee728b) (PreviewImporter) -> (artifact id: 'c7c013bca631cdcc1d3509dc5029a923') in 0.0217648 seconds
Number of updated asset objects reloaded before import = 0Number of asset objects unloaded after import = 2

========================================================================
Received Import Request.
  Time since last request: 0.000022 seconds.
  path: Assets/npc_casual_set_00/Textures/npc_hmn_body_01f_01_01_c.tif
  artifactKey: Guid(4f9edeb3f0d5a7c45b4488cc174760e2) Importer(815301076,1909f56bfc062723c751e8b465ee728b)
Start importing Assets/npc_casual_set_00/Textures/npc_hmn_body_01f_01_01_c.tif using Guid(4f9edeb3f0d5a7c45b4488cc174760e2) Importer(815301076,1909f56bfc062723c751e8b465ee728b) (PreviewImporter) -> (artifact id: '83593f4e20b677b872b601ed1a51b4fa') in 0.0187645 seconds
Number of updated asset objects reloaded before import = 0Number of asset objects unloaded after import = 2

========================================================================
Received Import Request.
  Time since last request: 0.000015 seconds.
  path: Assets/npc_casual_set_00/Textures/npc_csl_pants_00f_01_01_n.tif
  artifactKey: Guid(73eba482b3ea8354fabda225bd747d1c) Importer(815301076,1909f56bfc062723c751e8b465ee728b)
Start importing Assets/npc_casual_set_00/Textures/npc_csl_pants_00f_01_01_n.tif using Guid(73eba482b3ea8354fabda225bd747d1c) Importer(815301076,1909f56bfc062723c751e8b465ee728b) (PreviewImporter) -> (artifact id: '79a4425a1f2fbc2fa99b697ded9dac29') in 0.0219788 seconds
Number of updated asset objects reloaded before import = 0Number of asset objects unloaded after import = 2

========================================================================
Received Import Request.
  Time since last request: 0.000016 seconds.
  path: Assets/npc_casual_set_00/Textures/npc_csl_tshirt_00m_01_01_m.tif
  artifactKey: Guid(f968756c6232f31428504a70021c2b47) Importer(815301076,1909f56bfc062723c751e8b465ee728b)
Start importing Assets/npc_casual_set_00/Textures/npc_csl_tshirt_00m_01_01_m.tif using Guid(f968756c6232f31428504a70021c2b47) Importer(815301076,1909f56bfc062723c751e8b465ee728b) (PreviewImporter) -> (artifact id: '08b9d79712b3317f648e1251cb861c5f') in 0.0091202 seconds
Number of updated asset objects reloaded before import = 0Number of asset objects unloaded after import = 2

========================================================================
Received Import Request.
  Time since last request: 0.000017 seconds.
  path: Assets/npc_casual_set_00/Textures/npc_csl_tshirt_00m_01_01_n.tif
  artifactKey: Guid(91bb9c6f30ef1ac4b9430c2f8008dcc2) Importer(815301076,1909f56bfc062723c751e8b465ee728b)
Start importing Assets/npc_casual_set_00/Textures/npc_csl_tshirt_00m_01_01_n.tif using Guid(91bb9c6f30ef1ac4b9430c2f8008dcc2) Importer(815301076,1909f56bfc062723c751e8b465ee728b) (PreviewImporter) -> (artifact id: '22c7b3024e6f2374f7fcac0df3ccf1d2') in 0.0186193 seconds
Number of updated asset objects reloaded before import = 0Number of asset objects unloaded after import = 2

========================================================================
Received Import Request.
  Time since last request: 0.000017 seconds.
  path: Assets/npc_casual_set_00/Textures/npc_csl_shoe_01_00_03_c.tif
  artifactKey: Guid(2264306ac81a982499faf4839f90b87f) Importer(815301076,1909f56bfc062723c751e8b465ee728b)
Start importing Assets/npc_casual_set_00/Textures/npc_csl_shoe_01_00_03_c.tif using Guid(2264306ac81a982499faf4839f90b87f) Importer(815301076,1909f56bfc062723c751e8b465ee728b) (PreviewImporter) -> (artifact id: '656839dcbda88743674f8dcefe6ddaa9') in 0.0174474 seconds
Number of updated asset objects reloaded before import = 0Number of asset objects unloaded after import = 2

========================================================================
Received Import Request.
  Time since last request: 0.000015 seconds.
  path: Assets/npc_casual_set_00/Textures/npc_csl_pants_00m_01_02_c.tif
  artifactKey: Guid(e3dc5f6bfe627724bb3d32c531376f21) Importer(815301076,1909f56bfc062723c751e8b465ee728b)
Start importing Assets/npc_casual_set_00/Textures/npc_csl_pants_00m_01_02_c.tif using Guid(e3dc5f6bfe627724bb3d32c531376f21) Importer(815301076,1909f56bfc062723c751e8b465ee728b) (PreviewImporter) -> (artifact id: 'c132199468648846f7c6214acb5c20fb') in 0.0203847 seconds
Number of updated asset objects reloaded before import = 0Number of asset objects unloaded after import = 2

========================================================================
Received Import Request.
  Time since last request: 0.000018 seconds.
  path: Assets/npc_casual_set_00/Textures/npc_hair_01_c.tif
  artifactKey: Guid(59da40feef9b13d4d90965ef03c97589) Importer(815301076,1909f56bfc062723c751e8b465ee728b)
Start importing Assets/npc_casual_set_00/Textures/npc_hair_01_c.tif using Guid(59da40feef9b13d4d90965ef03c97589) Importer(815301076,1909f56bfc062723c751e8b465ee728b) (PreviewImporter) -> (artifact id: 'fd706c76cb3f4c0a9fc5bf3c660ec6c6') in 0.0197237 seconds
Number of updated asset objects reloaded before import = 0Number of asset objects unloaded after import = 2

========================================================================
Received Import Request.
  Time since last request: 0.000037 seconds.
  path: Assets/npc_casual_set_00/Textures/npc_csl_shirtopenrolled_00m_01_01bw_c.tif
  artifactKey: Guid(3f0fb1b79555d05488a6db32a3836923) Importer(815301076,1909f56bfc062723c751e8b465ee728b)
Start importing Assets/npc_casual_set_00/Textures/npc_csl_shirtopenrolled_00m_01_01bw_c.tif using Guid(3f0fb1b79555d05488a6db32a3836923) Importer(815301076,1909f56bfc062723c751e8b465ee728b) (PreviewImporter) -> (artifact id: '0a59db7b2766aaae881b327376f9eedd') in 0.0190547 seconds
Number of updated asset objects reloaded before import = 0Number of asset objects unloaded after import = 2

========================================================================
Received Import Request.
  Time since last request: 0.000024 seconds.
  path: Assets/npc_casual_set_00/Textures/npc_csl_shirtopenrolled_00f_01_01_c.tif
  artifactKey: Guid(fbfee932441d63d4ca54ba9224c7e041) Importer(815301076,1909f56bfc062723c751e8b465ee728b)
Start importing Assets/npc_casual_set_00/Textures/npc_csl_shirtopenrolled_00f_01_01_c.tif using Guid(fbfee932441d63d4ca54ba9224c7e041) Importer(815301076,1909f56bfc062723c751e8b465ee728b) (PreviewImporter) -> (artifact id: '99e1e6e186b8fefa3c3ea21cbcddb715') in 0.0199041 seconds
Number of updated asset objects reloaded before import = 0Number of asset objects unloaded after import = 2

========================================================================
Received Import Request.
  Time since last request: 0.000019 seconds.
  path: Assets/npc_casual_set_00/Textures/npc_csl_pants_00f_01_03_c.tif
  artifactKey: Guid(5d1fba2c4a768064cb75f66eea06f5eb) Importer(815301076,1909f56bfc062723c751e8b465ee728b)
Start importing Assets/npc_casual_set_00/Textures/npc_csl_pants_00f_01_03_c.tif using Guid(5d1fba2c4a768064cb75f66eea06f5eb) Importer(815301076,1909f56bfc062723c751e8b465ee728b) (PreviewImporter) -> (artifact id: '5aa0563f5b5a8e979ce81594c84feb80') in 0.0183804 seconds
Number of updated asset objects reloaded before import = 0Number of asset objects unloaded after import = 2

========================================================================
Received Import Request.
  Time since last request: 0.000013 seconds.
  path: Assets/npc_casual_set_00/Textures/npc_csl_shoe_01_00_01_m.tif
  artifactKey: Guid(c9254687ac7335e46a88463817e833f4) Importer(815301076,1909f56bfc062723c751e8b465ee728b)
Start importing Assets/npc_casual_set_00/Textures/npc_csl_shoe_01_00_01_m.tif using Guid(c9254687ac7335e46a88463817e833f4) Importer(815301076,1909f56bfc062723c751e8b465ee728b) (PreviewImporter) -> (artifact id: 'd5abc577208be80941415edb44f3f7f8') in 0.0051157 seconds
Number of updated asset objects reloaded before import = 0Number of asset objects unloaded after import = 2

========================================================================
Received Import Request.
  Time since last request: 0.000014 seconds.
  path: Assets/npc_casual_set_00/Textures/npc_csl_tshirt_00m_01_02_c.tif
  artifactKey: Guid(5eb6ee567c77db448b875502d6075c64) Importer(815301076,1909f56bfc062723c751e8b465ee728b)
Start importing Assets/npc_casual_set_00/Textures/npc_csl_tshirt_00m_01_02_c.tif using Guid(5eb6ee567c77db448b875502d6075c64) Importer(815301076,1909f56bfc062723c751e8b465ee728b) (PreviewImporter) -> (artifact id: 'ed562a5088b0608732573b55a7e65a40') in 0.0215546 seconds
Number of updated asset objects reloaded before import = 0Number of asset objects unloaded after import = 2

========================================================================
Received Import Request.
  Time since last request: 0.000024 seconds.
  path: Assets/npc_casual_set_00/Textures/npc_csl_pants_00f_01_02_c.tif
  artifactKey: Guid(131dd926ddf4bf24dab3969f1e0563e7) Importer(815301076,1909f56bfc062723c751e8b465ee728b)
Start importing Assets/npc_casual_set_00/Textures/npc_csl_pants_00f_01_02_c.tif using Guid(131dd926ddf4bf24dab3969f1e0563e7) Importer(815301076,1909f56bfc062723c751e8b465ee728b) (PreviewImporter) -> (artifact id: '2957b6f0ffb883385b79ad603a6c4d44') in 0.0204264 seconds
Number of updated asset objects reloaded before import = 0Number of asset objects unloaded after import = 2

========================================================================
Received Import Request.
  Time since last request: 0.000034 seconds.
  path: Assets/npc_casual_set_00/Textures/npc_csl_shoe_01_00_02_c.tif
  artifactKey: Guid(517bfbbd9b6f6604db23221f81a5670e) Importer(815301076,1909f56bfc062723c751e8b465ee728b)
Start importing Assets/npc_casual_set_00/Textures/npc_csl_shoe_01_00_02_c.tif using Guid(517bfbbd9b6f6604db23221f81a5670e) Importer(815301076,1909f56bfc062723c751e8b465ee728b) (PreviewImporter) -> (artifact id: '9ae1d4c743b1061f680608b1d5a5d076') in 0.0169281 seconds
Number of updated asset objects reloaded before import = 0Number of asset objects unloaded after import = 2

========================================================================
Received Import Request.
  Time since last request: 0.000014 seconds.
  path: Assets/npc_casual_set_00/Textures/npc_csl_shirtopenrolled_00f_01_02_c.tif
  artifactKey: Guid(aa4fc7a85c675fb48a20039c91ac4a99) Importer(815301076,1909f56bfc062723c751e8b465ee728b)
Start importing Assets/npc_casual_set_00/Textures/npc_csl_shirtopenrolled_00f_01_02_c.tif using Guid(aa4fc7a85c675fb48a20039c91ac4a99) Importer(815301076,1909f56bfc062723c751e8b465ee728b) (PreviewImporter) -> (artifact id: '65f9b5ecf4551cd57944f81b7d569e5d') in 0.021199 seconds
Number of updated asset objects reloaded before import = 0Number of asset objects unloaded after import = 2

========================================================================
Received Import Request.
  Time since last request: 0.000013 seconds.
  path: Assets/npc_casual_set_00/Textures/npc_csl_tshirt_00f_01_01_m.tif
  artifactKey: Guid(257579c1827e5254eb6a405d5dc2dddf) Importer(815301076,1909f56bfc062723c751e8b465ee728b)
Start importing Assets/npc_casual_set_00/Textures/npc_csl_tshirt_00f_01_01_m.tif using Guid(257579c1827e5254eb6a405d5dc2dddf) Importer(815301076,1909f56bfc062723c751e8b465ee728b) (PreviewImporter) -> (artifact id: '4d4cb7c7746fbfcaeef92c4089a78e56') in 0.0062172 seconds
Number of updated asset objects reloaded before import = 0Number of asset objects unloaded after import = 2

========================================================================
Received Import Request.
  Time since last request: 0.000016 seconds.
  path: Assets/npc_casual_set_00/Textures/npc_hair_01_d.tif
  artifactKey: Guid(19a35c6c51120bb4ba2705479096ae22) Importer(815301076,1909f56bfc062723c751e8b465ee728b)
Start importing Assets/npc_casual_set_00/Textures/npc_hair_01_d.tif using Guid(19a35c6c51120bb4ba2705479096ae22) Importer(815301076,1909f56bfc062723c751e8b465ee728b) (PreviewImporter) -> (artifact id: 'de178c1704f7ae2ad4f93fea71d9490c') in 0.0193774 seconds
Number of updated asset objects reloaded before import = 0Number of asset objects unloaded after import = 2

========================================================================
Received Import Request.
  Time since last request: 0.000020 seconds.
  path: Assets/npc_casual_set_00/Textures/npc_csl_tshirt_00m_01_01bw_c.tif
  artifactKey: Guid(a53bd095d854b014c85ff9d6b7bccac0) Importer(815301076,1909f56bfc062723c751e8b465ee728b)
Start importing Assets/npc_casual_set_00/Textures/npc_csl_tshirt_00m_01_01bw_c.tif using Guid(a53bd095d854b014c85ff9d6b7bccac0) Importer(815301076,1909f56bfc062723c751e8b465ee728b) (PreviewImporter) -> (artifact id: '3283c520cabb26bedcd584eb968e782b') in 0.0168761 seconds
Number of updated asset objects reloaded before import = 0Number of asset objects unloaded after import = 2

========================================================================
Received Import Request.
  Time since last request: 0.000038 seconds.
  path: Assets/npc_casual_set_00/Textures/npc_csl_shirtopenrolled_00m_01_02bw_c.tif
  artifactKey: Guid(cfa81419c7f866f4f92b423d783be527) Importer(815301076,1909f56bfc062723c751e8b465ee728b)
Start importing Assets/npc_casual_set_00/Textures/npc_csl_shirtopenrolled_00m_01_02bw_c.tif using Guid(cfa81419c7f866f4f92b423d783be527) Importer(815301076,1909f56bfc062723c751e8b465ee728b) (PreviewImporter) -> (artifact id: '06f4b58c6c3d00abfee5abeaadc67b6c') in 0.0153594 seconds
Number of updated asset objects reloaded before import = 0Number of asset objects unloaded after import = 2

========================================================================
Received Import Request.
  Time since last request: 0.000023 seconds.
  path: Assets/npc_casual_set_00/Textures/npc_hair_01_n.tif
  artifactKey: Guid(8588daa8d3c8f3c40ad1c7c1b34b78d9) Importer(815301076,1909f56bfc062723c751e8b465ee728b)
Start importing Assets/npc_casual_set_00/Textures/npc_hair_01_n.tif using Guid(8588daa8d3c8f3c40ad1c7c1b34b78d9) Importer(815301076,1909f56bfc062723c751e8b465ee728b) (PreviewImporter) -> (artifact id: 'd0bc2f782ec292ff8258fe6a3ca07e3d') in 0.0180695 seconds
Number of updated asset objects reloaded before import = 0Number of asset objects unloaded after import = 2

========================================================================
Received Import Request.
  Time since last request: 0.000019 seconds.
  path: Assets/npc_casual_set_00/Textures/npc_csl_tshirt_00f_01_01_c.tif
  artifactKey: Guid(83d9d4b704ed521488a8170471f5afa4) Importer(815301076,1909f56bfc062723c751e8b465ee728b)
Start importing Assets/npc_casual_set_00/Textures/npc_csl_tshirt_00f_01_01_c.tif using Guid(83d9d4b704ed521488a8170471f5afa4) Importer(815301076,1909f56bfc062723c751e8b465ee728b) (PreviewImporter) -> (artifact id: '66029e9ceb305fcc667cfc22edfe2a9b') in 0.0200032 seconds
Number of updated asset objects reloaded before import = 0Number of asset objects unloaded after import = 2

========================================================================
Received Import Request.
  Time since last request: 0.000018 seconds.
  path: Assets/npc_casual_set_00/Textures/npc_csl_tshirt_00f_01_02bw.tif
  artifactKey: Guid(620a7179ed5ad8f4a8fe3e14cad67267) Importer(815301076,1909f56bfc062723c751e8b465ee728b)
Start importing Assets/npc_casual_set_00/Textures/npc_csl_tshirt_00f_01_02bw.tif using Guid(620a7179ed5ad8f4a8fe3e14cad67267) Importer(815301076,1909f56bfc062723c751e8b465ee728b) (PreviewImporter) -> (artifact id: 'db51b688d9568c063fdb6a480952c450') in 0.0150559 seconds
Number of updated asset objects reloaded before import = 0Number of asset objects unloaded after import = 2

========================================================================
Received Import Request.
  Time since last request: 0.000020 seconds.
  path: Assets/npc_casual_set_00/Textures/npc_csl_tshirt_00f_01_03_c.tif
  artifactKey: Guid(8304fa832d23f394fb685954702a5a07) Importer(815301076,1909f56bfc062723c751e8b465ee728b)
Start importing Assets/npc_casual_set_00/Textures/npc_csl_tshirt_00f_01_03_c.tif using Guid(8304fa832d23f394fb685954702a5a07) Importer(815301076,1909f56bfc062723c751e8b465ee728b) (PreviewImporter) -> (artifact id: '7cabac73638ec7349fe399b797dbd956') in 0.0169454 seconds
Number of updated asset objects reloaded before import = 0Number of asset objects unloaded after import = 2

========================================================================
Received Import Request.
  Time since last request: 0.000016 seconds.
  path: Assets/npc_casual_set_00/Textures/npc_csl_tshirt_00m_01_02bw_c.tif
  artifactKey: Guid(d4e01967ad2c2cf4680f2a8c764693fe) Importer(815301076,1909f56bfc062723c751e8b465ee728b)
Start importing Assets/npc_casual_set_00/Textures/npc_csl_tshirt_00m_01_02bw_c.tif using Guid(d4e01967ad2c2cf4680f2a8c764693fe) Importer(815301076,1909f56bfc062723c751e8b465ee728b) (PreviewImporter) -> (artifact id: 'ffc8af441e9334cc2c72828b9723f1b8') in 0.0180695 seconds
Number of updated asset objects reloaded before import = 0Number of asset objects unloaded after import = 2

========================================================================
Received Import Request.
  Time since last request: 0.719573 seconds.
  path: Assets/npc_casual_set_00/Prefabs/npc_csl_00_character_01f_01.prefab
  artifactKey: Guid(b737903a0cefa1e4aa4c22e91c6ec5dd) Importer(815301076,1909f56bfc062723c751e8b465ee728b)
Start importing Assets/npc_casual_set_00/Prefabs/npc_csl_00_character_01f_01.prefab using Guid(b737903a0cefa1e4aa4c22e91c6ec5dd) Importer(815301076,1909f56bfc062723c751e8b465ee728b) (PreviewImporter) -> (artifact id: '99f04a419fadd47032fdf25595d1e78d') in 0.4535417 seconds
Number of updated asset objects reloaded before import = 0Number of asset objects unloaded after import = 847

========================================================================
Received Import Request.
  Time since last request: 0.000036 seconds.
  path: Assets/npc_casual_set_00/Prefabs/npc_haircut_c_03.prefab
  artifactKey: Guid(3584de8c08e4ca54aa287b14bcb0cb5f) Importer(815301076,1909f56bfc062723c751e8b465ee728b)
Start importing Assets/npc_casual_set_00/Prefabs/npc_haircut_c_03.prefab using Guid(3584de8c08e4ca54aa287b14bcb0cb5f) Importer(815301076,1909f56bfc062723c751e8b465ee728b) (PreviewImporter) -> (artifact id: 'c94f7b6af1d74fd4b95a033fa4f604ad') in 0.0250524 seconds
Number of updated asset objects reloaded before import = 0Number of asset objects unloaded after import = 281

========================================================================
Received Import Request.
  Time since last request: 0.000034 seconds.
  path: Assets/npc_casual_set_00/Prefabs/npc_csl_pants_00m_01_01bw.prefab
  artifactKey: Guid(1f7b122d7ecc9ee4bb56b44e741910fb) Importer(815301076,1909f56bfc062723c751e8b465ee728b)
Start importing Assets/npc_casual_set_00/Prefabs/npc_csl_pants_00m_01_01bw.prefab using Guid(1f7b122d7ecc9ee4bb56b44e741910fb) Importer(815301076,1909f56bfc062723c751e8b465ee728b) (PreviewImporter) -> (artifact id: 'f2d361a211eccc1c2688fc98eb3ad8e1') in 0.0225949 seconds
Number of updated asset objects reloaded before import = 0Number of asset objects unloaded after import = 289

========================================================================
Received Import Request.
  Time since last request: 0.000021 seconds.
  path: Assets/npc_casual_set_00/Prefabs/npc_csl_tshirt_00f_01_02.prefab
  artifactKey: Guid(d2c9903ec60b8e74ebc86afee1e815d0) Importer(815301076,1909f56bfc062723c751e8b465ee728b)
Start importing Assets/npc_casual_set_00/Prefabs/npc_csl_tshirt_00f_01_02.prefab using Guid(d2c9903ec60b8e74ebc86afee1e815d0) Importer(815301076,1909f56bfc062723c751e8b465ee728b) (PreviewImporter) -> (artifact id: '70bc4e0ab77aef60a73a7a9ff6e9ba4c') in 0.0248699 seconds
Number of updated asset objects reloaded before import = 0Number of asset objects unloaded after import = 291

========================================================================
Received Import Request.
  Time since last request: 0.000022 seconds.
  path: Assets/npc_casual_set_00/Prefabs/npc_csl_pants_00m_01_01.prefab
  artifactKey: Guid(4cc6d2e44d2da42408fa9c2e6190abfd) Importer(815301076,1909f56bfc062723c751e8b465ee728b)
Start importing Assets/npc_casual_set_00/Prefabs/npc_csl_pants_00m_01_01.prefab using Guid(4cc6d2e44d2da42408fa9c2e6190abfd) Importer(815301076,1909f56bfc062723c751e8b465ee728b) (PreviewImporter) -> (artifact id: 'ff72baf7d6756f337eafb6770506f209') in 0.0252768 seconds
Number of updated asset objects reloaded before import = 0Number of asset objects unloaded after import = 291

========================================================================
Received Import Request.
  Time since last request: 0.000027 seconds.
  path: Assets/npc_casual_set_00/Prefabs/npc_csl_tshirt_00m_01_03.prefab
  artifactKey: Guid(2e0cd28df1f2cce4e8143adea2c9de91) Importer(815301076,1909f56bfc062723c751e8b465ee728b)
Start importing Assets/npc_casual_set_00/Prefabs/npc_csl_tshirt_00m_01_03.prefab using Guid(2e0cd28df1f2cce4e8143adea2c9de91) Importer(815301076,1909f56bfc062723c751e8b465ee728b) (PreviewImporter) -> (artifact id: 'b4549aa8ddd3c90c05ef590311a7ad14') in 0.0286863 seconds
Number of updated asset objects reloaded before import = 0Number of asset objects unloaded after import = 291

========================================================================
Received Import Request.
  Time since last request: 0.000030 seconds.
  path: Assets/npc_casual_set_00/Prefabs/npc_csl_00_character_01m_01.prefab
  artifactKey: Guid(2a706093cdcc8d24f8b31d830f678399) Importer(815301076,1909f56bfc062723c751e8b465ee728b)
Start importing Assets/npc_casual_set_00/Prefabs/npc_csl_00_character_01m_01.prefab using Guid(2a706093cdcc8d24f8b31d830f678399) Importer(815301076,1909f56bfc062723c751e8b465ee728b) (PreviewImporter) -> (artifact id: '50e70836bd699cd02b4968fb8fb4b391') in 0.0574981 seconds
Number of updated asset objects reloaded before import = 0Number of asset objects unloaded after import = 453

========================================================================
Received Import Request.
  Time since last request: 0.000051 seconds.
  path: Assets/npc_casual_set_00/Prefabs/npc_csl_pants_00f_01_02.prefab
  artifactKey: Guid(28dbbfab185b9f74fa31995ee3e5479b) Importer(815301076,1909f56bfc062723c751e8b465ee728b)
Start importing Assets/npc_casual_set_00/Prefabs/npc_csl_pants_00f_01_02.prefab using Guid(28dbbfab185b9f74fa31995ee3e5479b) Importer(815301076,1909f56bfc062723c751e8b465ee728b) (PreviewImporter) -> (artifact id: '287ae9139473f9f1d9210d432dd56cb8') in 0.0327115 seconds
Number of updated asset objects reloaded before import = 0Number of asset objects unloaded after import = 291

========================================================================
Received Import Request.
  Time since last request: 0.000044 seconds.
  path: Assets/npc_casual_set_00/Prefabs/npc_csl_shirtopenrolled_00f_01_01.prefab
  artifactKey: Guid(bac8c06b1f23fda4595edd1a23c1fc65) Importer(815301076,1909f56bfc062723c751e8b465ee728b)
Start importing Assets/npc_casual_set_00/Prefabs/npc_csl_shirtopenrolled_00f_01_01.prefab using Guid(bac8c06b1f23fda4595edd1a23c1fc65) Importer(815301076,1909f56bfc062723c751e8b465ee728b) (PreviewImporter) -> (artifact id: '56afa329167e6a1b07dd70f9f6271ab6') in 0.0382787 seconds
Number of updated asset objects reloaded before import = 0Number of asset objects unloaded after import = 291

========================================================================
Received Import Request.
  Time since last request: 0.000032 seconds.
  path: Assets/npc_casual_set_00/Prefabs/npc_csl_00_character_01m_02.prefab
  artifactKey: Guid(b97a930929a95154b85d0742ab015eb9) Importer(815301076,1909f56bfc062723c751e8b465ee728b)
Start importing Assets/npc_casual_set_00/Prefabs/npc_csl_00_character_01m_02.prefab using Guid(b97a930929a95154b85d0742ab015eb9) Importer(815301076,1909f56bfc062723c751e8b465ee728b) (PreviewImporter) -> (artifact id: 'be4cfe02e90b5aa4d3d5215beba7682c') in 0.0680689 seconds
Number of updated asset objects reloaded before import = 0Number of asset objects unloaded after import = 589

========================================================================
Received Import Request.
  Time since last request: 0.000039 seconds.
  path: Assets/npc_casual_set_00/Prefabs/npc_csl_shirtopenrolled_00m_01_02bw.prefab
  artifactKey: Guid(1e08b55909493934282316169118115f) Importer(815301076,1909f56bfc062723c751e8b465ee728b)
Start importing Assets/npc_casual_set_00/Prefabs/npc_csl_shirtopenrolled_00m_01_02bw.prefab using Guid(1e08b55909493934282316169118115f) Importer(815301076,1909f56bfc062723c751e8b465ee728b) (PreviewImporter) -> (artifact id: 'f32c022383bef77bffcbc2210396d364') in 0.0284318 seconds
Number of updated asset objects reloaded before import = 0Number of asset objects unloaded after import = 291

========================================================================
Received Import Request.
  Time since last request: 0.000063 seconds.
  path: Assets/npc_casual_set_00/Mesh/npc_csl_tshirt_00f.fbx
  artifactKey: Guid(ab356a3ff7271e645b168f028442b1a2) Importer(815301076,1909f56bfc062723c751e8b465ee728b)
Start importing Assets/npc_casual_set_00/Mesh/npc_csl_tshirt_00f.fbx using Guid(ab356a3ff7271e645b168f028442b1a2) Importer(815301076,1909f56bfc062723c751e8b465ee728b) (PreviewImporter) -> (artifact id: 'ee495c77a306b13b2e983fe253ae3163') in 0.1008619 seconds
Number of updated asset objects reloaded before import = 0Number of asset objects unloaded after import = 149

========================================================================
Received Import Request.
  Time since last request: 0.000040 seconds.
  path: Assets/npc_casual_set_00/Mesh/npc_hairfacial_b_01.fbx
  artifactKey: Guid(8de24695ed5d02f4ba76beecdbae77e7) Importer(815301076,1909f56bfc062723c751e8b465ee728b)
Start importing Assets/npc_casual_set_00/Mesh/npc_hairfacial_b_01.fbx using Guid(8de24695ed5d02f4ba76beecdbae77e7) Importer(815301076,1909f56bfc062723c751e8b465ee728b) (PreviewImporter) -> (artifact id: 'db599e9d9b655a581e354df4bc08f57f') in 0.0856419 seconds
Number of updated asset objects reloaded before import = 0Number of asset objects unloaded after import = 145

========================================================================
Received Import Request.
  Time since last request: 0.000025 seconds.
  path: Assets/npc_casual_set_00/Prefabs/npc_csl_shirtopenrolled_00f_01_01bw.prefab
  artifactKey: Guid(8489658acca8ce44a8690a1a594c897f) Importer(815301076,1909f56bfc062723c751e8b465ee728b)
Start importing Assets/npc_casual_set_00/Prefabs/npc_csl_shirtopenrolled_00f_01_01bw.prefab using Guid(8489658acca8ce44a8690a1a594c897f) Importer(815301076,1909f56bfc062723c751e8b465ee728b) (PreviewImporter) -> (artifact id: '982a0d276ef2943fcd32141210f1178c') in 0.031891 seconds
Number of updated asset objects reloaded before import = 0Number of asset objects unloaded after import = 289

========================================================================
Received Import Request.
  Time since last request: 0.000032 seconds.
  path: Assets/npc_casual_set_00/Prefabs/npc_csl_shirtopenrolled_00f_01_02bw.prefab
  artifactKey: Guid(23fc47e136f55974c91d842f7c5449f1) Importer(815301076,1909f56bfc062723c751e8b465ee728b)
Start importing Assets/npc_casual_set_00/Prefabs/npc_csl_shirtopenrolled_00f_01_02bw.prefab using Guid(23fc47e136f55974c91d842f7c5449f1) Importer(815301076,1909f56bfc062723c751e8b465ee728b) (PreviewImporter) -> (artifact id: '1d7bcb4752e3f7ad07ee2b2edfacd41e') in 0.0630863 seconds
Number of updated asset objects reloaded before import = 0Number of asset objects unloaded after import = 291

========================================================================
Received Import Request.
  Time since last request: 0.000039 seconds.
  path: Assets/npc_casual_set_00/Prefabs/npc_hairfacial_a_01.prefab
  artifactKey: Guid(23bad8317dd1d6e4c9736a9325ae075d) Importer(815301076,1909f56bfc062723c751e8b465ee728b)
Start importing Assets/npc_casual_set_00/Prefabs/npc_hairfacial_a_01.prefab using Guid(23bad8317dd1d6e4c9736a9325ae075d) Importer(815301076,1909f56bfc062723c751e8b465ee728b) (PreviewImporter) -> (artifact id: '8099204fc5aec8754b682cf069afbaf9') in 0.0396673 seconds
Number of updated asset objects reloaded before import = 0Number of asset objects unloaded after import = 281

========================================================================
Received Import Request.
  Time since last request: 0.000036 seconds.
  path: Assets/npc_casual_set_00/Prefabs/npc_haircut_e_01.prefab
  artifactKey: Guid(245e71a87f818a24a8161ef895243639) Importer(815301076,1909f56bfc062723c751e8b465ee728b)
Start importing Assets/npc_casual_set_00/Prefabs/npc_haircut_e_01.prefab using Guid(245e71a87f818a24a8161ef895243639) Importer(815301076,1909f56bfc062723c751e8b465ee728b) (PreviewImporter) -> (artifact id: 'a1b4483e1f4b8310f5a55b96abe64f9b') in 0.0381317 seconds
Number of updated asset objects reloaded before import = 0Number of asset objects unloaded after import = 281

========================================================================
Received Import Request.
  Time since last request: 0.000056 seconds.
  path: Assets/npc_casual_set_00/Prefabs/npc_hairfacial_b_01.prefab
  artifactKey: Guid(06318a5febaf3344db3b500429920304) Importer(815301076,1909f56bfc062723c751e8b465ee728b)
Start importing Assets/npc_casual_set_00/Prefabs/npc_hairfacial_b_01.prefab using Guid(06318a5febaf3344db3b500429920304) Importer(815301076,1909f56bfc062723c751e8b465ee728b) (PreviewImporter) -> (artifact id: 'ea898c297f271e95b809c6b670849cbb') in 0.0300818 seconds
Number of updated asset objects reloaded before import = 0Number of asset objects unloaded after import = 281

========================================================================
Received Import Request.
  Time since last request: 0.000041 seconds.
  path: Assets/npc_casual_set_00/Prefabs/npc_haircut_a_01.prefab
  artifactKey: Guid(d958e6f748feca749ac7ce0e3139a35f) Importer(815301076,1909f56bfc062723c751e8b465ee728b)
Start importing Assets/npc_casual_set_00/Prefabs/npc_haircut_a_01.prefab using Guid(d958e6f748feca749ac7ce0e3139a35f) Importer(815301076,1909f56bfc062723c751e8b465ee728b) (PreviewImporter) -> (artifact id: '47cdfbdfd9bc7ee58e1983af1f50da1c') in 0.0321028 seconds
Number of updated asset objects reloaded before import = 0Number of asset objects unloaded after import = 281

========================================================================
Received Import Request.
  Time since last request: 0.000045 seconds.
  path: Assets/npc_casual_set_00/Prefabs/npc_csl_tshirt_00m_01_01.prefab
  artifactKey: Guid(5bca7d7601e1251419695905700c2354) Importer(815301076,1909f56bfc062723c751e8b465ee728b)
Start importing Assets/npc_casual_set_00/Prefabs/npc_csl_tshirt_00m_01_01.prefab using Guid(5bca7d7601e1251419695905700c2354) Importer(815301076,1909f56bfc062723c751e8b465ee728b) (PreviewImporter) -> (artifact id: 'd4b4aaad72cde992e1bc399584bc271f') in 0.0446933 seconds
Number of updated asset objects reloaded before import = 0Number of asset objects unloaded after import = 291

========================================================================
Received Import Request.
  Time since last request: 0.000039 seconds.
  path: Assets/npc_casual_set_00/Prefabs/npc_haircut_a_03.prefab
  artifactKey: Guid(0a94e85d498635540b4ea2f0eb23f5ac) Importer(815301076,1909f56bfc062723c751e8b465ee728b)
Start importing Assets/npc_casual_set_00/Prefabs/npc_haircut_a_03.prefab using Guid(0a94e85d498635540b4ea2f0eb23f5ac) Importer(815301076,1909f56bfc062723c751e8b465ee728b) (PreviewImporter) -> (artifact id: 'e435ac703309dcb0adf39e2c760e3414') in 0.0262312 seconds
Number of updated asset objects reloaded before import = 0Number of asset objects unloaded after import = 281

========================================================================
Received Import Request.
  Time since last request: 0.000025 seconds.
  path: Assets/npc_casual_set_00/Prefabs/npc_csl_00_character_02f_01.prefab
  artifactKey: Guid(705225bb2a214a448b1dd2aefedb1af6) Importer(815301076,1909f56bfc062723c751e8b465ee728b)
Start importing Assets/npc_casual_set_00/Prefabs/npc_csl_00_character_02f_01.prefab using Guid(705225bb2a214a448b1dd2aefedb1af6) Importer(815301076,1909f56bfc062723c751e8b465ee728b) (PreviewImporter) -> (artifact id: '0743460efb3c5a45bb9219f466fc8813') in 0.0864823 seconds
Number of updated asset objects reloaded before import = 0Number of asset objects unloaded after import = 920

========================================================================
Received Import Request.
  Time since last request: 0.000041 seconds.
  path: Assets/npc_casual_set_00/Prefabs/npc_csl_shirtopenrolled_00m_01_01.prefab
  artifactKey: Guid(4d83d21d452979c42baac08b97ffb377) Importer(815301076,1909f56bfc062723c751e8b465ee728b)
Start importing Assets/npc_casual_set_00/Prefabs/npc_csl_shirtopenrolled_00m_01_01.prefab using Guid(4d83d21d452979c42baac08b97ffb377) Importer(815301076,1909f56bfc062723c751e8b465ee728b) (PreviewImporter) -> (artifact id: 'ed23f9f76b9b62ab2dc9e8aad18b4a45') in 0.0235613 seconds
Number of updated asset objects reloaded before import = 0Number of asset objects unloaded after import = 291

========================================================================
Received Import Request.
  Time since last request: 0.000040 seconds.
  path: Assets/npc_casual_set_00/Prefabs/npc_csl_shirtopenrolled_00m_01_01bw.prefab
  artifactKey: Guid(2e0d3b3db39bc2048a63b5b801f76c3a) Importer(815301076,1909f56bfc062723c751e8b465ee728b)
Start importing Assets/npc_casual_set_00/Prefabs/npc_csl_shirtopenrolled_00m_01_01bw.prefab using Guid(2e0d3b3db39bc2048a63b5b801f76c3a) Importer(815301076,1909f56bfc062723c751e8b465ee728b) (PreviewImporter) -> (artifact id: '3b59717bdbcd71a9ea79dbea2c3c43b3') in 0.0316213 seconds
Number of updated asset objects reloaded before import = 0Number of asset objects unloaded after import = 289

========================================================================
Received Import Request.
  Time since last request: 0.000021 seconds.
  path: Assets/npc_casual_set_00/Prefabs/npc_csl_pants_00m_01_03.prefab
  artifactKey: Guid(9e854dc6a3c877c47b5b64fd510bb0cd) Importer(815301076,1909f56bfc062723c751e8b465ee728b)
Start importing Assets/npc_casual_set_00/Prefabs/npc_csl_pants_00m_01_03.prefab using Guid(9e854dc6a3c877c47b5b64fd510bb0cd) Importer(815301076,1909f56bfc062723c751e8b465ee728b) (PreviewImporter) -> (artifact id: 'c238e047cc2356aeb17d45e8752d96b9') in 0.027188 seconds
Number of updated asset objects reloaded before import = 0Number of asset objects unloaded after import = 291

========================================================================
Received Import Request.
  Time since last request: 0.000030 seconds.
  path: Assets/npc_casual_set_00/Prefabs/npc_csl_tshirt_00f_01_01bw.prefab
  artifactKey: Guid(72b96680f3cae874a83d30361513ee0b) Importer(815301076,1909f56bfc062723c751e8b465ee728b)
Start importing Assets/npc_casual_set_00/Prefabs/npc_csl_tshirt_00f_01_01bw.prefab using Guid(72b96680f3cae874a83d30361513ee0b) Importer(815301076,1909f56bfc062723c751e8b465ee728b) (PreviewImporter) -> (artifact id: '764e66c8d3052d1ca31737de4bdaf233') in 0.0262294 seconds
Number of updated asset objects reloaded before import = 0Number of asset objects unloaded after import = 289

========================================================================
Received Import Request.
  Time since last request: 0.000023 seconds.
  path: Assets/npc_casual_set_00/Prefabs/npc_hairfacial_d_01.prefab
  artifactKey: Guid(3a98cade798658d4293b526ef111521f) Importer(815301076,1909f56bfc062723c751e8b465ee728b)
Start importing Assets/npc_casual_set_00/Prefabs/npc_hairfacial_d_01.prefab using Guid(3a98cade798658d4293b526ef111521f) Importer(815301076,1909f56bfc062723c751e8b465ee728b) (PreviewImporter) -> (artifact id: 'bf3d0c8a85c1b9f0bbed25ef643d94dd') in 0.0220308 seconds
Number of updated asset objects reloaded before import = 0Number of asset objects unloaded after import = 281

========================================================================
Received Import Request.
  Time since last request: 0.000034 seconds.
  path: Assets/npc_casual_set_00/Prefabs/npc_csl_tshirt_00m_01_02.prefab
  artifactKey: Guid(c816555d3af23c94ba857662b4e0f1bf) Importer(815301076,1909f56bfc062723c751e8b465ee728b)
Start importing Assets/npc_casual_set_00/Prefabs/npc_csl_tshirt_00m_01_02.prefab using Guid(c816555d3af23c94ba857662b4e0f1bf) Importer(815301076,1909f56bfc062723c751e8b465ee728b) (PreviewImporter) -> (artifact id: 'a54ef2e341ede6f9d6c1160aa8b70f9e') in 0.0229392 seconds
Number of updated asset objects reloaded before import = 0Number of asset objects unloaded after import = 291

========================================================================
Received Import Request.
  Time since last request: 0.000027 seconds.
  path: Assets/npc_casual_set_00/Prefabs/npc_csl_tshirt_00f_01_02bw.prefab
  artifactKey: Guid(cda4f01c8fa63ff42ad404bed3b849ff) Importer(815301076,1909f56bfc062723c751e8b465ee728b)
Start importing Assets/npc_casual_set_00/Prefabs/npc_csl_tshirt_00f_01_02bw.prefab using Guid(cda4f01c8fa63ff42ad404bed3b849ff) Importer(815301076,1909f56bfc062723c751e8b465ee728b) (PreviewImporter) -> (artifact id: 'd3ffa7f9f75534af513713e70af6ea39') in 0.0264891 seconds
Number of updated asset objects reloaded before import = 0Number of asset objects unloaded after import = 291

========================================================================
Received Import Request.
  Time since last request: 0.000031 seconds.
  path: Assets/npc_casual_set_00/Prefabs/npc_csl_tshirt_00f_01_01.prefab
  artifactKey: Guid(61dfc64d2d9326c44bd5ed01e224b1a3) Importer(815301076,1909f56bfc062723c751e8b465ee728b)
Start importing Assets/npc_casual_set_00/Prefabs/npc_csl_tshirt_00f_01_01.prefab using Guid(61dfc64d2d9326c44bd5ed01e224b1a3) Importer(815301076,1909f56bfc062723c751e8b465ee728b) (PreviewImporter) -> (artifact id: '5f19d8b70d99b903e05588601b21ccc8') in 0.0255971 seconds
Number of updated asset objects reloaded before import = 0Number of asset objects unloaded after import = 291

========================================================================
Received Import Request.
  Time since last request: 0.000030 seconds.
  path: Assets/npc_casual_set_00/Prefabs/npc_csl_pants_00f_01_03.prefab
  artifactKey: Guid(0d3d6ab0b358678448b8f05c3603a69f) Importer(815301076,1909f56bfc062723c751e8b465ee728b)
Start importing Assets/npc_casual_set_00/Prefabs/npc_csl_pants_00f_01_03.prefab using Guid(0d3d6ab0b358678448b8f05c3603a69f) Importer(815301076,1909f56bfc062723c751e8b465ee728b) (PreviewImporter) -> (artifact id: '62de55b4fdaca315a1851c76994d7adc') in 0.0226934 seconds
Number of updated asset objects reloaded before import = 0Number of asset objects unloaded after import = 291

Editor requested this worker to shutdown with reason: Scaling down because of idle timeout
AssetImportWorker is now disconnected from the server
Process exiting
Exiting without the bug reporter. Application will terminate with return code 0