[Licensing::Module] Trying to connect to existing licensing client channel...
[Licensing::IpcConnector] Successfully connected to: "LicenseClient-hp" at "2026-02-24T18:38:09.4462567Z"
Built from '6000.2/staging' branch; Version is '6000.2.10f1 (d3d30d158480) revision 13882125'; Using compiler version '194234433'; Build Type 'Release'
OS: 'Windows 11  (10.0.22621) 64bit CoreCountrySpecific' Language: 'zh' Physical Memory: 16077 MB
BatchMode: 1, IsHumanControllingUs: 0, StartBugReporterOnCrash: 0, Is64bit: 1
Date: 2026-02-24T18:38:09Z

COMMAND LINE ARGUMENTS:
C:\Program Files\Unity\Hub\Editor\6000.2.10f1\Editor\Unity.exe
-adb2
-batchMode
-noUpm
-name
AssetImportWorker5
-projectPath
E:/games/unity/unity stuco
-logFile
Logs/AssetImportWorker5.log
-srvPort
62211
-licensingIpc
LicenseClient-hp
-job-worker-count
9
-background-job-worker-count
8
-gc-helper-count
1
-name
AssetImport
Successfully changed project path to: E:/games/unity/unity stuco
E:/games/unity/unity stuco
[UnityMemory] Configuration Parameters - Can be set up in boot.config
    "memorysetup-allocator-temp-initial-block-size-main=262144"
    "memorysetup-allocator-temp-initial-block-size-worker=262144"
    "memorysetup-bucket-allocator-granularity=16"
    "memorysetup-bucket-allocator-bucket-count=8"
    "memorysetup-bucket-allocator-block-size=33554432"
    "memorysetup-bucket-allocator-block-count=8"
    "memorysetup-main-allocator-block-size=16777216"
    "memorysetup-thread-allocator-block-size=16777216"
    "memorysetup-gfx-main-allocator-block-size=16777216"
    "memorysetup-gfx-thread-allocator-block-size=16777216"
    "memorysetup-cache-allocator-block-size=4194304"
    "memorysetup-typetree-allocator-block-size=2097152"
    "memorysetup-profiler-bucket-allocator-granularity=16"
    "memorysetup-profiler-bucket-allocator-bucket-count=8"
    "memorysetup-profiler-bucket-allocator-block-size=33554432"
    "memorysetup-profiler-bucket-allocator-block-count=8"
    "memorysetup-profiler-allocator-block-size=16777216"
    "memorysetup-profiler-editor-allocator-block-size=1048576"
    "memorysetup-temp-allocator-size-main=16777216"
    "memorysetup-job-temp-allocator-block-size=2097152"
    "memorysetup-job-temp-allocator-block-size-background=1048576"
    "memorysetup-job-temp-allocator-reduction-small-platforms=262144"
    "memorysetup-temp-allocator-size-background-worker=32768"
    "memorysetup-temp-allocator-size-job-worker=262144"
    "memorysetup-temp-allocator-size-preload-manager=33554432"
    "memorysetup-temp-allocator-size-nav-mesh-worker=65536"
    "memorysetup-temp-allocator-size-audio-worker=65536"
    "memorysetup-temp-allocator-size-cloud-worker=32768"
    "memorysetup-temp-allocator-size-gi-baking-worker=262144"
    "memorysetup-temp-allocator-size-gi-baking-worker=262144"
    "memorysetup-temp-allocator-size-gi-baking-worker=262144"
    "memorysetup-temp-allocator-size-gi-baking-worker=262144"
    "memorysetup-temp-allocator-size-gi-baking-worker=262144"
    "memorysetup-temp-allocator-size-gfx=262144"
Player connection [56196]  Target information:

Player connection [56196]  * "[IP] 26.16.34.112 [Port] 0 [Flags] 2 [Guid] 4033921299 [EditorId] 4033921299 [Version] 1048832 [Id] WindowsEditor(7,Sine-laptop) [Debug] 1 [PackageName] WindowsEditor [ProjectName] Editor" 

Player connection [56196]  * "[IP] 169.254.83.107 [Port] 0 [Flags] 2 [Guid] 4033921299 [EditorId] 4033921299 [Version] 1048832 [Id] WindowsEditor(7,Sine-laptop) [Debug] 1 [PackageName] WindowsEditor [ProjectName] Editor" 

Player connection [56196]  * "[IP] 172.26.59.147 [Port] 0 [Flags] 2 [Guid] 4033921299 [EditorId] 4033921299 [Version] 1048832 [Id] WindowsEditor(7,Sine-laptop) [Debug] 1 [PackageName] WindowsEditor [ProjectName] Editor" 

Player connection [56196] Host joined multi-casting on [225.0.0.222:54997]...
Player connection [56196] Host joined alternative multi-casting on [225.0.0.222:34997]...
JobSystem: Creating JobQueue using job-worker-count value 9
Input System module state changed to: Initialized.
[Physics::Module] Initialized fallback backend.
[Physics::Module] Id: 0xdecafbad
[Licensing::Client] Code 10 while verifying Licensing Client signature (process Id: 67024, path: "D:/program files/unity hub/UnityLicensingClient_V1/Unity.Licensing.Client.exe")
[Licensing::Module] LicensingClient has failed validation; ignoring
[Licensing::Client] Handshaking with LicensingClient:
  Version:                 1.17.4+4293ba1
  Session Id:              61135cb2d9e74e9e87a26bdd9df245c9
  Correlation Id:          56af4512f43596d0edaf0366dd657768
  External correlation Id: 7318327763110375453
  Machine Id:              oJYw/SjKF5VKeIElphCQc4K/MVg=
[Licensing::Module] Successfully connected to LicensingClient on channel: "LicenseClient-hp" (connect: 0.00s, validation: 0.00s, handshake: 0.04s)
[Licensing::IpcConnector] Successfully connected to: "LicenseClient-hp-notifications" at "2026-02-24T18:38:09.4832808Z"
[Licensing::Module] Licensing Background thread has ended after 0.04s
Library Redirect Path: Library/
[Physics::Module] Selected backend.
[Physics::Module] Name: PhysX
[Physics::Module] Id: 0xf2b8ea05
[Physics::Module] SDK Version: 4.1.2
[Physics::Module] Integration Version: 1.0.0
[Physics::Module] Threading Mode: Multi-Threaded
Refreshing native plugins compatible for Editor in 344.20 ms, found 3 plugins.
Preloading 0 native plugins for Editor in 0.00 ms.
Initialize engine version: 6000.2.10f1 (d3d30d158480)
[Subsystems] Discovering subsystems at path C:/Program Files/Unity/Hub/Editor/6000.2.10f1/Editor/Data/Resources/UnitySubsystems
[Subsystems] Discovering subsystems at path E:/games/unity/unity stuco/Assets
GfxDevice: creating device client; kGfxThreadingModeNonThreaded
Direct3D:
    Version:  Direct3D 11.0 [level 11.1]
    Renderer: NVIDIA GeForce RTX 4060 Laptop GPU (ID=0x28a0)
    Vendor:   NVIDIA
    VRAM:     7957 MB
    Driver:   32.0.15.6094
Initialize mono
Mono path[0] = 'C:/Program Files/Unity/Hub/Editor/6000.2.10f1/Editor/Data/Managed'
Mono path[1] = 'C:/Program Files/Unity/Hub/Editor/6000.2.10f1/Editor/Data/MonoBleedingEdge/lib/mono/unityjit-win32'
Mono config path = 'C:/Program Files/Unity/Hub/Editor/6000.2.10f1/Editor/Data/MonoBleedingEdge/etc'
Using monoOptions --debugger-agent=transport=dt_socket,embedding=1,server=y,suspend=n,address=127.0.0.1:56708
Begin MonoManager ReloadAssembly
Registering precompiled unity dll's ...
Register platform support module: C:/Program Files/Unity/Hub/Editor/6000.2.10f1/Editor/Data/PlaybackEngines/WebGLSupport/UnityEditor.WebGL.Extensions.dll
Register platform support module: C:/Program Files/Unity/Hub/Editor/6000.2.10f1/Editor/Data/PlaybackEngines/WindowsStandaloneSupport/UnityEditor.WindowsStandalone.Extensions.dll
Registered in 0.001669 seconds.
- Loaded All Assemblies, in  0.320 seconds
Native extension for WindowsStandalone target not found
Native extension for WebGL target not found
Mono: successfully reloaded assembly
- Finished resetting the current domain, in  0.310 seconds
Domain Reload Profiling: 628ms
	BeginReloadAssembly (112ms)
		ExecutionOrderSort (0ms)
		DisableScriptedObjects (0ms)
		BackupInstance (0ms)
		ReleaseScriptingObjects (0ms)
		CreateAndSetChildDomain (1ms)
	RebuildCommonClasses (27ms)
	RebuildNativeTypeToScriptingClass (9ms)
	initialDomainReloadingComplete (36ms)
	LoadAllAssembliesAndSetupDomain (135ms)
		LoadAssemblies (109ms)
		RebuildTransferFunctionScriptingTraits (0ms)
		AnalyzeDomain (132ms)
			TypeCache.Refresh (131ms)
				TypeCache.ScanAssembly (120ms)
			BuildScriptInfoCaches (0ms)
			ResolveRequiredComponents (1ms)
	FinalizeReload (310ms)
		ReleaseScriptCaches (0ms)
		RebuildScriptCaches (0ms)
		SetupLoadedEditorAssemblies (275ms)
			LogAssemblyErrors (0ms)
			InitializePlatformSupportModulesInManaged (53ms)
			SetLoadedEditorAssemblies (3ms)
			BeforeProcessingInitializeOnLoad (55ms)
			ProcessInitializeOnLoadAttributes (119ms)
			ProcessInitializeOnLoadMethodAttributes (44ms)
			AfterProcessingInitializeOnLoad (0ms)
			EditorAssembliesLoaded (0ms)
		ExecutionOrderSort2 (0ms)
		AwakeInstancesAfterBackupRestoration (0ms)
Assembly reference Packages/com.unity.cinemachine/Editor/Samples/ExposeHDRPInternals/HDRP-Editor-ref.asmref has no target assembly definition
========================================================================
Worker process is ready to serve import requests
Import Worker Mode flag is 0x00
Assembly reference Packages/com.unity.cinemachine/Editor/Samples/ExposeHDRPInternals/HDRP-Editor-ref.asmref has no target assembly definition
Assembly reference Packages/com.unity.cinemachine/Editor/Samples/ExposeHDRPInternals/HDRP-Editor-ref.asmref has no target assembly definition
Begin MonoManager ReloadAssembly
[Licensing::Client] Successfully resolved entitlement details
[Licensing::Module] License group:
  Id: 2475887581673-UnityPersXXXX
  Product: Unity Personal
  Type: Assigned
  Expiration: Unlimited
- Loaded All Assemblies, in  0.659 seconds
Assembly reference Packages/com.unity.cinemachine/Editor/Samples/ExposeHDRPInternals/HDRP-Editor-ref.asmref has no target assembly definition
'Packages/com.unity.cinemachine/Editor/Obsolete/CinemachineVirtualCameraBaseEditor.cs' contains partial class of Unity.Object, exactly 1 of the partial classes needs to be in a file with the same filename. This is to know the one that can be referenced from ie. GameObjects
'Packages/com.unity.cinemachine/Editor/Editors/CinemachineVirtualCameraBaseEditor.cs' contains partial class of Unity.Object, exactly 1 of the partial classes needs to be in a file with the same filename. This is to know the one that can be referenced from ie. GameObjects
Refreshing native plugins compatible for Editor in 0.43 ms, found 3 plugins.
Native extension for WindowsStandalone target not found
Native extension for WebGL target not found
Assembly reference Packages/com.unity.cinemachine/Editor/Samples/ExposeHDRPInternals/HDRP-Editor-ref.asmref has no target assembly definition
Package Manager log level set to [2]
[Package Manager] Failed to launch server process. Reason: Unity was launched with the -noUpm command-line argument
[Package Manager] Unable to send message (not connected to server process).
[Package Manager] Cannot connect to Unity Package Manager local server
[Package Manager] Failed to launch server process. Reason: Unity was launched with the -noUpm command-line argument
[Package Manager] Unable to send message (not connected to server process).
[Package Manager] Cannot connect to Unity Package Manager local server
[MODES] ModeService[none].Initialize
[MODES] ModeService[none].LoadModes
[MODES] Loading mode Default (0) for mode-current-id-unity stuco
Mono: successfully reloaded assembly
- Finished resetting the current domain, in  0.731 seconds
Domain Reload Profiling: 1388ms
	BeginReloadAssembly (155ms)
		ExecutionOrderSort (0ms)
		DisableScriptedObjects (5ms)
		BackupInstance (0ms)
		ReleaseScriptingObjects (0ms)
		CreateAndSetChildDomain (26ms)
	RebuildCommonClasses (28ms)
	RebuildNativeTypeToScriptingClass (10ms)
	initialDomainReloadingComplete (31ms)
	LoadAllAssembliesAndSetupDomain (432ms)
		LoadAssemblies (292ms)
		RebuildTransferFunctionScriptingTraits (0ms)
		AnalyzeDomain (226ms)
			TypeCache.Refresh (166ms)
				TypeCache.ScanAssembly (154ms)
			BuildScriptInfoCaches (45ms)
			ResolveRequiredComponents (12ms)
	FinalizeReload (731ms)
		ReleaseScriptCaches (0ms)
		RebuildScriptCaches (0ms)
		SetupLoadedEditorAssemblies (510ms)
			LogAssemblyErrors (0ms)
			InitializePlatformSupportModulesInManaged (2ms)
			SetLoadedEditorAssemblies (4ms)
			BeforeProcessingInitializeOnLoad (94ms)
			ProcessInitializeOnLoadAttributes (332ms)
			ProcessInitializeOnLoadMethodAttributes (75ms)
			AfterProcessingInitializeOnLoad (4ms)
			EditorAssembliesLoaded (0ms)
		ExecutionOrderSort2 (0ms)
		AwakeInstancesAfterBackupRestoration (6ms)
Launched and connected shader compiler UnityShaderCompiler.exe after 0.01 seconds
Refreshing native plugins compatible for Editor in 1.00 ms, found 3 plugins.
Preloading 0 native plugins for Editor in 0.00 ms.
Unloading 27 Unused Serialized files (Serialized files now loaded: 0)
Unloading 7090 unused Assets / (7.7 MB). Loaded Objects now: 7841.
Memory consumption went from 151.9 MB to 144.2 MB.
Total: 10.574800 ms (FindLiveObjects: 0.776500 ms CreateObjectMapping: 0.566700 ms MarkObjects: 5.360100 ms  DeleteObjects: 3.869600 ms)

========================================================================
Received Import Request.
  Time since last request: 333021.771500 seconds.
  path: Assets/models/npc_casual_set_00/Prefabs/npc_csl_pants_00m_01_03.prefab
  artifactKey: Guid(9e854dc6a3c877c47b5b64fd510bb0cd) Importer(2089858483,192608db42251d675da83286b1cce702)
Start importing Assets/models/npc_casual_set_00/Prefabs/npc_csl_pants_00m_01_03.prefab using Guid(9e854dc6a3c877c47b5b64fd510bb0cd) Importer(2089858483,192608db42251d675da83286b1cce702) (ScriptedImporter) -> (artifact id: 'ebee45e4f91be9c2f3b8253f2014ee63') in 0.2815927 seconds
Number of updated asset objects reloaded before import = 0Number of asset objects unloaded after import = 283

========================================================================
Received Import Request.
  Time since last request: 0.000053 seconds.
  path: Assets/models/npc_casual_set_00/Textures/npc_hmn_face_01m_03_01_n.tif
  artifactKey: Guid(a6374b070b760d444b0024cc307d5e1c) Importer(2089858483,192608db42251d675da83286b1cce702)
Start importing Assets/models/npc_casual_set_00/Textures/npc_hmn_face_01m_03_01_n.tif using Guid(a6374b070b760d444b0024cc307d5e1c) Importer(2089858483,192608db42251d675da83286b1cce702) (ScriptedImporter) -> (artifact id: '04155504ac3a7c6e7e31021e56cd8af6') in 0.0635991 seconds
Number of updated asset objects reloaded before import = 0Number of asset objects unloaded after import = 1

========================================================================
Received Import Request.
  Time since last request: 0.000028 seconds.
  path: Assets/models/npc_casual_set_00/Textures/npc_csl_shoe_01_00_01_m.tif
  artifactKey: Guid(c9254687ac7335e46a88463817e833f4) Importer(2089858483,192608db42251d675da83286b1cce702)
Start importing Assets/models/npc_casual_set_00/Textures/npc_csl_shoe_01_00_01_m.tif using Guid(c9254687ac7335e46a88463817e833f4) Importer(2089858483,192608db42251d675da83286b1cce702) (ScriptedImporter) -> (artifact id: 'd990634d9d5cc361c685f9f49582ef22') in 0.0140891 seconds
Number of updated asset objects reloaded before import = 0Number of asset objects unloaded after import = 1

========================================================================
Received Import Request.
  Time since last request: 0.000014 seconds.
  path: Assets/models/npc_casual_set_00/Materials/mtl_npc_csl_tshirt_00f_01_02bw.mat
  artifactKey: Guid(bce03a53d1d4d7f46bbb74133815576a) Importer(2089858483,192608db42251d675da83286b1cce702)
Start importing Assets/models/npc_casual_set_00/Materials/mtl_npc_csl_tshirt_00f_01_02bw.mat using Guid(bce03a53d1d4d7f46bbb74133815576a) Importer(2089858483,192608db42251d675da83286b1cce702) (ScriptedImporter) -> (artifact id: 'a726444c4603d17edbe3958ae2391533') in 0.0525957 seconds
Number of updated asset objects reloaded before import = 0Number of asset objects unloaded after import = 5

========================================================================
Received Import Request.
  Time since last request: 0.000015 seconds.
  path: Assets/models/PolyKebap/LED Light Essentials Pack/Prefabs/ON
  artifactKey: Guid(ba9836f62a635f04482cb64a914998dd) Importer(2089858483,192608db42251d675da83286b1cce702)
Start importing Assets/models/PolyKebap/LED Light Essentials Pack/Prefabs/ON using Guid(ba9836f62a635f04482cb64a914998dd) Importer(2089858483,192608db42251d675da83286b1cce702) (ScriptedImporter) -> (artifact id: '85c9bbe66207cc4cc43048803c837a72') in 0.0160413 seconds
Number of updated asset objects reloaded before import = 0Number of asset objects unloaded after import = 1

========================================================================
Received Import Request.
  Time since last request: 0.000016 seconds.
  path: Assets/models/npc_casual_set_00/Prefabs/npc_csl_00_character_01m_01.prefab
  artifactKey: Guid(2a706093cdcc8d24f8b31d830f678399) Importer(2089858483,192608db42251d675da83286b1cce702)
Start importing Assets/models/npc_casual_set_00/Prefabs/npc_csl_00_character_01m_01.prefab using Guid(2a706093cdcc8d24f8b31d830f678399) Importer(2089858483,192608db42251d675da83286b1cce702) (ScriptedImporter) -> (artifact id: '74178dbd007db8ab6e12a1b18ef442ec') in 0.07633 seconds
Number of updated asset objects reloaded before import = 0Number of asset objects unloaded after import = 423

========================================================================
Received Import Request.
  Time since last request: 0.000021 seconds.
  path: Assets/models/npc_casual_set_00/MaterialsUPR/mtl_npc_csl_tshirt_00f_01_02bw.mat
  artifactKey: Guid(15734ac45b3852c479c22620525bf86d) Importer(2089858483,192608db42251d675da83286b1cce702)
Start importing Assets/models/npc_casual_set_00/MaterialsUPR/mtl_npc_csl_tshirt_00f_01_02bw.mat using Guid(15734ac45b3852c479c22620525bf86d) Importer(2089858483,192608db42251d675da83286b1cce702) (ScriptedImporter) -> (artifact id: 'e8df1df578e3c59b1e92915dd90d98ba') in 0.0199737 seconds
Number of updated asset objects reloaded before import = 0Number of asset objects unloaded after import = 5

========================================================================
Received Import Request.
  Time since last request: 0.000025 seconds.
  path: Assets/models/npc_casual_set_00/Mesh/npc_haircut_c_01.fbx
  artifactKey: Guid(6557d655a9330134a90a21ea4f272d76) Importer(2089858483,192608db42251d675da83286b1cce702)
Start importing Assets/models/npc_casual_set_00/Mesh/npc_haircut_c_01.fbx using Guid(6557d655a9330134a90a21ea4f272d76) Importer(2089858483,192608db42251d675da83286b1cce702) (ScriptedImporter) -> (artifact id: '4c0cafca3f238169cc95b136014881d9') in 0.0396816 seconds
Number of updated asset objects reloaded before import = 0Number of asset objects unloaded after import = 141

========================================================================
Received Import Request.
  Time since last request: 0.000017 seconds.
  path: Assets/models/npc_casual_set_00/Mesh/Mesh_Parts/npc_csl_shirtopenrolled_00f_torso.fbx
  artifactKey: Guid(403c4ff45e5036a43a193437f22f8f35) Importer(2089858483,192608db42251d675da83286b1cce702)
Start importing Assets/models/npc_casual_set_00/Mesh/Mesh_Parts/npc_csl_shirtopenrolled_00f_torso.fbx using Guid(403c4ff45e5036a43a193437f22f8f35) Importer(2089858483,192608db42251d675da83286b1cce702) (ScriptedImporter) -> (artifact id: '68b7d260a7f5e9cd8df9ec2327baa1e0') in 0.0269018 seconds
Number of updated asset objects reloaded before import = 0Number of asset objects unloaded after import = 145

========================================================================
Received Import Request.
  Time since last request: 0.000016 seconds.
  path: Assets/models/npc_casual_set_00/Textures/npc_hmn_body_01f_01_01_o.tif
  artifactKey: Guid(08a46ab82c6f0994b9129b9343c5af04) Importer(2089858483,192608db42251d675da83286b1cce702)
Start importing Assets/models/npc_casual_set_00/Textures/npc_hmn_body_01f_01_01_o.tif using Guid(08a46ab82c6f0994b9129b9343c5af04) Importer(2089858483,192608db42251d675da83286b1cce702) (ScriptedImporter) -> (artifact id: 'bf31f1e0bc8bad8c200924516acdf1ff') in 0.0253327 seconds
Number of updated asset objects reloaded before import = 0Number of asset objects unloaded after import = 1

========================================================================
Received Import Request.
  Time since last request: 0.000017 seconds.
  path: Assets/models/npc_casual_set_00/Textures/npc_csl_pants_00m_01_01bw_c.tif
  artifactKey: Guid(8b684f4895053cf4086ad30ab7ce33c0) Importer(2089858483,192608db42251d675da83286b1cce702)
Start importing Assets/models/npc_casual_set_00/Textures/npc_csl_pants_00m_01_01bw_c.tif using Guid(8b684f4895053cf4086ad30ab7ce33c0) Importer(2089858483,192608db42251d675da83286b1cce702) (ScriptedImporter) -> (artifact id: '5cb7aa0a09af497a96836e59ddbbb98c') in 0.0228007 seconds
Number of updated asset objects reloaded before import = 0Number of asset objects unloaded after import = 1

========================================================================
Received Import Request.
  Time since last request: 0.000017 seconds.
  path: Assets/models/npc_casual_set_00/Prefabs/npc_csl_tshirt_00m_01_02bw.prefab
  artifactKey: Guid(3d1b8038c5bef6f4fa9310db8e074676) Importer(2089858483,192608db42251d675da83286b1cce702)
Start importing Assets/models/npc_casual_set_00/Prefabs/npc_csl_tshirt_00m_01_02bw.prefab using Guid(3d1b8038c5bef6f4fa9310db8e074676) Importer(2089858483,192608db42251d675da83286b1cce702) (ScriptedImporter) -> (artifact id: '62cf63c04270b781bcb10f698c1389a0') in 0.0550791 seconds
Number of updated asset objects reloaded before import = 0Number of asset objects unloaded after import = 283

========================================================================
Received Import Request.
  Time since last request: 0.000026 seconds.
  path: Assets/models/npc_casual_set_00/Mesh/Mesh_Parts/npc_hmn_01m_arms6.fbx
  artifactKey: Guid(53d345d7f856b354aa43f039194dab4d) Importer(2089858483,192608db42251d675da83286b1cce702)
Start importing Assets/models/npc_casual_set_00/Mesh/Mesh_Parts/npc_hmn_01m_arms6.fbx using Guid(53d345d7f856b354aa43f039194dab4d) Importer(2089858483,192608db42251d675da83286b1cce702) (ScriptedImporter) -> (artifact id: 'acb2aeab18977c8e0e9b6f916cdc342c') in 0.0263688 seconds
Number of updated asset objects reloaded before import = 0Number of asset objects unloaded after import = 145

========================================================================
Received Import Request.
  Time since last request: 0.000015 seconds.
  path: Assets/models/npc_casual_set_00/MaterialsUPR/mtl_npc_csl_tshirt_00f_01_01bw.mat
  artifactKey: Guid(da34beb7a9d50b2498c89f706aeccbf7) Importer(2089858483,192608db42251d675da83286b1cce702)
Start importing Assets/models/npc_casual_set_00/MaterialsUPR/mtl_npc_csl_tshirt_00f_01_01bw.mat using Guid(da34beb7a9d50b2498c89f706aeccbf7) Importer(2089858483,192608db42251d675da83286b1cce702) (ScriptedImporter) -> (artifact id: 'afbdd75542e61855c3f1e2bd16704f3c') in 0.0386273 seconds
Number of updated asset objects reloaded before import = 0Number of asset objects unloaded after import = 5

========================================================================
Received Import Request.
  Time since last request: 0.000022 seconds.
  path: Assets/models/npc_casual_set_00/Prefabs/Prefabs_Parts/npc_hmn_01f_lowerbody3.prefab
  artifactKey: Guid(cdfea838533a09747b55cb58231249e1) Importer(2089858483,192608db42251d675da83286b1cce702)
Start importing Assets/models/npc_casual_set_00/Prefabs/Prefabs_Parts/npc_hmn_01f_lowerbody3.prefab using Guid(cdfea838533a09747b55cb58231249e1) Importer(2089858483,192608db42251d675da83286b1cce702) (ScriptedImporter) -> (artifact id: 'ffd60e03bc6a1af15304dade3da3db87') in 0.0299052 seconds
Number of updated asset objects reloaded before import = 0Number of asset objects unloaded after import = 283

========================================================================
Received Import Request.
  Time since last request: 0.000016 seconds.
  path: Assets/models/npc_casual_set_00/Mesh/Mesh_Parts/npc_hmn_01f_lowerbody1.fbx
  artifactKey: Guid(a96ba997ee9c0b44b970ab167e820f99) Importer(2089858483,192608db42251d675da83286b1cce702)
Start importing Assets/models/npc_casual_set_00/Mesh/Mesh_Parts/npc_hmn_01f_lowerbody1.fbx using Guid(a96ba997ee9c0b44b970ab167e820f99) Importer(2089858483,192608db42251d675da83286b1cce702) (ScriptedImporter) -> (artifact id: '511a079b6206f8252f9746c516db3f5c') in 0.0261882 seconds
Number of updated asset objects reloaded before import = 0Number of asset objects unloaded after import = 145

========================================================================
Received Import Request.
  Time since last request: 0.000016 seconds.
  path: Assets/models/npc_casual_set_00/Mesh/npc_csl_shoe_01.fbx
  artifactKey: Guid(b7af57783c52b324facb78f371ecbb7e) Importer(2089858483,192608db42251d675da83286b1cce702)
Start importing Assets/models/npc_casual_set_00/Mesh/npc_csl_shoe_01.fbx using Guid(b7af57783c52b324facb78f371ecbb7e) Importer(2089858483,192608db42251d675da83286b1cce702) (ScriptedImporter) -> (artifact id: '4838ab7ae756a696d215bff24fb0f249') in 0.0329933 seconds
Number of updated asset objects reloaded before import = 0Number of asset objects unloaded after import = 141

========================================================================
Received Import Request.
  Time since last request: 0.000025 seconds.
  path: Assets/models/npc_casual_set_00/Prefabs/Prefabs_Parts/npc_hmn_01m_upperbody5.prefab
  artifactKey: Guid(11ed1660c20b96d49bea2c026bbe6105) Importer(2089858483,192608db42251d675da83286b1cce702)
Start importing Assets/models/npc_casual_set_00/Prefabs/Prefabs_Parts/npc_hmn_01m_upperbody5.prefab using Guid(11ed1660c20b96d49bea2c026bbe6105) Importer(2089858483,192608db42251d675da83286b1cce702) (ScriptedImporter) -> (artifact id: 'c555c053ea76305279e9c033f1829aaa') in 0.0385258 seconds
Number of updated asset objects reloaded before import = 0Number of asset objects unloaded after import = 283

========================================================================
Received Import Request.
  Time since last request: 0.000016 seconds.
  path: Assets/models/Fries and Seagull
  artifactKey: Guid(273c6bfc19532e94392db6cf506a949f) Importer(2089858483,192608db42251d675da83286b1cce702)
Start importing Assets/models/Fries and Seagull using Guid(273c6bfc19532e94392db6cf506a949f) Importer(2089858483,192608db42251d675da83286b1cce702) (ScriptedImporter) -> (artifact id: '42371b6aa3aafd2fd55f120e8180d0fb') in 0.0118572 seconds
Number of updated asset objects reloaded before import = 0Number of asset objects unloaded after import = 1

========================================================================
Received Import Request.
  Time since last request: 0.000014 seconds.
  path: Assets/models/npc_casual_set_00/Textures/npc_hmn_body_01m_01_01_c.tif
  artifactKey: Guid(6754abc2a28f58846be150a3e8c76935) Importer(2089858483,192608db42251d675da83286b1cce702)
Start importing Assets/models/npc_casual_set_00/Textures/npc_hmn_body_01m_01_01_c.tif using Guid(6754abc2a28f58846be150a3e8c76935) Importer(2089858483,192608db42251d675da83286b1cce702) (ScriptedImporter) -> (artifact id: 'a184c2994ea85d3932f3f0b5dd02bc97') in 0.0230539 seconds
Number of updated asset objects reloaded before import = 0Number of asset objects unloaded after import = 1

========================================================================
Received Import Request.
  Time since last request: 0.000017 seconds.
  path: Assets/models/npc_casual_set_00/Textures/npc_csl_shoe_01_00_03_c.tif
  artifactKey: Guid(2264306ac81a982499faf4839f90b87f) Importer(2089858483,192608db42251d675da83286b1cce702)
Start importing Assets/models/npc_casual_set_00/Textures/npc_csl_shoe_01_00_03_c.tif using Guid(2264306ac81a982499faf4839f90b87f) Importer(2089858483,192608db42251d675da83286b1cce702) (ScriptedImporter) -> (artifact id: '78d224f683dbd3ecd818580201396b41') in 0.022421 seconds
Number of updated asset objects reloaded before import = 0Number of asset objects unloaded after import = 1

========================================================================
Received Import Request.
  Time since last request: 0.000012 seconds.
  path: Assets/models/npc_casual_set_00/Materials/mtl_npc_hmn_face_01m_01_01.mat
  artifactKey: Guid(846a97d8aaab99b48880e1f033f3c564) Importer(2089858483,192608db42251d675da83286b1cce702)
Start importing Assets/models/npc_casual_set_00/Materials/mtl_npc_hmn_face_01m_01_01.mat using Guid(846a97d8aaab99b48880e1f033f3c564) Importer(2089858483,192608db42251d675da83286b1cce702) (ScriptedImporter) -> (artifact id: '586778a0bdc3a2b53d6b692e5d11865b') in 0.0526721 seconds
Number of updated asset objects reloaded before import = 0Number of asset objects unloaded after import = 5

========================================================================
Received Import Request.
  Time since last request: 0.000021 seconds.
  path: Assets/models/npc_casual_set_00/Prefabs/npc_haircut_a_02.prefab
  artifactKey: Guid(3ebb575ac4417e647b2c4789576a9829) Importer(2089858483,192608db42251d675da83286b1cce702)
Start importing Assets/models/npc_casual_set_00/Prefabs/npc_haircut_a_02.prefab using Guid(3ebb575ac4417e647b2c4789576a9829) Importer(2089858483,192608db42251d675da83286b1cce702) (ScriptedImporter) -> (artifact id: 'e2c8b56670ea566c03cf0c64234f009d') in 0.0276044 seconds
Number of updated asset objects reloaded before import = 0Number of asset objects unloaded after import = 275

========================================================================
Received Import Request.
  Time since last request: 0.000019 seconds.
  path: Assets/models/npc_casual_set_00/Textures/npc_hmn_face_01m_05_01_n.tif
  artifactKey: Guid(cc65c069ea459fb428dee8fa813868cd) Importer(2089858483,192608db42251d675da83286b1cce702)
Start importing Assets/models/npc_casual_set_00/Textures/npc_hmn_face_01m_05_01_n.tif using Guid(cc65c069ea459fb428dee8fa813868cd) Importer(2089858483,192608db42251d675da83286b1cce702) (ScriptedImporter) -> (artifact id: 'faf4d2d352434e40ff7a1a3dbe6a8f30') in 0.0206345 seconds
Number of updated asset objects reloaded before import = 0Number of asset objects unloaded after import = 1

========================================================================
Received Import Request.
  Time since last request: 0.000014 seconds.
  path: Assets/models/npc_casual_set_00/Prefabs/Prefabs_Parts/npc_hmn_01f_arms1.prefab
  artifactKey: Guid(5410410975d3dd240bcc96331956feba) Importer(2089858483,192608db42251d675da83286b1cce702)
Start importing Assets/models/npc_casual_set_00/Prefabs/Prefabs_Parts/npc_hmn_01f_arms1.prefab using Guid(5410410975d3dd240bcc96331956feba) Importer(2089858483,192608db42251d675da83286b1cce702) (ScriptedImporter) -> (artifact id: '3c26ba8a797ecaefa957f9f26a3c14b0') in 0.0447438 seconds
Number of updated asset objects reloaded before import = 0Number of asset objects unloaded after import = 283

========================================================================
Received Import Request.
  Time since last request: 0.000013 seconds.
  path: Assets/models/npc_casual_set_00/MaterialsUPR/mtl_npc_hmn_face_01m_02_01.mat
  artifactKey: Guid(199bc5e802e1b674e9ff47e238c4347e) Importer(2089858483,192608db42251d675da83286b1cce702)
Start importing Assets/models/npc_casual_set_00/MaterialsUPR/mtl_npc_hmn_face_01m_02_01.mat using Guid(199bc5e802e1b674e9ff47e238c4347e) Importer(2089858483,192608db42251d675da83286b1cce702) (ScriptedImporter) -> (artifact id: '7a0449891bf70e384edf4191dbbdfe88') in 0.0500619 seconds
Number of updated asset objects reloaded before import = 0Number of asset objects unloaded after import = 5

========================================================================
Received Import Request.
  Time since last request: 0.000016 seconds.
  path: Assets/models/npc_casual_set_00/Materials/mtl_npc_hair_10.mat
  artifactKey: Guid(7187b14939a19e9468d8f364e1dd985d) Importer(2089858483,192608db42251d675da83286b1cce702)
Start importing Assets/models/npc_casual_set_00/Materials/mtl_npc_hair_10.mat using Guid(7187b14939a19e9468d8f364e1dd985d) Importer(2089858483,192608db42251d675da83286b1cce702) (ScriptedImporter) -> (artifact id: '73a1a7f90942a3dafa8c9023143b1831') in 0.0192409 seconds
Number of updated asset objects reloaded before import = 0Number of asset objects unloaded after import = 5

========================================================================
Received Import Request.
  Time since last request: 0.000015 seconds.
  path: Assets/models/npc_casual_set_00/Mesh/Mesh_Parts/npc_hmn_01f_lowerbody4.fbx
  artifactKey: Guid(30ea2187936c86e4084426534fbdb994) Importer(2089858483,192608db42251d675da83286b1cce702)
Start importing Assets/models/npc_casual_set_00/Mesh/Mesh_Parts/npc_hmn_01f_lowerbody4.fbx using Guid(30ea2187936c86e4084426534fbdb994) Importer(2089858483,192608db42251d675da83286b1cce702) (ScriptedImporter) -> (artifact id: 'b532d8a8453e75bd0afd4be52984ad96') in 0.0405804 seconds
Number of updated asset objects reloaded before import = 0Number of asset objects unloaded after import = 145

========================================================================
Received Import Request.
  Time since last request: 0.000048 seconds.
  path: Assets/models/npc_casual_set_00/Prefabs/Prefabs_Parts/npc_hmn_01f_torso1.prefab
  artifactKey: Guid(0c18c169b8ca5154da79cf0b54363d49) Importer(2089858483,192608db42251d675da83286b1cce702)
Start importing Assets/models/npc_casual_set_00/Prefabs/Prefabs_Parts/npc_hmn_01f_torso1.prefab using Guid(0c18c169b8ca5154da79cf0b54363d49) Importer(2089858483,192608db42251d675da83286b1cce702) (ScriptedImporter) -> (artifact id: 'e2e1a9370b191edfcc1ca8ab59eb70a2') in 0.05793 seconds
Number of updated asset objects reloaded before import = 0Number of asset objects unloaded after import = 283

========================================================================
Received Import Request.
  Time since last request: 0.000017 seconds.
  path: Assets/models/npc_casual_set_00/Prefabs/Prefabs_Parts/npc_hmn_01f_upperbody1.prefab
  artifactKey: Guid(9a242b5b9738c3943b0ec64e6deb0f11) Importer(2089858483,192608db42251d675da83286b1cce702)
Start importing Assets/models/npc_casual_set_00/Prefabs/Prefabs_Parts/npc_hmn_01f_upperbody1.prefab using Guid(9a242b5b9738c3943b0ec64e6deb0f11) Importer(2089858483,192608db42251d675da83286b1cce702) (ScriptedImporter) -> (artifact id: 'ca309220d452562bf31698b7b366d9de') in 0.0451703 seconds
Number of updated asset objects reloaded before import = 0Number of asset objects unloaded after import = 283

========================================================================
Received Import Request.
  Time since last request: 0.000025 seconds.
  path: Assets/models/npc_casual_set_00/Textures/npc_hmn_face_01f_05_01_msk.tif
  artifactKey: Guid(5501496bca0e23d4eaa2218024f64fd4) Importer(2089858483,192608db42251d675da83286b1cce702)
Start importing Assets/models/npc_casual_set_00/Textures/npc_hmn_face_01f_05_01_msk.tif using Guid(5501496bca0e23d4eaa2218024f64fd4) Importer(2089858483,192608db42251d675da83286b1cce702) (ScriptedImporter) -> (artifact id: 'a431518d1b2201e99a8e0ac61d097900') in 0.0278588 seconds
Number of updated asset objects reloaded before import = 0Number of asset objects unloaded after import = 1

========================================================================
Received Import Request.
  Time since last request: 0.000015 seconds.
  path: Assets/models/npc_casual_set_00/Textures/npc_hmn_face_01f_02_01_c.tif
  artifactKey: Guid(d151be1b01a2b1e4590348f7fef58768) Importer(2089858483,192608db42251d675da83286b1cce702)
Start importing Assets/models/npc_casual_set_00/Textures/npc_hmn_face_01f_02_01_c.tif using Guid(d151be1b01a2b1e4590348f7fef58768) Importer(2089858483,192608db42251d675da83286b1cce702) (ScriptedImporter) -> (artifact id: 'b1fb7ec5cc612c59a6927f0ab626a4f9') in 0.0288834 seconds
Number of updated asset objects reloaded before import = 0Number of asset objects unloaded after import = 1

========================================================================
Received Import Request.
  Time since last request: 0.000023 seconds.
  path: Assets/models/npc_casual_set_00/Prefabs/npc_casual_set_00.prefab
  artifactKey: Guid(c42ec94ca32c9024c90a2d1c48dcc864) Importer(2089858483,192608db42251d675da83286b1cce702)
Start importing Assets/models/npc_casual_set_00/Prefabs/npc_casual_set_00.prefab using Guid(c42ec94ca32c9024c90a2d1c48dcc864) Importer(2089858483,192608db42251d675da83286b1cce702) (ScriptedImporter) -> (artifact id: '91501c90502ae926f0bd3b67d6420bf2') in 0.4130526 seconds
Number of updated asset objects reloaded before import = 0Number of asset objects unloaded after import = 5243

========================================================================
Received Import Request.
  Time since last request: 0.000034 seconds.
  path: Assets/models/npc_casual_set_00/Prefabs/Prefabs_Parts/npc_hmn_01f_torso2.prefab
  artifactKey: Guid(7ec98accf7f7f514d81eba182373839a) Importer(2089858483,192608db42251d675da83286b1cce702)
Start importing Assets/models/npc_casual_set_00/Prefabs/Prefabs_Parts/npc_hmn_01f_torso2.prefab using Guid(7ec98accf7f7f514d81eba182373839a) Importer(2089858483,192608db42251d675da83286b1cce702) (ScriptedImporter) -> (artifact id: '00dcace6af2c0dc315b4ff5259ff7942') in 0.0599181 seconds
Number of updated asset objects reloaded before import = 0Number of asset objects unloaded after import = 283

========================================================================
Received Import Request.
  Time since last request: 0.000019 seconds.
  path: Assets/models/npc_casual_set_00/Textures/npc_hmn_face_01f_04_01_c.tif
  artifactKey: Guid(2b40322d9db08d4458063fc1ec3d0cbc) Importer(2089858483,192608db42251d675da83286b1cce702)
Start importing Assets/models/npc_casual_set_00/Textures/npc_hmn_face_01f_04_01_c.tif using Guid(2b40322d9db08d4458063fc1ec3d0cbc) Importer(2089858483,192608db42251d675da83286b1cce702) (ScriptedImporter) -> (artifact id: '16612dc7a66f857f7228c17a651cf278') in 0.0260851 seconds
Number of updated asset objects reloaded before import = 0Number of asset objects unloaded after import = 1

========================================================================
Received Import Request.
  Time since last request: 0.000016 seconds.
  path: Assets/models/npc_casual_set_00/Prefabs/Prefabs_Parts/npc_csl_tshirt_00m_torso.prefab
  artifactKey: Guid(3f3a6d1ddbc609745ac0569a8ac1cf4f) Importer(2089858483,192608db42251d675da83286b1cce702)
Start importing Assets/models/npc_casual_set_00/Prefabs/Prefabs_Parts/npc_csl_tshirt_00m_torso.prefab using Guid(3f3a6d1ddbc609745ac0569a8ac1cf4f) Importer(2089858483,192608db42251d675da83286b1cce702) (ScriptedImporter) -> (artifact id: '0c83ca0646464495d89a54a5ce6756fa') in 0.0545619 seconds
Number of updated asset objects reloaded before import = 0Number of asset objects unloaded after import = 283

========================================================================
Received Import Request.
  Time since last request: 0.000019 seconds.
  path: Assets/models/npc_casual_set_00/Textures/npc_csl_shirtopenrolled_00m_01_01_c.tif
  artifactKey: Guid(7a14af5d6a4f1304e80060ab6f6c1150) Importer(2089858483,192608db42251d675da83286b1cce702)
Start importing Assets/models/npc_casual_set_00/Textures/npc_csl_shirtopenrolled_00m_01_01_c.tif using Guid(7a14af5d6a4f1304e80060ab6f6c1150) Importer(2089858483,192608db42251d675da83286b1cce702) (ScriptedImporter) -> (artifact id: '1d35c774c46d114f6a5ff3aecea4df3a') in 0.0203953 seconds
Number of updated asset objects reloaded before import = 0Number of asset objects unloaded after import = 1

========================================================================
Received Import Request.
  Time since last request: 0.000032 seconds.
  path: Assets/models/npc_casual_set_00/Prefabs/npc_csl_shoe_01_00_01bw.prefab
  artifactKey: Guid(dea0906dd0c66814a95a1e872dd09fa7) Importer(2089858483,192608db42251d675da83286b1cce702)
Start importing Assets/models/npc_casual_set_00/Prefabs/npc_csl_shoe_01_00_01bw.prefab using Guid(dea0906dd0c66814a95a1e872dd09fa7) Importer(2089858483,192608db42251d675da83286b1cce702) (ScriptedImporter) -> (artifact id: '87980c2a3065eba1f998642354dfb373') in 0.043079 seconds
Number of updated asset objects reloaded before import = 0Number of asset objects unloaded after import = 275

========================================================================
Received Import Request.
  Time since last request: 0.000017 seconds.
  path: Assets/models/npc_casual_set_00/Materials/mtl_npc_csl_shirtopenrolled_00m_01_01.mat
  artifactKey: Guid(f52faf7dac13a214499890a22b18b423) Importer(2089858483,192608db42251d675da83286b1cce702)
Start importing Assets/models/npc_casual_set_00/Materials/mtl_npc_csl_shirtopenrolled_00m_01_01.mat using Guid(f52faf7dac13a214499890a22b18b423) Importer(2089858483,192608db42251d675da83286b1cce702) (ScriptedImporter) -> (artifact id: '90fe691552b342af33b30651d571d6f8') in 0.0243028 seconds
Number of updated asset objects reloaded before import = 0Number of asset objects unloaded after import = 5

========================================================================
Received Import Request.
  Time since last request: 0.000072 seconds.
  path: Assets/models/npc_casual_set_00/Mesh/Mesh_Parts/npc_csl_tshirt_00m_sleeves.fbx
  artifactKey: Guid(5ba48d2dc704b3e45bfd5a3bf024be59) Importer(2089858483,192608db42251d675da83286b1cce702)
Start importing Assets/models/npc_casual_set_00/Mesh/Mesh_Parts/npc_csl_tshirt_00m_sleeves.fbx using Guid(5ba48d2dc704b3e45bfd5a3bf024be59) Importer(2089858483,192608db42251d675da83286b1cce702) (ScriptedImporter) -> (artifact id: '614b82f281cb5b8b517777658af0ff14') in 0.0375261 seconds
Number of updated asset objects reloaded before import = 0Number of asset objects unloaded after import = 146

========================================================================
Received Import Request.
  Time since last request: 0.000013 seconds.
  path: Assets/models/npc_casual_set_00/Materials/mtl_npc_csl_tshirt_00f_01_01bw.mat
  artifactKey: Guid(4cc5e598d4aa6864f830741f513753ce) Importer(2089858483,192608db42251d675da83286b1cce702)
Start importing Assets/models/npc_casual_set_00/Materials/mtl_npc_csl_tshirt_00f_01_01bw.mat using Guid(4cc5e598d4aa6864f830741f513753ce) Importer(2089858483,192608db42251d675da83286b1cce702) (ScriptedImporter) -> (artifact id: '12d7b9f27695a13b2d0840246309000d') in 0.0369304 seconds
Number of updated asset objects reloaded before import = 0Number of asset objects unloaded after import = 5

========================================================================
Received Import Request.
  Time since last request: 0.000015 seconds.
  path: Assets/models/npc_casual_set_00/Textures/npc_csl_pants_00m_01_01_n.tif
  artifactKey: Guid(74cd5b2609e30324eb45a50f5e087b7d) Importer(2089858483,192608db42251d675da83286b1cce702)
Start importing Assets/models/npc_casual_set_00/Textures/npc_csl_pants_00m_01_01_n.tif using Guid(74cd5b2609e30324eb45a50f5e087b7d) Importer(2089858483,192608db42251d675da83286b1cce702) (ScriptedImporter) -> (artifact id: '3e788f114ec44c2313fb0cb87de9cdd4') in 0.0259814 seconds
Number of updated asset objects reloaded before import = 0Number of asset objects unloaded after import = 1

========================================================================
Received Import Request.
  Time since last request: 0.000022 seconds.
  path: Assets/models/npc_casual_set_00/Mesh/Mesh_Parts/npc_hmn_01m_lowerbody2.fbx
  artifactKey: Guid(cc97141ab321ac840b53e391a8a79ea8) Importer(2089858483,192608db42251d675da83286b1cce702)
Start importing Assets/models/npc_casual_set_00/Mesh/Mesh_Parts/npc_hmn_01m_lowerbody2.fbx using Guid(cc97141ab321ac840b53e391a8a79ea8) Importer(2089858483,192608db42251d675da83286b1cce702) (ScriptedImporter) -> (artifact id: '0b4659cf27a1979603ee08f6abb65161') in 0.0264916 seconds
Number of updated asset objects reloaded before import = 0Number of asset objects unloaded after import = 145

========================================================================
Received Import Request.
  Time since last request: 0.000018 seconds.
  path: Assets/models/npc_casual_set_00/Scenes/npc_casual_set_00/LightingData.asset
  artifactKey: Guid(d1d4e58f9a7dfd248a394306ab350620) Importer(2089858483,192608db42251d675da83286b1cce702)
Start importing Assets/models/npc_casual_set_00/Scenes/npc_casual_set_00/LightingData.asset using Guid(d1d4e58f9a7dfd248a394306ab350620) Importer(2089858483,192608db42251d675da83286b1cce702) (ScriptedImporter) -> (artifact id: '137f7ea3d7634b907a18958b9f2fdbfc') in 0.029334 seconds
Number of updated asset objects reloaded before import = 0Number of asset objects unloaded after import = 2

========================================================================
Received Import Request.
  Time since last request: 0.000016 seconds.
  path: Assets/models/npc_casual_set_00/Materials/mtl_npc_csl_tshirt_00f_01_03.mat
  artifactKey: Guid(2863d45f7bb13a643b7f1dc4f3cb5a95) Importer(2089858483,192608db42251d675da83286b1cce702)
Start importing Assets/models/npc_casual_set_00/Materials/mtl_npc_csl_tshirt_00f_01_03.mat using Guid(2863d45f7bb13a643b7f1dc4f3cb5a95) Importer(2089858483,192608db42251d675da83286b1cce702) (ScriptedImporter) -> (artifact id: '5f05790ed8d83c7605b1d587594106c7') in 0.0389535 seconds
Number of updated asset objects reloaded before import = 0Number of asset objects unloaded after import = 5

========================================================================
Received Import Request.
  Time since last request: 0.000015 seconds.
  path: Assets/models/npc_casual_set_00/Prefabs/Prefabs_Parts/npc_csl_shirtopenrolled_00m_parts.prefab
  artifactKey: Guid(b7661abe58e3f374e887175d9b8995ec) Importer(2089858483,192608db42251d675da83286b1cce702)
Start importing Assets/models/npc_casual_set_00/Prefabs/Prefabs_Parts/npc_csl_shirtopenrolled_00m_parts.prefab using Guid(b7661abe58e3f374e887175d9b8995ec) Importer(2089858483,192608db42251d675da83286b1cce702) (ScriptedImporter) -> (artifact id: 'f72a537f8cebaa178226ce97a6bc985a') in 0.0400672 seconds
Number of updated asset objects reloaded before import = 0Number of asset objects unloaded after import = 338

========================================================================
Received Import Request.
  Time since last request: 0.000021 seconds.
  path: Assets/models/npc_casual_set_00/Materials/mtl_npc_csl_shirtopenrolled_00m_01_02bw.mat
  artifactKey: Guid(40f01e7f83c123f4db9c5f0243a209d5) Importer(2089858483,192608db42251d675da83286b1cce702)
Start importing Assets/models/npc_casual_set_00/Materials/mtl_npc_csl_shirtopenrolled_00m_01_02bw.mat using Guid(40f01e7f83c123f4db9c5f0243a209d5) Importer(2089858483,192608db42251d675da83286b1cce702) (ScriptedImporter) -> (artifact id: 'b2db47ad857ef3adb070e5b9314d3a8d') in 0.0230837 seconds
Number of updated asset objects reloaded before import = 0Number of asset objects unloaded after import = 5

========================================================================
Received Import Request.
  Time since last request: 0.000026 seconds.
  path: Assets/models/npc_casual_set_00/Textures/npc_csl_shoe_01_00_01_n.tif
  artifactKey: Guid(4b5f799eb3bd85f4c944902817771b51) Importer(2089858483,192608db42251d675da83286b1cce702)
Start importing Assets/models/npc_casual_set_00/Textures/npc_csl_shoe_01_00_01_n.tif using Guid(4b5f799eb3bd85f4c944902817771b51) Importer(2089858483,192608db42251d675da83286b1cce702) (ScriptedImporter) -> (artifact id: '042d307eb0fc90a509d1f281c55a9a78') in 0.0268857 seconds
Number of updated asset objects reloaded before import = 0Number of asset objects unloaded after import = 1

========================================================================
Received Import Request.
  Time since last request: 0.000015 seconds.
  path: Assets/models/npc_casual_set_00/Prefabs/Prefabs_Parts/npc_csl_tshirt_00f_sleeves.prefab
  artifactKey: Guid(108fac6e345c3294686d74d624d8475e) Importer(2089858483,192608db42251d675da83286b1cce702)
Start importing Assets/models/npc_casual_set_00/Prefabs/Prefabs_Parts/npc_csl_tshirt_00f_sleeves.prefab using Guid(108fac6e345c3294686d74d624d8475e) Importer(2089858483,192608db42251d675da83286b1cce702) (ScriptedImporter) -> (artifact id: '5582ad9e44a150fcefe03440a476ec5e') in 0.0313533 seconds
Number of updated asset objects reloaded before import = 0Number of asset objects unloaded after import = 283

========================================================================
Received Import Request.
  Time since last request: 0.000017 seconds.
  path: Assets/models/npc_casual_set_00/Prefabs/Prefabs_Parts/npc_hmn_01m_lowerbody5.prefab
  artifactKey: Guid(ce27506fe1071cb46a35d02d8f79d9f9) Importer(2089858483,192608db42251d675da83286b1cce702)
Start importing Assets/models/npc_casual_set_00/Prefabs/Prefabs_Parts/npc_hmn_01m_lowerbody5.prefab using Guid(ce27506fe1071cb46a35d02d8f79d9f9) Importer(2089858483,192608db42251d675da83286b1cce702) (ScriptedImporter) -> (artifact id: '38a04f3f4e8ec6f0806dbee41ee2939a') in 0.053385 seconds
Number of updated asset objects reloaded before import = 0Number of asset objects unloaded after import = 283

========================================================================
Received Import Request.
  Time since last request: 0.000021 seconds.
  path: Assets/models/npc_casual_set_00/Mesh/Mesh_Parts/npc_hmn_01m_arms3.fbx
  artifactKey: Guid(20927cedda86f804ebca534940269c90) Importer(2089858483,192608db42251d675da83286b1cce702)
Start importing Assets/models/npc_casual_set_00/Mesh/Mesh_Parts/npc_hmn_01m_arms3.fbx using Guid(20927cedda86f804ebca534940269c90) Importer(2089858483,192608db42251d675da83286b1cce702) (ScriptedImporter) -> (artifact id: '2e5ee80180afe1ef3452f4513a721294') in 0.032513 seconds
Number of updated asset objects reloaded before import = 0Number of asset objects unloaded after import = 145

========================================================================
Received Import Request.
  Time since last request: 0.000016 seconds.
  path: Assets/models/npc_casual_set_00/Materials/mtl_npc_hmn_face_01m_03_01.mat
  artifactKey: Guid(20d766ae627b93441a82a4b161642b6f) Importer(2089858483,192608db42251d675da83286b1cce702)
Start importing Assets/models/npc_casual_set_00/Materials/mtl_npc_hmn_face_01m_03_01.mat using Guid(20d766ae627b93441a82a4b161642b6f) Importer(2089858483,192608db42251d675da83286b1cce702) (ScriptedImporter) -> (artifact id: '60f559ca622f593f3a9aaf28b57b2c19') in 0.0247723 seconds
Number of updated asset objects reloaded before import = 0Number of asset objects unloaded after import = 5

========================================================================
Received Import Request.
  Time since last request: 0.000027 seconds.
  path: Assets/models/npc_casual_set_00/Textures/npc_hmn_face_01f_04_01_m.tif
  artifactKey: Guid(8d2b1dcfd2db29c4881137da70259023) Importer(2089858483,192608db42251d675da83286b1cce702)
Start importing Assets/models/npc_casual_set_00/Textures/npc_hmn_face_01f_04_01_m.tif using Guid(8d2b1dcfd2db29c4881137da70259023) Importer(2089858483,192608db42251d675da83286b1cce702) (ScriptedImporter) -> (artifact id: 'bbdf712bbb742f895b17b4af39a7058b') in 0.0249009 seconds
Number of updated asset objects reloaded before import = 0Number of asset objects unloaded after import = 1

========================================================================
Received Import Request.
  Time since last request: 0.000016 seconds.
  path: Assets/models/Fries and Seagull/Bar 02/Models/Wine Bottle 5.fbx
  artifactKey: Guid(5c0978b05d8a47948ab16f4a7c486566) Importer(2089858483,192608db42251d675da83286b1cce702)
Start importing Assets/models/Fries and Seagull/Bar 02/Models/Wine Bottle 5.fbx using Guid(5c0978b05d8a47948ab16f4a7c486566) Importer(2089858483,192608db42251d675da83286b1cce702) (ScriptedImporter) -> (artifact id: '7d0091de1b4f82b955ecb8d5a59d7e36') in 0.0491959 seconds
Number of updated asset objects reloaded before import = 0Number of asset objects unloaded after import = 11

========================================================================
Received Import Request.
  Time since last request: 0.000013 seconds.
  path: Assets/models/Fries and Seagull/Bar 02/Models/Wooden Goblet.fbx
  artifactKey: Guid(a7da88014351b9f44aa3717552015060) Importer(2089858483,192608db42251d675da83286b1cce702)
Start importing Assets/models/Fries and Seagull/Bar 02/Models/Wooden Goblet.fbx using Guid(a7da88014351b9f44aa3717552015060) Importer(2089858483,192608db42251d675da83286b1cce702) (ScriptedImporter) -> (artifact id: '5e39232a95bd5482e2f388532c72f878') in 0.042762 seconds
Number of updated asset objects reloaded before import = 0Number of asset objects unloaded after import = 18

========================================================================
Received Import Request.
  Time since last request: 0.000015 seconds.
  path: Assets/models/Fries and Seagull/Bar 02/Prefabs/Large Barrel.prefab
  artifactKey: Guid(38fc9cd27a62514498ec11ff6980a2c5) Importer(2089858483,192608db42251d675da83286b1cce702)
Start importing Assets/models/Fries and Seagull/Bar 02/Prefabs/Large Barrel.prefab using Guid(38fc9cd27a62514498ec11ff6980a2c5) Importer(2089858483,192608db42251d675da83286b1cce702) (ScriptedImporter) -> (artifact id: 'e1e94abac051346b860431d077340d8a') in 0.0623841 seconds
Number of updated asset objects reloaded before import = 0Number of asset objects unloaded after import = 19

========================================================================
Received Import Request.
  Time since last request: 0.000018 seconds.
  path: Assets/models/Fries and Seagull/Bar 02/Models/Materials/Material.050.mat
  artifactKey: Guid(8e539192a8198b041853481acf80a418) Importer(2089858483,192608db42251d675da83286b1cce702)
Start importing Assets/models/Fries and Seagull/Bar 02/Models/Materials/Material.050.mat using Guid(8e539192a8198b041853481acf80a418) Importer(2089858483,192608db42251d675da83286b1cce702) (ScriptedImporter) -> (artifact id: '4eca2006e37bef5fcafc4e0b433819ac') in 0.0331471 seconds
Number of updated asset objects reloaded before import = 0Number of asset objects unloaded after import = 1

========================================================================
Received Import Request.
  Time since last request: 0.000027 seconds.
  path: Assets/models/Fries and Seagull/Bar 02/Models/Hook.fbx
  artifactKey: Guid(99e48e916d80b444a806a6a4f2f45d46) Importer(2089858483,192608db42251d675da83286b1cce702)
Start importing Assets/models/Fries and Seagull/Bar 02/Models/Hook.fbx using Guid(99e48e916d80b444a806a6a4f2f45d46) Importer(2089858483,192608db42251d675da83286b1cce702) (ScriptedImporter) -> (artifact id: '3e4c3df6d87076111e56ff35b0991a4b') in 0.030953 seconds
Number of updated asset objects reloaded before import = 0Number of asset objects unloaded after import = 9

========================================================================
Received Import Request.
  Time since last request: 0.000016 seconds.
  path: Assets/models/npc_casual_set_00/Prefabs/npc_csl_shirtopenrolled_00f_01_02.prefab
  artifactKey: Guid(6035c4ff891b1db45a923c28dc2edf8c) Importer(2089858483,192608db42251d675da83286b1cce702)
Start importing Assets/models/npc_casual_set_00/Prefabs/npc_csl_shirtopenrolled_00f_01_02.prefab using Guid(6035c4ff891b1db45a923c28dc2edf8c) Importer(2089858483,192608db42251d675da83286b1cce702) (ScriptedImporter) -> (artifact id: 'f3bbc81a131716f5a0f13df76eca205c') in 0.0440176 seconds
Number of updated asset objects reloaded before import = 0Number of asset objects unloaded after import = 283

========================================================================
Received Import Request.
  Time since last request: 0.000018 seconds.
  path: Assets/models/npc_casual_set_00/Materials/mtl_npc_csl_shirtopenrolled_00f_01_02bw.mat
  artifactKey: Guid(580e9a0ee1b098545957c52f7c526b6d) Importer(2089858483,192608db42251d675da83286b1cce702)
Start importing Assets/models/npc_casual_set_00/Materials/mtl_npc_csl_shirtopenrolled_00f_01_02bw.mat using Guid(580e9a0ee1b098545957c52f7c526b6d) Importer(2089858483,192608db42251d675da83286b1cce702) (ScriptedImporter) -> (artifact id: '6059f9a112d7c86481235d141ad7b07a') in 0.035073 seconds
Number of updated asset objects reloaded before import = 0Number of asset objects unloaded after import = 5

========================================================================
Received Import Request.
  Time since last request: 0.000018 seconds.
  path: Assets/models/npc_casual_set_00/Materials/mtl_npc_hair_03.mat
  artifactKey: Guid(fb1b225ead2ab38409538a8323a2b4f5) Importer(2089858483,192608db42251d675da83286b1cce702)
Start importing Assets/models/npc_casual_set_00/Materials/mtl_npc_hair_03.mat using Guid(fb1b225ead2ab38409538a8323a2b4f5) Importer(2089858483,192608db42251d675da83286b1cce702) (ScriptedImporter) -> (artifact id: '27ca685aaebe8d0ae4b50e8efc836f47') in 0.0291275 seconds
Number of updated asset objects reloaded before import = 0Number of asset objects unloaded after import = 5

========================================================================
Received Import Request.
  Time since last request: 0.000018 seconds.
  path: Assets/models/PolyKebap/LED Light Essentials Pack/Models/ledbase_circle.fbx
  artifactKey: Guid(24a821a1b9a6d95408b3fe25a110f6c1) Importer(2089858483,192608db42251d675da83286b1cce702)
Start importing Assets/models/PolyKebap/LED Light Essentials Pack/Models/ledbase_circle.fbx using Guid(24a821a1b9a6d95408b3fe25a110f6c1) Importer(2089858483,192608db42251d675da83286b1cce702) (ScriptedImporter) -> (artifact id: 'eb967b006fade549c663e6fcc0bd450c') in 0.0141046 seconds
Number of updated asset objects reloaded before import = 0Number of asset objects unloaded after import = 14

========================================================================
Received Import Request.
  Time since last request: 0.000024 seconds.
  path: Assets/models/Fries and Seagull/Bar 02/Prefabs/Prefab Groups/Tables.prefab
  artifactKey: Guid(f5d627c68417b67418bbc67c24d740dd) Importer(2089858483,192608db42251d675da83286b1cce702)
Start importing Assets/models/Fries and Seagull/Bar 02/Prefabs/Prefab Groups/Tables.prefab using Guid(f5d627c68417b67418bbc67c24d740dd) Importer(2089858483,192608db42251d675da83286b1cce702) (ScriptedImporter) -> (artifact id: 'c665b9e5a354cf48663b5bd260bc5388') in 0.0906631 seconds
Number of updated asset objects reloaded before import = 0Number of asset objects unloaded after import = 34

========================================================================
Received Import Request.
  Time since last request: 0.000015 seconds.
  path: Assets/models/Fries and Seagull/Bar 02/Scene Props/Scripts/Rotatable.cs
  artifactKey: Guid(2a517f24b83171644bd15ecebd0038ad) Importer(2089858483,192608db42251d675da83286b1cce702)
Start importing Assets/models/Fries and Seagull/Bar 02/Scene Props/Scripts/Rotatable.cs using Guid(2a517f24b83171644bd15ecebd0038ad) Importer(2089858483,192608db42251d675da83286b1cce702) (ScriptedImporter) -> (artifact id: 'e708a5693d1215a1affa1277e9856e8f') in 0.0204301 seconds
Number of updated asset objects reloaded before import = 0Number of asset objects unloaded after import = 0

========================================================================
Received Import Request.
  Time since last request: 0.000012 seconds.
  path: Assets/models/Fries and Seagull/Bar 02/Scene Props/Scripts/Inspector/KeyValuePairPropertyDrawer.cs
  artifactKey: Guid(acf60755bd344d338788e7206fad2a08) Importer(2089858483,192608db42251d675da83286b1cce702)
Start importing Assets/models/Fries and Seagull/Bar 02/Scene Props/Scripts/Inspector/KeyValuePairPropertyDrawer.cs using Guid(acf60755bd344d338788e7206fad2a08) Importer(2089858483,192608db42251d675da83286b1cce702) (ScriptedImporter) -> (artifact id: '1be2512b4b1361c1adcc41d15386be1c') in 0.0178393 seconds
Number of updated asset objects reloaded before import = 0Number of asset objects unloaded after import = 0

========================================================================
Received Import Request.
  Time since last request: 0.000014 seconds.
  path: Assets/models/Fries and Seagull/Bar 02/Models/Table 2.fbx
  artifactKey: Guid(a784b5547f9a44c458db5efd46b82d3e) Importer(2089858483,192608db42251d675da83286b1cce702)
Start importing Assets/models/Fries and Seagull/Bar 02/Models/Table 2.fbx using Guid(a784b5547f9a44c458db5efd46b82d3e) Importer(2089858483,192608db42251d675da83286b1cce702) (ScriptedImporter) -> (artifact id: '0963b6bad40f69d583009441e8aac435') in 0.025555 seconds
Number of updated asset objects reloaded before import = 0Number of asset objects unloaded after import = 9

========================================================================
Received Import Request.
  Time since last request: 0.000016 seconds.
  path: Assets/models/Fries and Seagull/Bar 02/Scene Props/Scripts/Setup/FriesManagerBRP.cs
  artifactKey: Guid(8f46b455363e54846b197e049cfa2d53) Importer(2089858483,192608db42251d675da83286b1cce702)
Start importing Assets/models/Fries and Seagull/Bar 02/Scene Props/Scripts/Setup/FriesManagerBRP.cs using Guid(8f46b455363e54846b197e049cfa2d53) Importer(2089858483,192608db42251d675da83286b1cce702) (ScriptedImporter) -> (artifact id: '9a46b297b1746303e8cfe45524a12035') in 0.0092742 seconds
Number of updated asset objects reloaded before import = 0Number of asset objects unloaded after import = 0

========================================================================
Received Import Request.
  Time since last request: 0.000022 seconds.
  path: Assets/models/Fries and Seagull/Bar 02/Prefabs/Prefab Groups/Hanging Scrolls.prefab
  artifactKey: Guid(7fe5f94586dba8a4c9f177655837c954) Importer(2089858483,192608db42251d675da83286b1cce702)
Start importing Assets/models/Fries and Seagull/Bar 02/Prefabs/Prefab Groups/Hanging Scrolls.prefab using Guid(7fe5f94586dba8a4c9f177655837c954) Importer(2089858483,192608db42251d675da83286b1cce702) (ScriptedImporter) -> (artifact id: '664209aae0cf0c0686f437e5ce77fc78') in 0.0879672 seconds
Number of updated asset objects reloaded before import = 0Number of asset objects unloaded after import = 21

========================================================================
Received Import Request.
  Time since last request: 0.000014 seconds.
  path: Assets/models/Fries and Seagull/Bar 02/Prefabs/Tables & Chairs/Table 2.prefab
  artifactKey: Guid(800fb5855ba241c41bbbc2d10227c7ae) Importer(2089858483,192608db42251d675da83286b1cce702)
Start importing Assets/models/Fries and Seagull/Bar 02/Prefabs/Tables & Chairs/Table 2.prefab using Guid(800fb5855ba241c41bbbc2d10227c7ae) Importer(2089858483,192608db42251d675da83286b1cce702) (ScriptedImporter) -> (artifact id: '5de98376c84385091f9750955750e4d9') in 0.0179982 seconds
Number of updated asset objects reloaded before import = 0Number of asset objects unloaded after import = 20

========================================================================
Received Import Request.
  Time since last request: 0.000016 seconds.
  path: Assets/models/Fries and Seagull/Bar 02/Scene Props/Scripts/Inspector/IgnoreInInspectorAttribute.cs
  artifactKey: Guid(98291bb42b504c82aec7632c669be24c) Importer(2089858483,192608db42251d675da83286b1cce702)
Start importing Assets/models/Fries and Seagull/Bar 02/Scene Props/Scripts/Inspector/IgnoreInInspectorAttribute.cs using Guid(98291bb42b504c82aec7632c669be24c) Importer(2089858483,192608db42251d675da83286b1cce702) (ScriptedImporter) -> (artifact id: 'bed8582dd17951bf98235b86e85b8d7c') in 0.0195313 seconds
Number of updated asset objects reloaded before import = 0Number of asset objects unloaded after import = 0

========================================================================
Received Import Request.
  Time since last request: 0.000016 seconds.
  path: Assets/models/Fries and Seagull/Bar 02/Models/Materials/Drink Mat.mat
  artifactKey: Guid(63dc49f1168377745a3c23d29cd39b58) Importer(2089858483,192608db42251d675da83286b1cce702)
Start importing Assets/models/Fries and Seagull/Bar 02/Models/Materials/Drink Mat.mat using Guid(63dc49f1168377745a3c23d29cd39b58) Importer(2089858483,192608db42251d675da83286b1cce702) (ScriptedImporter) -> (artifact id: '627293dfb16df75378552358f26a467f') in 0.020212 seconds
Number of updated asset objects reloaded before import = 0Number of asset objects unloaded after import = 1

========================================================================
Received Import Request.
  Time since last request: 0.000014 seconds.
  path: Assets/models/Fries and Seagull/Bar 02/Scene Props/Scripts/Setup/SetupScriptURP.cs
  artifactKey: Guid(6ee23bc1f4d9436abdbd7c688eaf5da5) Importer(2089858483,192608db42251d675da83286b1cce702)
Start importing Assets/models/Fries and Seagull/Bar 02/Scene Props/Scripts/Setup/SetupScriptURP.cs using Guid(6ee23bc1f4d9436abdbd7c688eaf5da5) Importer(2089858483,192608db42251d675da83286b1cce702) (ScriptedImporter) -> (artifact id: '14a9afe80f32d82b12bb616ea487d140') in 0.0158814 seconds
Number of updated asset objects reloaded before import = 0Number of asset objects unloaded after import = 0

========================================================================
Received Import Request.
  Time since last request: 0.000026 seconds.
  path: Assets/models/npc_casual_set_00/Prefabs/Prefabs_Parts/npc_hmn_01m_torso2.prefab
  artifactKey: Guid(7030cf9e2037f27449729deb14d860a9) Importer(2089858483,192608db42251d675da83286b1cce702)
Start importing Assets/models/npc_casual_set_00/Prefabs/Prefabs_Parts/npc_hmn_01m_torso2.prefab using Guid(7030cf9e2037f27449729deb14d860a9) Importer(2089858483,192608db42251d675da83286b1cce702) (ScriptedImporter) -> (artifact id: '2780f74e89dcc5481bf1f14cd9594219') in 0.0336521 seconds
Number of updated asset objects reloaded before import = 0Number of asset objects unloaded after import = 283

========================================================================
Received Import Request.
  Time since last request: 0.000013 seconds.
  path: Assets/models/Fries and Seagull/Bar 02/Prefabs/Hang on Wall/Hanging Scroll 2.prefab
  artifactKey: Guid(aabf948c864fbd54d83f39b2be39b725) Importer(2089858483,192608db42251d675da83286b1cce702)
Start importing Assets/models/Fries and Seagull/Bar 02/Prefabs/Hang on Wall/Hanging Scroll 2.prefab using Guid(aabf948c864fbd54d83f39b2be39b725) Importer(2089858483,192608db42251d675da83286b1cce702) (ScriptedImporter) -> (artifact id: 'e767ada9aaaae552a9f5074c019ce243') in 0.0338459 seconds
Number of updated asset objects reloaded before import = 0Number of asset objects unloaded after import = 19

========================================================================
Received Import Request.
  Time since last request: 0.000013 seconds.
  path: Assets/models/npc_casual_set_00/Mesh/Mesh_Parts/npc_hmn_01f_upperbody2.fbx
  artifactKey: Guid(e55bb1743f855884c9ba1cfa3cc30a1f) Importer(2089858483,192608db42251d675da83286b1cce702)
Start importing Assets/models/npc_casual_set_00/Mesh/Mesh_Parts/npc_hmn_01f_upperbody2.fbx using Guid(e55bb1743f855884c9ba1cfa3cc30a1f) Importer(2089858483,192608db42251d675da83286b1cce702) (ScriptedImporter) -> (artifact id: '4fb8a5c9dad950e2419b8373dd2ce921') in 0.0330773 seconds
Number of updated asset objects reloaded before import = 0Number of asset objects unloaded after import = 145

========================================================================
Received Import Request.
  Time since last request: 0.000016 seconds.
  path: Assets/models/Fries and Seagull/Bar 02/Prefabs/Wine Bottles & Cups/Wine Bottle 2.prefab
  artifactKey: Guid(2721147b0f285bb40a745d579e3d7974) Importer(2089858483,192608db42251d675da83286b1cce702)
Start importing Assets/models/Fries and Seagull/Bar 02/Prefabs/Wine Bottles & Cups/Wine Bottle 2.prefab using Guid(2721147b0f285bb40a745d579e3d7974) Importer(2089858483,192608db42251d675da83286b1cce702) (ScriptedImporter) -> (artifact id: 'bc916a5b4e042b44238eacf823a5a117') in 0.016463 seconds
Number of updated asset objects reloaded before import = 0Number of asset objects unloaded after import = 17

========================================================================
Received Import Request.
  Time since last request: 0.000016 seconds.
  path: Assets/models/Fries and Seagull/Bar 02/Scene Props/Scripts/ArrayArrangement.cs
  artifactKey: Guid(cda8add98f4b71744a8708d2f71be524) Importer(2089858483,192608db42251d675da83286b1cce702)
Start importing Assets/models/Fries and Seagull/Bar 02/Scene Props/Scripts/ArrayArrangement.cs using Guid(cda8add98f4b71744a8708d2f71be524) Importer(2089858483,192608db42251d675da83286b1cce702) (ScriptedImporter) -> (artifact id: 'eeb635c4deac1ec01bf471ef0fa3505a') in 0.0140584 seconds
Number of updated asset objects reloaded before import = 0Number of asset objects unloaded after import = 0

========================================================================
Received Import Request.
  Time since last request: 0.000017 seconds.
  path: Assets/models/PolyKebap/LED Light Essentials Pack/Materials/LedLightBase.mat
  artifactKey: Guid(99ed8d283967af84fbd29f53f9c7eae8) Importer(2089858483,192608db42251d675da83286b1cce702)
Start importing Assets/models/PolyKebap/LED Light Essentials Pack/Materials/LedLightBase.mat using Guid(99ed8d283967af84fbd29f53f9c7eae8) Importer(2089858483,192608db42251d675da83286b1cce702) (ScriptedImporter) -> (artifact id: '86212c52b5cc030fd21a2807bd825d06') in 0.0124706 seconds
Number of updated asset objects reloaded before import = 0Number of asset objects unloaded after import = 1

========================================================================
Received Import Request.
  Time since last request: 0.000022 seconds.
  path: Assets/models/Fries and Seagull/Bar 02/Scene Props/Scripts/Inspector/AnInspector.cs
  artifactKey: Guid(44783aab2da84028a5c2035967c3cccb) Importer(2089858483,192608db42251d675da83286b1cce702)
Start importing Assets/models/Fries and Seagull/Bar 02/Scene Props/Scripts/Inspector/AnInspector.cs using Guid(44783aab2da84028a5c2035967c3cccb) Importer(2089858483,192608db42251d675da83286b1cce702) (ScriptedImporter) -> (artifact id: 'a05212c831133727829a298a81d35ec2') in 0.0118636 seconds
Number of updated asset objects reloaded before import = 0Number of asset objects unloaded after import = 0

========================================================================
Received Import Request.
  Time since last request: 0.000017 seconds.
  path: Assets/models/PolyKebap/LED Light Essentials Pack/Prefabs/ON/LED_Light_7.prefab
  artifactKey: Guid(d7561889ed225f440abef01860a852b6) Importer(2089858483,192608db42251d675da83286b1cce702)
Start importing Assets/models/PolyKebap/LED Light Essentials Pack/Prefabs/ON/LED_Light_7.prefab using Guid(d7561889ed225f440abef01860a852b6) Importer(2089858483,192608db42251d675da83286b1cce702) (ScriptedImporter) -> (artifact id: 'f0080fc6d542d038d279781f61f91944') in 0.0429967 seconds
Number of updated asset objects reloaded before import = 0Number of asset objects unloaded after import = 25

========================================================================
Received Import Request.
  Time since last request: 0.000013 seconds.
  path: Assets/models/Fries and Seagull/Bar 02/Models/Chair 1.fbx
  artifactKey: Guid(7dd95af8e0d97d04eab94c941d1ba98e) Importer(2089858483,192608db42251d675da83286b1cce702)
Start importing Assets/models/Fries and Seagull/Bar 02/Models/Chair 1.fbx using Guid(7dd95af8e0d97d04eab94c941d1ba98e) Importer(2089858483,192608db42251d675da83286b1cce702) (ScriptedImporter) -> (artifact id: 'e5b715c1235cc20887078c6988d1329b') in 0.0326744 seconds
Number of updated asset objects reloaded before import = 0Number of asset objects unloaded after import = 11

========================================================================
Received Import Request.
  Time since last request: 0.000014 seconds.
  path: Assets/models/Fries and Seagull/Bar 02/Models/Tankard.fbx
  artifactKey: Guid(7dd5562a5ac82104d9f14275ba6a9f67) Importer(2089858483,192608db42251d675da83286b1cce702)
Start importing Assets/models/Fries and Seagull/Bar 02/Models/Tankard.fbx using Guid(7dd5562a5ac82104d9f14275ba6a9f67) Importer(2089858483,192608db42251d675da83286b1cce702) (ScriptedImporter) -> (artifact id: '2f4d3b9f364bc98f02743e0400b7c979') in 0.0291115 seconds
Number of updated asset objects reloaded before import = 0Number of asset objects unloaded after import = 17

========================================================================
Received Import Request.
  Time since last request: 0.000017 seconds.
  path: Assets/models/Fries and Seagull/Bar 02/Models/Wall-mounted Wine Rack.fbx
  artifactKey: Guid(8a8b5b3b4399ad9458699dbbf14b796e) Importer(2089858483,192608db42251d675da83286b1cce702)
Start importing Assets/models/Fries and Seagull/Bar 02/Models/Wall-mounted Wine Rack.fbx using Guid(8a8b5b3b4399ad9458699dbbf14b796e) Importer(2089858483,192608db42251d675da83286b1cce702) (ScriptedImporter) -> (artifact id: '558cc0cac28bb41d3e05b9d8eca02812') in 0.0300414 seconds
Number of updated asset objects reloaded before import = 0Number of asset objects unloaded after import = 12

========================================================================
Received Import Request.
  Time since last request: 0.000019 seconds.
  path: Assets/models/Fries and Seagull/Bar 02/Prefabs/Tables & Chairs/Bar Stool.prefab
  artifactKey: Guid(4722f8fbc1bb9b24eb1df990df499441) Importer(2089858483,192608db42251d675da83286b1cce702)
Start importing Assets/models/Fries and Seagull/Bar 02/Prefabs/Tables & Chairs/Bar Stool.prefab using Guid(4722f8fbc1bb9b24eb1df990df499441) Importer(2089858483,192608db42251d675da83286b1cce702) (ScriptedImporter) -> (artifact id: 'd4be8ed4d8f0100c4d9564e27d4c2b73') in 0.0212825 seconds
Number of updated asset objects reloaded before import = 0Number of asset objects unloaded after import = 19

========================================================================
Received Import Request.
  Time since last request: 0.000018 seconds.
  path: Assets/models/Fries and Seagull/Bar 02/Models/Picture Frame 3.fbx
  artifactKey: Guid(5d99489e64b4013438402e74ae151aa0) Importer(2089858483,192608db42251d675da83286b1cce702)
Start importing Assets/models/Fries and Seagull/Bar 02/Models/Picture Frame 3.fbx using Guid(5d99489e64b4013438402e74ae151aa0) Importer(2089858483,192608db42251d675da83286b1cce702) (ScriptedImporter) -> (artifact id: '9192f57e704a320861619065dcdb321b') in 0.0250167 seconds
Number of updated asset objects reloaded before import = 0Number of asset objects unloaded after import = 9

========================================================================
Received Import Request.
  Time since last request: 0.000014 seconds.
  path: Assets/models/Fries and Seagull/Bar 02/Prefabs/Barrel Rack.prefab
  artifactKey: Guid(732bac1f47862294297bd4b4c5fc203d) Importer(2089858483,192608db42251d675da83286b1cce702)
Start importing Assets/models/Fries and Seagull/Bar 02/Prefabs/Barrel Rack.prefab using Guid(732bac1f47862294297bd4b4c5fc203d) Importer(2089858483,192608db42251d675da83286b1cce702) (ScriptedImporter) -> (artifact id: '9dad2cf622645dfa1bf84e3a4d5cc1bc') in 0.0353401 seconds
Number of updated asset objects reloaded before import = 0Number of asset objects unloaded after import = 20

========================================================================
Received Import Request.
  Time since last request: 0.000015 seconds.
  path: Assets/models/Fries and Seagull/Bar 02/Models/Materials/Material.062.mat
  artifactKey: Guid(46337f1d6bcc9cd4abfa6c6f4d6eb141) Importer(2089858483,192608db42251d675da83286b1cce702)
Start importing Assets/models/Fries and Seagull/Bar 02/Models/Materials/Material.062.mat using Guid(46337f1d6bcc9cd4abfa6c6f4d6eb141) Importer(2089858483,192608db42251d675da83286b1cce702) (ScriptedImporter) -> (artifact id: 'ba8472e58b3981eb721a5c89f7d136af') in 0.0092808 seconds
Number of updated asset objects reloaded before import = 0Number of asset objects unloaded after import = 1

========================================================================
Received Import Request.
  Time since last request: 0.000013 seconds.
  path: Assets/models/Fries and Seagull/Bar 02/Prefabs/Light Sources/Chandelier.prefab
  artifactKey: Guid(d47826aec3e298a499d4957dd517e6c5) Importer(2089858483,192608db42251d675da83286b1cce702)
Start importing Assets/models/Fries and Seagull/Bar 02/Prefabs/Light Sources/Chandelier.prefab using Guid(d47826aec3e298a499d4957dd517e6c5) Importer(2089858483,192608db42251d675da83286b1cce702) (ScriptedImporter) -> (artifact id: '8d8eb5b56b942a2f101a3015269621a5') in 0.0570641 seconds
Number of updated asset objects reloaded before import = 0Number of asset objects unloaded after import = 40

========================================================================
Received Import Request.
  Time since last request: 0.000019 seconds.
  path: Assets/models/Fries and Seagull/Bar 02/BRP Sample Scene.unity
  artifactKey: Guid(ab87d11da6d96f843bfe3ecf6b8a89ba) Importer(2089858483,192608db42251d675da83286b1cce702)
Start importing Assets/models/Fries and Seagull/Bar 02/BRP Sample Scene.unity using Guid(ab87d11da6d96f843bfe3ecf6b8a89ba) Importer(2089858483,192608db42251d675da83286b1cce702) (ScriptedImporter) -> (artifact id: '0f2c72f1d399aaf4f2c87ba67f2aee9e') in 0.0394755 seconds
Number of updated asset objects reloaded before import = 0Number of asset objects unloaded after import = 1

========================================================================
Received Import Request.
  Time since last request: 0.000034 seconds.
  path: Assets/models/Fries and Seagull/Bar 02/Models/Hanging Scroll 2.fbx
  artifactKey: Guid(a29bea5e77115524c9cb4727aa22f230) Importer(2089858483,192608db42251d675da83286b1cce702)
Start importing Assets/models/Fries and Seagull/Bar 02/Models/Hanging Scroll 2.fbx using Guid(a29bea5e77115524c9cb4727aa22f230) Importer(2089858483,192608db42251d675da83286b1cce702) (ScriptedImporter) -> (artifact id: 'cd74554eff52eda15d332f4dbc8679ae') in 0.0242806 seconds
Number of updated asset objects reloaded before import = 0Number of asset objects unloaded after import = 11

========================================================================
Received Import Request.
  Time since last request: 0.000017 seconds.
  path: Assets/models/Fries and Seagull/Bar 02/Models/Tankard 2.fbx
  artifactKey: Guid(9351726f203ccd9498512d8b2a32a92f) Importer(2089858483,192608db42251d675da83286b1cce702)
Start importing Assets/models/Fries and Seagull/Bar 02/Models/Tankard 2.fbx using Guid(9351726f203ccd9498512d8b2a32a92f) Importer(2089858483,192608db42251d675da83286b1cce702) (ScriptedImporter) -> (artifact id: '5e17c719f8952403a9b9b4885f15f1bc') in 0.025002 seconds
Number of updated asset objects reloaded before import = 0Number of asset objects unloaded after import = 17

========================================================================
Received Import Request.
  Time since last request: 0.000013 seconds.
  path: Assets/models/Fries and Seagull/Bar 02/Prefabs/Tables & Chairs/Chair 1.prefab
  artifactKey: Guid(e058cac87bc97254195da76be77d83e6) Importer(2089858483,192608db42251d675da83286b1cce702)
Start importing Assets/models/Fries and Seagull/Bar 02/Prefabs/Tables & Chairs/Chair 1.prefab using Guid(e058cac87bc97254195da76be77d83e6) Importer(2089858483,192608db42251d675da83286b1cce702) (ScriptedImporter) -> (artifact id: '73b9727cb35e9a0284f9e54b798f97df') in 0.0314234 seconds
Number of updated asset objects reloaded before import = 0Number of asset objects unloaded after import = 19

========================================================================
Received Import Request.
  Time since last request: 0.000011 seconds.
  path: Assets/models/PolyKebap/LED Light Essentials Pack/Prefabs/ONEmissiveOnly/LED_Light_6.prefab
  artifactKey: Guid(d434bb1a009822d438e5b0824f1c231e) Importer(2089858483,192608db42251d675da83286b1cce702)
Start importing Assets/models/PolyKebap/LED Light Essentials Pack/Prefabs/ONEmissiveOnly/LED_Light_6.prefab using Guid(d434bb1a009822d438e5b0824f1c231e) Importer(2089858483,192608db42251d675da83286b1cce702) (ScriptedImporter) -> (artifact id: '2601b2e713d0a998f8a016e79f6ddecf') in 0.0249892 seconds
Number of updated asset objects reloaded before import = 0Number of asset objects unloaded after import = 20

========================================================================
Received Import Request.
  Time since last request: 0.000016 seconds.
  path: Assets/models/npc_casual_set_00/Prefabs/npc_haircut_c_02.prefab
  artifactKey: Guid(63d9c0478d9d8ec41a1b412150d36c14) Importer(2089858483,192608db42251d675da83286b1cce702)
Start importing Assets/models/npc_casual_set_00/Prefabs/npc_haircut_c_02.prefab using Guid(63d9c0478d9d8ec41a1b412150d36c14) Importer(2089858483,192608db42251d675da83286b1cce702) (ScriptedImporter) -> (artifact id: '208a6f0db98d15a7700e8a7b62b1bd6b') in 0.0416293 seconds
Number of updated asset objects reloaded before import = 0Number of asset objects unloaded after import = 275

========================================================================
Received Import Request.
  Time since last request: 0.000016 seconds.
  path: Assets/models/npc_casual_set_00/Textures/npc_csl_shoe_01_00_01_o.tif
  artifactKey: Guid(fb46aaa6134efbf49bed36f649d37ee3) Importer(2089858483,192608db42251d675da83286b1cce702)
Start importing Assets/models/npc_casual_set_00/Textures/npc_csl_shoe_01_00_01_o.tif using Guid(fb46aaa6134efbf49bed36f649d37ee3) Importer(2089858483,192608db42251d675da83286b1cce702) (ScriptedImporter) -> (artifact id: 'c1dac20bf6ff28692d063ff9474eb403') in 0.019302 seconds
Number of updated asset objects reloaded before import = 0Number of asset objects unloaded after import = 1

========================================================================
Received Import Request.
  Time since last request: 0.000023 seconds.
  path: Assets/models/ProBuilder Data
  artifactKey: Guid(a4d8e6c7f2efac44dbf1c09cbdd23eb7) Importer(2089858483,192608db42251d675da83286b1cce702)
Start importing Assets/models/ProBuilder Data using Guid(a4d8e6c7f2efac44dbf1c09cbdd23eb7) Importer(2089858483,192608db42251d675da83286b1cce702) (ScriptedImporter) -> (artifact id: 'ef7f91e08f2cc1dd436104af68ff8347') in 0.0133038 seconds
Number of updated asset objects reloaded before import = 0Number of asset objects unloaded after import = 1

========================================================================
Received Import Request.
  Time since last request: 0.000013 seconds.
  path: Assets/models/npc_casual_set_00/Textures/npc_csl_pants_00m_01_01_c.tif
  artifactKey: Guid(e873a228dc09b8f4794863d68722af4f) Importer(2089858483,192608db42251d675da83286b1cce702)
Start importing Assets/models/npc_casual_set_00/Textures/npc_csl_pants_00m_01_01_c.tif using Guid(e873a228dc09b8f4794863d68722af4f) Importer(2089858483,192608db42251d675da83286b1cce702) (ScriptedImporter) -> (artifact id: '0fb702ce03c8b90c3211e05c441de6b6') in 0.0241613 seconds
Number of updated asset objects reloaded before import = 0Number of asset objects unloaded after import = 1

========================================================================
Received Import Request.
  Time since last request: 0.000014 seconds.
  path: Assets/Resources/walking.wav
  artifactKey: Guid(ad37980c8275d634fa2eb1cb7a231acd) Importer(2089858483,192608db42251d675da83286b1cce702)
Start importing Assets/Resources/walking.wav using Guid(ad37980c8275d634fa2eb1cb7a231acd) Importer(2089858483,192608db42251d675da83286b1cce702) (ScriptedImporter) -> (artifact id: '4a2bba2c6f689a1c467b1a348226332e') in 0.0320278 seconds
Number of updated asset objects reloaded before import = 0Number of asset objects unloaded after import = 1

========================================================================
Received Import Request.
  Time since last request: 0.000013 seconds.
  path: Assets/models/npc_casual_set_00/MaterialsUPR/mtl_npc_hmn_face_01f_04_01.mat
  artifactKey: Guid(618d1634646078e4988609eaa2ef134f) Importer(2089858483,192608db42251d675da83286b1cce702)
Start importing Assets/models/npc_casual_set_00/MaterialsUPR/mtl_npc_hmn_face_01f_04_01.mat using Guid(618d1634646078e4988609eaa2ef134f) Importer(2089858483,192608db42251d675da83286b1cce702) (ScriptedImporter) -> (artifact id: 'd9468710a6575cd751bf420df279ab93') in 0.0273389 seconds
Number of updated asset objects reloaded before import = 0Number of asset objects unloaded after import = 5

========================================================================
Received Prepare
Assembly reference Packages/com.unity.cinemachine/Editor/Samples/ExposeHDRPInternals/HDRP-Editor-ref.asmref has no target assembly definition
Assembly reference Packages/com.unity.cinemachine/Editor/Samples/ExposeHDRPInternals/HDRP-Editor-ref.asmref has no target assembly definition
Begin MonoManager ReloadAssembly
- Loaded All Assemblies, in  0.749 seconds
Assembly reference Packages/com.unity.cinemachine/Editor/Samples/ExposeHDRPInternals/HDRP-Editor-ref.asmref has no target assembly definition
'Packages/com.unity.cinemachine/Editor/Obsolete/CinemachineVirtualCameraBaseEditor.cs' contains partial class of Unity.Object, exactly 1 of the partial classes needs to be in a file with the same filename. This is to know the one that can be referenced from ie. GameObjects
'Packages/com.unity.cinemachine/Editor/Editors/CinemachineVirtualCameraBaseEditor.cs' contains partial class of Unity.Object, exactly 1 of the partial classes needs to be in a file with the same filename. This is to know the one that can be referenced from ie. GameObjects
Refreshing native plugins compatible for Editor in 0.43 ms, found 3 plugins.
Native extension for WindowsStandalone target not found
Native extension for WebGL target not found
Assembly reference Packages/com.unity.cinemachine/Editor/Samples/ExposeHDRPInternals/HDRP-Editor-ref.asmref has no target assembly definition
[Package Manager] Failed to launch server process. Reason: Unity was launched with the -noUpm command-line argument
[Package Manager] Unable to send message (not connected to server process).
[Package Manager] Cannot connect to Unity Package Manager local server
[Package Manager] Failed to launch server process. Reason: Unity was launched with the -noUpm command-line argument
[Package Manager] Unable to send message (not connected to server process).
[Package Manager] Cannot connect to Unity Package Manager local server
[MODES] ModeService[none].Initialize
[MODES] ModeService[none].LoadModes
Mono: successfully reloaded assembly
- Finished resetting the current domain, in  0.710 seconds
Domain Reload Profiling: 1462ms
	BeginReloadAssembly (241ms)
		ExecutionOrderSort (0ms)
		DisableScriptedObjects (7ms)
		BackupInstance (0ms)
		ReleaseScriptingObjects (0ms)
		CreateAndSetChildDomain (77ms)
	RebuildCommonClasses (45ms)
	RebuildNativeTypeToScriptingClass (13ms)
	initialDomainReloadingComplete (23ms)
	LoadAllAssembliesAndSetupDomain (430ms)
		LoadAssemblies (335ms)
		RebuildTransferFunctionScriptingTraits (0ms)
		AnalyzeDomain (194ms)
			TypeCache.Refresh (6ms)
				TypeCache.ScanAssembly (0ms)
			BuildScriptInfoCaches (166ms)
			ResolveRequiredComponents (16ms)
	FinalizeReload (710ms)
		ReleaseScriptCaches (0ms)
		RebuildScriptCaches (0ms)
		SetupLoadedEditorAssemblies (557ms)
			LogAssemblyErrors (0ms)
			InitializePlatformSupportModulesInManaged (3ms)
			SetLoadedEditorAssemblies (3ms)
			BeforeProcessingInitializeOnLoad (124ms)
			ProcessInitializeOnLoadAttributes (347ms)
			ProcessInitializeOnLoadMethodAttributes (77ms)
			AfterProcessingInitializeOnLoad (3ms)
			EditorAssembliesLoaded (0ms)
		ExecutionOrderSort2 (0ms)
		AwakeInstancesAfterBackupRestoration (12ms)
Refreshing native plugins compatible for Editor in 1.29 ms, found 3 plugins.
Preloading 0 native plugins for Editor in 0.00 ms.
Unloading 27 Unused Serialized files (Serialized files now loaded: 0)
Unloading 7089 unused Assets / (6.8 MB). Loaded Objects now: 7860.
Memory consumption went from 160.0 MB to 153.3 MB.
Total: 12.637600 ms (FindLiveObjects: 0.962800 ms CreateObjectMapping: 0.863300 ms MarkObjects: 6.430300 ms  DeleteObjects: 4.379400 ms)

Prepare: number of updated asset objects reloaded= 0
========================================================================
Received Prepare
Assembly reference Packages/com.unity.cinemachine/Editor/Samples/ExposeHDRPInternals/HDRP-Editor-ref.asmref has no target assembly definition
Assembly reference Packages/com.unity.cinemachine/Editor/Samples/ExposeHDRPInternals/HDRP-Editor-ref.asmref has no target assembly definition
Begin MonoManager ReloadAssembly
[Licensing::Client] Successfully resolved entitlement details
- Loaded All Assemblies, in  0.672 seconds
Assembly reference Packages/com.unity.cinemachine/Editor/Samples/ExposeHDRPInternals/HDRP-Editor-ref.asmref has no target assembly definition
'Packages/com.unity.cinemachine/Editor/Obsolete/CinemachineVirtualCameraBaseEditor.cs' contains partial class of Unity.Object, exactly 1 of the partial classes needs to be in a file with the same filename. This is to know the one that can be referenced from ie. GameObjects
'Packages/com.unity.cinemachine/Editor/Editors/CinemachineVirtualCameraBaseEditor.cs' contains partial class of Unity.Object, exactly 1 of the partial classes needs to be in a file with the same filename. This is to know the one that can be referenced from ie. GameObjects
Refreshing native plugins compatible for Editor in 0.67 ms, found 3 plugins.
Native extension for WindowsStandalone target not found
Native extension for WebGL target not found
Assembly reference Packages/com.unity.cinemachine/Editor/Samples/ExposeHDRPInternals/HDRP-Editor-ref.asmref has no target assembly definition
[Package Manager] Failed to launch server process. Reason: Unity was launched with the -noUpm command-line argument
[Package Manager] Unable to send message (not connected to server process).
[Package Manager] Cannot connect to Unity Package Manager local server
[Package Manager] Failed to launch server process. Reason: Unity was launched with the -noUpm command-line argument
[Package Manager] Unable to send message (not connected to server process).
[Package Manager] Cannot connect to Unity Package Manager local server
[MODES] ModeService[none].Initialize
[MODES] ModeService[none].LoadModes
Mono: successfully reloaded assembly
- Finished resetting the current domain, in  0.714 seconds
Domain Reload Profiling: 1388ms
	BeginReloadAssembly (196ms)
		ExecutionOrderSort (0ms)
		DisableScriptedObjects (4ms)
		BackupInstance (0ms)
		ReleaseScriptingObjects (0ms)
		CreateAndSetChildDomain (47ms)
	RebuildCommonClasses (36ms)
	RebuildNativeTypeToScriptingClass (17ms)
	initialDomainReloadingComplete (20ms)
	LoadAllAssembliesAndSetupDomain (404ms)
		LoadAssemblies (304ms)
		RebuildTransferFunctionScriptingTraits (0ms)
		AnalyzeDomain (186ms)
			TypeCache.Refresh (7ms)
				TypeCache.ScanAssembly (0ms)
			BuildScriptInfoCaches (157ms)
			ResolveRequiredComponents (19ms)
	FinalizeReload (714ms)
		ReleaseScriptCaches (0ms)
		RebuildScriptCaches (0ms)
		SetupLoadedEditorAssemblies (585ms)
			LogAssemblyErrors (0ms)
			InitializePlatformSupportModulesInManaged (2ms)
			SetLoadedEditorAssemblies (3ms)
			BeforeProcessingInitializeOnLoad (118ms)
			ProcessInitializeOnLoadAttributes (361ms)
			ProcessInitializeOnLoadMethodAttributes (97ms)
			AfterProcessingInitializeOnLoad (3ms)
			EditorAssembliesLoaded (0ms)
		ExecutionOrderSort2 (0ms)
		AwakeInstancesAfterBackupRestoration (13ms)
Refreshing native plugins compatible for Editor in 0.87 ms, found 3 plugins.
Preloading 0 native plugins for Editor in 0.00 ms.
Unloading 27 Unused Serialized files (Serialized files now loaded: 0)
Unloading 7088 unused Assets / (6.4 MB). Loaded Objects now: 7863.
Memory consumption went from 160.0 MB to 153.6 MB.
Total: 10.296800 ms (FindLiveObjects: 0.697800 ms CreateObjectMapping: 0.644200 ms MarkObjects: 5.522700 ms  DeleteObjects: 3.430800 ms)

Prepare: number of updated asset objects reloaded= 0
Editor requested this worker to shutdown with reason: Scaling down because of idle timeout
AssetImportWorker is now disconnected from the server
Process exiting
Exiting without the bug reporter. Application will terminate with return code 0