[Licensing::Module] Trying to connect to existing licensing client channel...
[Licensing::IpcConnector] Successfully connected to: "LicenseClient-hp" at "2026-01-26T02:47:58.98387Z"
Built from '6000.2/staging' branch; Version is '6000.2.10f1 (d3d30d158480) revision 13882125'; Using compiler version '194234433'; Build Type 'Release'
OS: 'Windows 11  (10.0.22621) 64bit CoreCountrySpecific' Language: 'zh' Physical Memory: 16077 MB
BatchMode: 1, IsHumanControllingUs: 0, StartBugReporterOnCrash: 0, Is64bit: 1
Date: 2026-01-26T02:47:58Z

COMMAND LINE ARGUMENTS:
C:\Program Files\Unity\Hub\Editor\6000.2.10f1\Editor\Unity.exe
-adb2
-batchMode
-noUpm
-name
AssetImportWorker18
-projectPath
E:/games/unity/unity stuco
-logFile
Logs/AssetImportWorker18.log
-srvPort
52912
-licensingIpc
LicenseClient-hp
-job-worker-count
9
-background-job-worker-count
8
-gc-helper-count
1
-name
AssetImport
Successfully changed project path to: E:/games/unity/unity stuco
E:/games/unity/unity stuco
[UnityMemory] Configuration Parameters - Can be set up in boot.config
    "memorysetup-allocator-temp-initial-block-size-main=262144"
    "memorysetup-allocator-temp-initial-block-size-worker=262144"
    "memorysetup-bucket-allocator-granularity=16"
    "memorysetup-bucket-allocator-bucket-count=8"
    "memorysetup-bucket-allocator-block-size=33554432"
    "memorysetup-bucket-allocator-block-count=8"
    "memorysetup-main-allocator-block-size=16777216"
    "memorysetup-thread-allocator-block-size=16777216"
    "memorysetup-gfx-main-allocator-block-size=16777216"
    "memorysetup-gfx-thread-allocator-block-size=16777216"
    "memorysetup-cache-allocator-block-size=4194304"
    "memorysetup-typetree-allocator-block-size=2097152"
    "memorysetup-profiler-bucket-allocator-granularity=16"
    "memorysetup-profiler-bucket-allocator-bucket-count=8"
    "memorysetup-profiler-bucket-allocator-block-size=33554432"
    "memorysetup-profiler-bucket-allocator-block-count=8"
    "memorysetup-profiler-allocator-block-size=16777216"
    "memorysetup-profiler-editor-allocator-block-size=1048576"
    "memorysetup-temp-allocator-size-main=16777216"
    "memorysetup-job-temp-allocator-block-size=2097152"
    "memorysetup-job-temp-allocator-block-size-background=1048576"
    "memorysetup-job-temp-allocator-reduction-small-platforms=262144"
    "memorysetup-temp-allocator-size-background-worker=32768"
    "memorysetup-temp-allocator-size-job-worker=262144"
    "memorysetup-temp-allocator-size-preload-manager=33554432"
    "memorysetup-temp-allocator-size-nav-mesh-worker=65536"
    "memorysetup-temp-allocator-size-audio-worker=65536"
    "memorysetup-temp-allocator-size-cloud-worker=32768"
    "memorysetup-temp-allocator-size-gi-baking-worker=262144"
    "memorysetup-temp-allocator-size-gi-baking-worker=262144"
    "memorysetup-temp-allocator-size-gi-baking-worker=262144"
    "memorysetup-temp-allocator-size-gi-baking-worker=262144"
    "memorysetup-temp-allocator-size-gi-baking-worker=262144"
    "memorysetup-temp-allocator-size-gfx=262144"
Player connection [28628]  Target information:

Player connection [28628]  * "[IP] 26.16.34.112 [Port] 0 [Flags] 2 [Guid] 166831922 [EditorId] 166831922 [Version] 1048832 [Id] WindowsEditor(7,Sine-laptop) [Debug] 1 [PackageName] WindowsEditor [ProjectName] Editor" 

Player connection [28628]  * "[IP] 169.254.83.107 [Port] 0 [Flags] 2 [Guid] 166831922 [EditorId] 166831922 [Version] 1048832 [Id] WindowsEditor(7,Sine-laptop) [Debug] 1 [PackageName] WindowsEditor [ProjectName] Editor" 

Player connection [28628]  * "[IP] 10.0.0.176 [Port] 0 [Flags] 2 [Guid] 166831922 [EditorId] 166831922 [Version] 1048832 [Id] WindowsEditor(7,Sine-laptop) [Debug] 1 [PackageName] WindowsEditor [ProjectName] Editor" 

Player connection [28628] Host joined multi-casting on [225.0.0.222:54997]...
Player connection [28628] Host joined alternative multi-casting on [225.0.0.222:34997]...
JobSystem: Creating JobQueue using job-worker-count value 9
Input System module state changed to: Initialized.
[Physics::Module] Initialized fallback backend.
[Physics::Module] Id: 0xdecafbad
[Licensing::Client] Code 10 while verifying Licensing Client signature (process Id: 21424, path: "D:/program files/unity hub/UnityLicensingClient_V1/Unity.Licensing.Client.exe")
[Licensing::Module] LicensingClient has failed validation; ignoring
[Licensing::Client] Handshaking with LicensingClient:
  Version:                 1.17.4+4293ba1
  Session Id:              34d5e5b8caec4362b4bb48a0fdc2666a
  Correlation Id:          7c14848868e067cf13524863e53c52db
  External correlation Id: 1069383959331764123
  Machine Id:              oJYw/SjKF5VKeIElphCQc4K/MVg=
[Licensing::Module] Successfully connected to LicensingClient on channel: "LicenseClient-hp" (connect: 0.00s, validation: 0.00s, handshake: 0.05s)
[Licensing::IpcConnector] Successfully connected to: "LicenseClient-hp-notifications" at "2026-01-26T02:47:59.0395192Z"
[Licensing::Module] Licensing Background thread has ended after 0.06s
Library Redirect Path: Library/
[Physics::Module] Selected backend.
[Physics::Module] Name: PhysX
[Physics::Module] Id: 0xf2b8ea05
[Physics::Module] SDK Version: 4.1.2
[Physics::Module] Integration Version: 1.0.0
[Physics::Module] Threading Mode: Multi-Threaded
Refreshing native plugins compatible for Editor in 1.70 ms, found 3 plugins.
Preloading 0 native plugins for Editor in 0.00 ms.
Initialize engine version: 6000.2.10f1 (d3d30d158480)
[Subsystems] Discovering subsystems at path C:/Program Files/Unity/Hub/Editor/6000.2.10f1/Editor/Data/Resources/UnitySubsystems
[Subsystems] Discovering subsystems at path E:/games/unity/unity stuco/Assets
GfxDevice: creating device client; kGfxThreadingModeNonThreaded
Direct3D:
    Version:  Direct3D 11.0 [level 11.1]
    Renderer: NVIDIA GeForce RTX 4060 Laptop GPU (ID=0x28a0)
    Vendor:   NVIDIA
    VRAM:     7957 MB
    Driver:   32.0.15.6094
Initialize mono
Mono path[0] = 'C:/Program Files/Unity/Hub/Editor/6000.2.10f1/Editor/Data/Managed'
Mono path[1] = 'C:/Program Files/Unity/Hub/Editor/6000.2.10f1/Editor/Data/MonoBleedingEdge/lib/mono/unityjit-win32'
Mono config path = 'C:/Program Files/Unity/Hub/Editor/6000.2.10f1/Editor/Data/MonoBleedingEdge/etc'
Using monoOptions --debugger-agent=transport=dt_socket,embedding=1,server=y,suspend=n,address=127.0.0.1:56864
Begin MonoManager ReloadAssembly
Registering precompiled unity dll's ...
Register platform support module: C:/Program Files/Unity/Hub/Editor/6000.2.10f1/Editor/Data/PlaybackEngines/WebGLSupport/UnityEditor.WebGL.Extensions.dll
Register platform support module: C:/Program Files/Unity/Hub/Editor/6000.2.10f1/Editor/Data/PlaybackEngines/WindowsStandaloneSupport/UnityEditor.WindowsStandalone.Extensions.dll
Registered in 0.002232 seconds.
- Loaded All Assemblies, in  0.581 seconds
Native extension for WindowsStandalone target not found
Native extension for WebGL target not found
Mono: successfully reloaded assembly
- Finished resetting the current domain, in  0.637 seconds
Domain Reload Profiling: 1217ms
	BeginReloadAssembly (192ms)
		ExecutionOrderSort (0ms)
		DisableScriptedObjects (0ms)
		BackupInstance (0ms)
		ReleaseScriptingObjects (0ms)
		CreateAndSetChildDomain (1ms)
	RebuildCommonClasses (49ms)
	RebuildNativeTypeToScriptingClass (17ms)
	initialDomainReloadingComplete (63ms)
	LoadAllAssembliesAndSetupDomain (258ms)
		LoadAssemblies (187ms)
		RebuildTransferFunctionScriptingTraits (0ms)
		AnalyzeDomain (254ms)
			TypeCache.Refresh (252ms)
				TypeCache.ScanAssembly (231ms)
			BuildScriptInfoCaches (0ms)
			ResolveRequiredComponents (1ms)
	FinalizeReload (638ms)
		ReleaseScriptCaches (0ms)
		RebuildScriptCaches (0ms)
		SetupLoadedEditorAssemblies (544ms)
			LogAssemblyErrors (0ms)
			InitializePlatformSupportModulesInManaged (98ms)
			SetLoadedEditorAssemblies (5ms)
			BeforeProcessingInitializeOnLoad (117ms)
			ProcessInitializeOnLoadAttributes (241ms)
			ProcessInitializeOnLoadMethodAttributes (82ms)
			AfterProcessingInitializeOnLoad (0ms)
			EditorAssembliesLoaded (0ms)
		ExecutionOrderSort2 (0ms)
		AwakeInstancesAfterBackupRestoration (0ms)
Assembly reference Packages/com.unity.cinemachine/Editor/Samples/ExposeHDRPInternals/HDRP-Editor-ref.asmref has no target assembly definition
========================================================================
Worker process is ready to serve import requests
Import Worker Mode flag is 0x00
Assembly reference Packages/com.unity.cinemachine/Editor/Samples/ExposeHDRPInternals/HDRP-Editor-ref.asmref has no target assembly definition
Assembly reference Packages/com.unity.cinemachine/Editor/Samples/ExposeHDRPInternals/HDRP-Editor-ref.asmref has no target assembly definition
Begin MonoManager ReloadAssembly
[Licensing::Client] Successfully resolved entitlement details
[Licensing::Module] License group:
  Id: 2475887581673-UnityPersXXXX
  Product: Unity Personal
  Type: Assigned
  Expiration: Unlimited
- Loaded All Assemblies, in  3.293 seconds
Assembly reference Packages/com.unity.cinemachine/Editor/Samples/ExposeHDRPInternals/HDRP-Editor-ref.asmref has no target assembly definition
'Packages/com.unity.cinemachine/Editor/Obsolete/CinemachineVirtualCameraBaseEditor.cs' contains partial class of Unity.Object, exactly 1 of the partial classes needs to be in a file with the same filename. This is to know the one that can be referenced from ie. GameObjects
'Packages/com.unity.cinemachine/Editor/Editors/CinemachineVirtualCameraBaseEditor.cs' contains partial class of Unity.Object, exactly 1 of the partial classes needs to be in a file with the same filename. This is to know the one that can be referenced from ie. GameObjects
Refreshing native plugins compatible for Editor in 4.51 ms, found 3 plugins.
Native extension for WindowsStandalone target not found
Native extension for WebGL target not found
Assembly reference Packages/com.unity.cinemachine/Editor/Samples/ExposeHDRPInternals/HDRP-Editor-ref.asmref has no target assembly definition
Package Manager log level set to [2]
[Package Manager] Failed to launch server process. Reason: Unity was launched with the -noUpm command-line argument
[Package Manager] Unable to send message (not connected to server process).
[Package Manager] Cannot connect to Unity Package Manager local server
[Package Manager] Failed to launch server process. Reason: Unity was launched with the -noUpm command-line argument
[Package Manager] Unable to send message (not connected to server process).
[Package Manager] Cannot connect to Unity Package Manager local server
[MODES] ModeService[none].Initialize
[MODES] ModeService[none].LoadModes
[MODES] Loading mode Default (0) for mode-current-id-unity stuco
Mono: successfully reloaded assembly
- Finished resetting the current domain, in  1.833 seconds
Domain Reload Profiling: 5122ms
	BeginReloadAssembly (329ms)
		ExecutionOrderSort (0ms)
		DisableScriptedObjects (9ms)
		BackupInstance (0ms)
		ReleaseScriptingObjects (0ms)
		CreateAndSetChildDomain (50ms)
	RebuildCommonClasses (122ms)
	RebuildNativeTypeToScriptingClass (13ms)
	initialDomainReloadingComplete (69ms)
	LoadAllAssembliesAndSetupDomain (2755ms)
		LoadAssemblies (2172ms)
		RebuildTransferFunctionScriptingTraits (0ms)
		AnalyzeDomain (778ms)
			TypeCache.Refresh (510ms)
				TypeCache.ScanAssembly (461ms)
			BuildScriptInfoCaches (243ms)
			ResolveRequiredComponents (19ms)
	FinalizeReload (1834ms)
		ReleaseScriptCaches (0ms)
		RebuildScriptCaches (0ms)
		SetupLoadedEditorAssemblies (1267ms)
			LogAssemblyErrors (0ms)
			InitializePlatformSupportModulesInManaged (4ms)
			SetLoadedEditorAssemblies (5ms)
			BeforeProcessingInitializeOnLoad (208ms)
			ProcessInitializeOnLoadAttributes (737ms)
			ProcessInitializeOnLoadMethodAttributes (297ms)
			AfterProcessingInitializeOnLoad (15ms)
			EditorAssembliesLoaded (1ms)
		ExecutionOrderSort2 (0ms)
		AwakeInstancesAfterBackupRestoration (26ms)
Launched and connected shader compiler UnityShaderCompiler.exe after 0.03 seconds
Refreshing native plugins compatible for Editor in 3.52 ms, found 3 plugins.
Preloading 0 native plugins for Editor in 0.00 ms.
Unloading 27 Unused Serialized files (Serialized files now loaded: 0)
Unloading 7044 unused Assets / (6.4 MB). Loaded Objects now: 7775.
Memory consumption went from 143.7 MB to 137.3 MB.
Total: 13.847300 ms (FindLiveObjects: 2.119500 ms CreateObjectMapping: 1.986400 ms MarkObjects: 6.305800 ms  DeleteObjects: 3.432500 ms)

========================================================================
Received Import Request.
  Time since last request: 17436.229870 seconds.
  path: Assets/npc_casual_set_00/Prefabs/npc_csl_shoe_01_00_03.prefab
  artifactKey: Guid(787bb9164f9d82747a38af85f6d48125) Importer(2089858483,3d70f49cd1c2eb9ae422958d1c652c6b)
Start importing Assets/npc_casual_set_00/Prefabs/npc_csl_shoe_01_00_03.prefab using Guid(787bb9164f9d82747a38af85f6d48125) Importer(2089858483,3d70f49cd1c2eb9ae422958d1c652c6b) (ScriptedImporter) -> (artifact id: '4f0a5ddbd8c852c51b0811c7270abd18') in 0.6459802 seconds
Number of updated asset objects reloaded before import = 0Number of asset objects unloaded after import = 275

========================================================================
Received Import Request.
  Time since last request: 0.000037 seconds.
  path: Assets/npc_casual_set_00/Prefabs/npc_csl_tshirt_00f_01_01.prefab
  artifactKey: Guid(61dfc64d2d9326c44bd5ed01e224b1a3) Importer(2089858483,3d70f49cd1c2eb9ae422958d1c652c6b)
Start importing Assets/npc_casual_set_00/Prefabs/npc_csl_tshirt_00f_01_01.prefab using Guid(61dfc64d2d9326c44bd5ed01e224b1a3) Importer(2089858483,3d70f49cd1c2eb9ae422958d1c652c6b) (ScriptedImporter) -> (artifact id: '5697f72cf228d78ac8745ecb1b756a2d') in 0.3265172 seconds
Number of updated asset objects reloaded before import = 0Number of asset objects unloaded after import = 283

========================================================================
Received Import Request.
  Time since last request: 0.000049 seconds.
  path: Assets/npc_casual_set_00/Prefabs/Prefabs_Parts/npc_hmn_01m_arms3.prefab
  artifactKey: Guid(8a9d00acfb1d3a24290dbe5afeef3287) Importer(2089858483,3d70f49cd1c2eb9ae422958d1c652c6b)
Start importing Assets/npc_casual_set_00/Prefabs/Prefabs_Parts/npc_hmn_01m_arms3.prefab using Guid(8a9d00acfb1d3a24290dbe5afeef3287) Importer(2089858483,3d70f49cd1c2eb9ae422958d1c652c6b) (ScriptedImporter) -> (artifact id: 'c4f44759b8114e6cf90a16b5eb919848') in 0.0831444 seconds
Number of updated asset objects reloaded before import = 0Number of asset objects unloaded after import = 283

========================================================================
Received Import Request.
  Time since last request: 0.000026 seconds.
  path: Assets/npc_casual_set_00/Prefabs/npc_csl_00_character_02f_01.prefab
  artifactKey: Guid(705225bb2a214a448b1dd2aefedb1af6) Importer(2089858483,3d70f49cd1c2eb9ae422958d1c652c6b)
Start importing Assets/npc_casual_set_00/Prefabs/npc_csl_00_character_02f_01.prefab using Guid(705225bb2a214a448b1dd2aefedb1af6) Importer(2089858483,3d70f49cd1c2eb9ae422958d1c652c6b) (ScriptedImporter) -> (artifact id: '7d20059b0980003f19fa783c54299df5') in 0.4109657 seconds
Number of updated asset objects reloaded before import = 0Number of asset objects unloaded after import = 883

========================================================================
Received Import Request.
  Time since last request: 0.000027 seconds.
  path: Assets/npc_casual_set_00/Prefabs/npc_csl_shirtopenrolled_00f_01_02.prefab
  artifactKey: Guid(6035c4ff891b1db45a923c28dc2edf8c) Importer(2089858483,3d70f49cd1c2eb9ae422958d1c652c6b)
Start importing Assets/npc_casual_set_00/Prefabs/npc_csl_shirtopenrolled_00f_01_02.prefab using Guid(6035c4ff891b1db45a923c28dc2edf8c) Importer(2089858483,3d70f49cd1c2eb9ae422958d1c652c6b) (ScriptedImporter) -> (artifact id: '8d8c22c6f18cac13c5a75aeb67946bfd') in 0.0656348 seconds
Number of updated asset objects reloaded before import = 0Number of asset objects unloaded after import = 283

========================================================================
Received Import Request.
  Time since last request: 0.000044 seconds.
  path: Assets/Settings/UniversalRenderPipelineGlobalSettings.asset
  artifactKey: Guid(18dc0cd2c080841dea60987a38ce93fa) Importer(2089858483,3d70f49cd1c2eb9ae422958d1c652c6b)
Start importing Assets/Settings/UniversalRenderPipelineGlobalSettings.asset using Guid(18dc0cd2c080841dea60987a38ce93fa) Importer(2089858483,3d70f49cd1c2eb9ae422958d1c652c6b) (ScriptedImporter) -> (artifact id: '9ce1b227172189e4f9c345c80fdcd3b6') in 0.0527161 seconds
Number of updated asset objects reloaded before import = 0Number of asset objects unloaded after import = 0

========================================================================
Received Import Request.
  Time since last request: 0.000024 seconds.
  path: Assets/Fries and Seagull/Bar 02/Models/Materials/Material.049.mat
  artifactKey: Guid(16309607432005f42ace52d63dae4070) Importer(2089858483,192608db42251d675da83286b1cce702)
Start importing Assets/Fries and Seagull/Bar 02/Models/Materials/Material.049.mat using Guid(16309607432005f42ace52d63dae4070) Importer(2089858483,192608db42251d675da83286b1cce702) (ScriptedImporter) -> (artifact id: '96d5e56835d0ff3a3458fe139185623a') in 0.1525697 seconds
Number of updated asset objects reloaded before import = 0Number of asset objects unloaded after import = 1

========================================================================
Received Import Request.
  Time since last request: 0.000029 seconds.
  path: Assets/Fries and Seagull/Bar 02/Prefabs/Room.prefab
  artifactKey: Guid(00f9bba97dd6ede48bab2986ede8eefd) Importer(2089858483,192608db42251d675da83286b1cce702)
Start importing Assets/Fries and Seagull/Bar 02/Prefabs/Room.prefab using Guid(00f9bba97dd6ede48bab2986ede8eefd) Importer(2089858483,192608db42251d675da83286b1cce702) (ScriptedImporter) -> (artifact id: '8365e997fee26456ca891a2cd56122cf') in 0.2922283 seconds
Number of updated asset objects reloaded before import = 0Number of asset objects unloaded after import = 35

========================================================================
Received Import Request.
  Time since last request: 0.000036 seconds.
  path: Assets/Tomerinio/LEDLightBlocks/Example Scene/Textures/Tex_Platform_Skull_S.tga
  artifactKey: Guid(faee369a22844b54686c07f182163fa3) Importer(2089858483,192608db42251d675da83286b1cce702)
Start importing Assets/Tomerinio/LEDLightBlocks/Example Scene/Textures/Tex_Platform_Skull_S.tga using Guid(faee369a22844b54686c07f182163fa3) Importer(2089858483,192608db42251d675da83286b1cce702) (ScriptedImporter) -> (artifact id: '4a0b04a19f76d0cb0c8f6fa700401aaa') in 0.2591249 seconds
Number of updated asset objects reloaded before import = 0Number of asset objects unloaded after import = 1

========================================================================
Received Import Request.
  Time since last request: 0.000024 seconds.
  path: Assets/Fries and Seagull/Bar 02/Prefabs/Hang on Wall/Wall-mounted Wine Rack.prefab
  artifactKey: Guid(443d9871bcbb14742ba3a941636ee6dd) Importer(2089858483,3d70f49cd1c2eb9ae422958d1c652c6b)
Start importing Assets/Fries and Seagull/Bar 02/Prefabs/Hang on Wall/Wall-mounted Wine Rack.prefab using Guid(443d9871bcbb14742ba3a941636ee6dd) Importer(2089858483,3d70f49cd1c2eb9ae422958d1c652c6b) (ScriptedImporter) -> (artifact id: '546da4100275c2e176f0b032d8fd5991') in 0.1198251 seconds
Number of updated asset objects reloaded before import = 0Number of asset objects unloaded after import = 18

========================================================================
Received Import Request.
  Time since last request: 0.000036 seconds.
  path: Assets/Fries and Seagull/Bar 02/Prefabs/Tables & Chairs/Chair 1.prefab
  artifactKey: Guid(e058cac87bc97254195da76be77d83e6) Importer(2089858483,3d70f49cd1c2eb9ae422958d1c652c6b)
Start importing Assets/Fries and Seagull/Bar 02/Prefabs/Tables & Chairs/Chair 1.prefab using Guid(e058cac87bc97254195da76be77d83e6) Importer(2089858483,3d70f49cd1c2eb9ae422958d1c652c6b) (ScriptedImporter) -> (artifact id: '90beed78ad5aac0e8d87d90cb7b6abe0') in 0.0937503 seconds
Number of updated asset objects reloaded before import = 0Number of asset objects unloaded after import = 18

========================================================================
Received Import Request.
  Time since last request: 0.000028 seconds.
  path: Assets/npc_casual_set_00/Prefabs/Prefabs_Parts/npc_hmn_01m_upperbody2.prefab
  artifactKey: Guid(b9e23b63807a0a246a1beefbb5b22818) Importer(2089858483,3d70f49cd1c2eb9ae422958d1c652c6b)
Start importing Assets/npc_casual_set_00/Prefabs/Prefabs_Parts/npc_hmn_01m_upperbody2.prefab using Guid(b9e23b63807a0a246a1beefbb5b22818) Importer(2089858483,3d70f49cd1c2eb9ae422958d1c652c6b) (ScriptedImporter) -> (artifact id: 'f5f6a2fbdc765b13355e865e0bdea147') in 0.2796619 seconds
Number of updated asset objects reloaded before import = 0Number of asset objects unloaded after import = 284

========================================================================
Received Import Request.
  Time since last request: 0.000037 seconds.
  path: Assets/Fries and Seagull/Bar 02/Scene Props/Scripts/Rotatable.cs
  artifactKey: Guid(2a517f24b83171644bd15ecebd0038ad) Importer(2089858483,192608db42251d675da83286b1cce702)
Start importing Assets/Fries and Seagull/Bar 02/Scene Props/Scripts/Rotatable.cs using Guid(2a517f24b83171644bd15ecebd0038ad) Importer(2089858483,192608db42251d675da83286b1cce702) (ScriptedImporter) -> (artifact id: '7a8e99b0a4d17811a1b9d5483d21c18d') in 0.104557 seconds
Number of updated asset objects reloaded before import = 0Number of asset objects unloaded after import = 0

========================================================================
Received Import Request.
  Time since last request: 0.000024 seconds.
  path: Assets/Fries and Seagull/Bar 02/Prefabs/Prefab Groups/Cups.prefab
  artifactKey: Guid(d849b6d6eecf2cf439af57421fedaeab) Importer(2089858483,192608db42251d675da83286b1cce702)
Start importing Assets/Fries and Seagull/Bar 02/Prefabs/Prefab Groups/Cups.prefab using Guid(d849b6d6eecf2cf439af57421fedaeab) Importer(2089858483,192608db42251d675da83286b1cce702) (ScriptedImporter) -> (artifact id: '22b29d9d7f1481951f37bdeb9b629555') in 0.0350201 seconds
Number of updated asset objects reloaded before import = 0Number of asset objects unloaded after import = 53

========================================================================
Received Import Request.
  Time since last request: 0.000039 seconds.
  path: Assets/Fries and Seagull/Bar 02/Models/Materials/Material.050.mat
  artifactKey: Guid(8e539192a8198b041853481acf80a418) Importer(2089858483,192608db42251d675da83286b1cce702)
Start importing Assets/Fries and Seagull/Bar 02/Models/Materials/Material.050.mat using Guid(8e539192a8198b041853481acf80a418) Importer(2089858483,192608db42251d675da83286b1cce702) (ScriptedImporter) -> (artifact id: '6f3cb299a97c285bf54bd65f5a5f39f3') in 0.0525565 seconds
Number of updated asset objects reloaded before import = 0Number of asset objects unloaded after import = 1

========================================================================
Received Import Request.
  Time since last request: 0.000116 seconds.
  path: Assets/npc_casual_set_00/Prefabs/Prefabs_Parts/npc_hmn_01f_lowerbody6.prefab
  artifactKey: Guid(487be0c9c75090e4cbb4ff4d6cf4a54a) Importer(2089858483,3d70f49cd1c2eb9ae422958d1c652c6b)
Start importing Assets/npc_casual_set_00/Prefabs/Prefabs_Parts/npc_hmn_01f_lowerbody6.prefab using Guid(487be0c9c75090e4cbb4ff4d6cf4a54a) Importer(2089858483,3d70f49cd1c2eb9ae422958d1c652c6b) (ScriptedImporter) -> (artifact id: 'b1f28592b06e975ce1ace508b2c9dc83') in 0.1556538 seconds
Number of updated asset objects reloaded before import = 0Number of asset objects unloaded after import = 283

========================================================================
Received Import Request.
  Time since last request: 0.000023 seconds.
  path: Assets/Tomerinio/LEDLightBlocks/Example Scene/Standard Assets/ParticleSystems/Prefabs/FireMobile.prefab
  artifactKey: Guid(b99a0a5998b2736429fd2a2fd1d01c5e) Importer(2089858483,192608db42251d675da83286b1cce702)
Start importing Assets/Tomerinio/LEDLightBlocks/Example Scene/Standard Assets/ParticleSystems/Prefabs/FireMobile.prefab using Guid(b99a0a5998b2736429fd2a2fd1d01c5e) Importer(2089858483,192608db42251d675da83286b1cce702) (ScriptedImporter) -> (artifact id: 'c62dc1c00b1ca3a3a2b547a214dde5c4') in 0.5216873 seconds
Number of updated asset objects reloaded before import = 0Number of asset objects unloaded after import = 20

========================================================================
Received Import Request.
  Time since last request: 0.000048 seconds.
  path: Assets/UnityTechnologies/Basic Asset Pack Interior/Prefabs/Floor/Floor3m.prefab
  artifactKey: Guid(554a5e88eb18d254d8c18a357df05724) Importer(2089858483,3d70f49cd1c2eb9ae422958d1c652c6b)
Start importing Assets/UnityTechnologies/Basic Asset Pack Interior/Prefabs/Floor/Floor3m.prefab using Guid(554a5e88eb18d254d8c18a357df05724) Importer(2089858483,3d70f49cd1c2eb9ae422958d1c652c6b) (ScriptedImporter) -> (artifact id: 'da7147ef398362279045caed3bd2773a') in 0.062178 seconds
Number of updated asset objects reloaded before import = 0Number of asset objects unloaded after import = 8

========================================================================
Received Import Request.
  Time since last request: 0.000048 seconds.
  path: Assets/Tomerinio/LEDLightBlocks/Contents/Prefabs/LED_Tube.prefab
  artifactKey: Guid(20d1a925ab1a84b4881c253bf4a32c09) Importer(2089858483,3d70f49cd1c2eb9ae422958d1c652c6b)
Start importing Assets/Tomerinio/LEDLightBlocks/Contents/Prefabs/LED_Tube.prefab using Guid(20d1a925ab1a84b4881c253bf4a32c09) Importer(2089858483,3d70f49cd1c2eb9ae422958d1c652c6b) (ScriptedImporter) -> (artifact id: 'e894a3a1772ecd2aa523215ede7644b4') in 0.0241788 seconds
Number of updated asset objects reloaded before import = 0Number of asset objects unloaded after import = 47

========================================================================
Received Import Request.
  Time since last request: 0.000025 seconds.
  path: Assets/UnityTechnologies/Basic Asset Pack Interior/Prefabs/Walls/WallCornerInner.prefab
  artifactKey: Guid(2ee7c4a3c08d9ae4ea14ecf15bf0aea3) Importer(2089858483,3d70f49cd1c2eb9ae422958d1c652c6b)
Start importing Assets/UnityTechnologies/Basic Asset Pack Interior/Prefabs/Walls/WallCornerInner.prefab using Guid(2ee7c4a3c08d9ae4ea14ecf15bf0aea3) Importer(2089858483,3d70f49cd1c2eb9ae422958d1c652c6b) (ScriptedImporter) -> (artifact id: '87ddbfa5a97c361ef7b096c0fe0f7fbf') in 0.0753579 seconds
Number of updated asset objects reloaded before import = 0Number of asset objects unloaded after import = 15

========================================================================
Received Import Request.
  Time since last request: 0.000035 seconds.
  path: Assets/UnityTechnologies/Basic Asset Pack Interior/Prefabs/Floor/Floor4m.prefab
  artifactKey: Guid(80e5bbfa6aa12b34ca98423c9e7a0f86) Importer(2089858483,3d70f49cd1c2eb9ae422958d1c652c6b)
Start importing Assets/UnityTechnologies/Basic Asset Pack Interior/Prefabs/Floor/Floor4m.prefab using Guid(80e5bbfa6aa12b34ca98423c9e7a0f86) Importer(2089858483,3d70f49cd1c2eb9ae422958d1c652c6b) (ScriptedImporter) -> (artifact id: '7e1b38d88bf068817ce74b81868530ac') in 0.0633255 seconds
Number of updated asset objects reloaded before import = 0Number of asset objects unloaded after import = 8

========================================================================
Received Import Request.
  Time since last request: 0.000027 seconds.
  path: Assets/Tomerinio/LEDLightBlocks/Example Scene/Textures/Tex_Platform_Skull_AO.tga
  artifactKey: Guid(e848470567914ac49b4d7064ab83704f) Importer(2089858483,192608db42251d675da83286b1cce702)
Start importing Assets/Tomerinio/LEDLightBlocks/Example Scene/Textures/Tex_Platform_Skull_AO.tga using Guid(e848470567914ac49b4d7064ab83704f) Importer(2089858483,192608db42251d675da83286b1cce702) (ScriptedImporter) -> (artifact id: '4c84605a40d000fd9cd25601d69a4a3d') in 0.0488987 seconds
Number of updated asset objects reloaded before import = 0Number of asset objects unloaded after import = 1

========================================================================
Received Import Request.
  Time since last request: 0.000027 seconds.
  path: Assets/Tomerinio/LEDLightBlocks/Contents/Prefabs/LED_X_Example.prefab
  artifactKey: Guid(660e542dbb2b7d2478865c890adcd3af) Importer(2089858483,3d70f49cd1c2eb9ae422958d1c652c6b)
Start importing Assets/Tomerinio/LEDLightBlocks/Contents/Prefabs/LED_X_Example.prefab using Guid(660e542dbb2b7d2478865c890adcd3af) Importer(2089858483,3d70f49cd1c2eb9ae422958d1c652c6b) (ScriptedImporter) -> (artifact id: 'b0ac9438bbeef4414beeffeb738543e8') in 0.0290478 seconds
Number of updated asset objects reloaded before import = 0Number of asset objects unloaded after import = 70

========================================================================
Received Import Request.
  Time since last request: 0.000048 seconds.
  path: Assets/Tomerinio/LEDLightBlocks/Example Scene/Standard Assets/Utility/EventSystemChecker.cs
  artifactKey: Guid(9c0578910bbe00d43919a92c7b9893fe) Importer(2089858483,192608db42251d675da83286b1cce702)
Start importing Assets/Tomerinio/LEDLightBlocks/Example Scene/Standard Assets/Utility/EventSystemChecker.cs using Guid(9c0578910bbe00d43919a92c7b9893fe) Importer(2089858483,192608db42251d675da83286b1cce702) (ScriptedImporter) -> (artifact id: 'b9a9863f4d51c17638f6653d8530fa5a') in 0.0181512 seconds
Number of updated asset objects reloaded before import = 0Number of asset objects unloaded after import = 0

========================================================================
Received Import Request.
  Time since last request: 0.000020 seconds.
  path: Assets/npc_casual_set_00/Prefabs/Prefabs_Parts/npc_hmn_01m_parts.prefab
  artifactKey: Guid(acb4144492eeb3947936336874ceb7bc) Importer(2089858483,3d70f49cd1c2eb9ae422958d1c652c6b)
Start importing Assets/npc_casual_set_00/Prefabs/Prefabs_Parts/npc_hmn_01m_parts.prefab using Guid(acb4144492eeb3947936336874ceb7bc) Importer(2089858483,3d70f49cd1c2eb9ae422958d1c652c6b) (ScriptedImporter) -> (artifact id: '5326491083eaae3c1bcd47fa61eee5b0') in 0.4141165 seconds
Number of updated asset objects reloaded before import = 0Number of asset objects unloaded after import = 1753

========================================================================
Received Import Request.
  Time since last request: 0.000026 seconds.
  path: Assets/Fries and Seagull/Bar 02/Prefabs/Picture Frames/Picture Frame 1.prefab
  artifactKey: Guid(419c7d002f75f2b4885db4b04f69ec90) Importer(2089858483,3d70f49cd1c2eb9ae422958d1c652c6b)
Start importing Assets/Fries and Seagull/Bar 02/Prefabs/Picture Frames/Picture Frame 1.prefab using Guid(419c7d002f75f2b4885db4b04f69ec90) Importer(2089858483,3d70f49cd1c2eb9ae422958d1c652c6b) (ScriptedImporter) -> (artifact id: 'f5ca2b3f0656bd2635cfe7ed9545867a') in 0.0204219 seconds
Number of updated asset objects reloaded before import = 0Number of asset objects unloaded after import = 14

========================================================================
Received Import Request.
  Time since last request: 0.000059 seconds.
  path: Assets/Fries and Seagull/Bar 02/Prefabs/Wine Bottles & Cups
  artifactKey: Guid(19ae73d2ad7bf174d9d02945573eaa98) Importer(2089858483,192608db42251d675da83286b1cce702)
Start importing Assets/Fries and Seagull/Bar 02/Prefabs/Wine Bottles & Cups using Guid(19ae73d2ad7bf174d9d02945573eaa98) Importer(2089858483,192608db42251d675da83286b1cce702) (ScriptedImporter) -> (artifact id: '966229074bbb13b22340094f090470bd') in 0.0198144 seconds
Number of updated asset objects reloaded before import = 0Number of asset objects unloaded after import = 1

========================================================================
Received Import Request.
  Time since last request: 0.000024 seconds.
  path: Assets/npc_casual_set_00/Prefabs/Prefabs_Parts/npc_hmn_01m_torso5.prefab
  artifactKey: Guid(4a5cbad2e4f5fa64cae1b9cbcc0a0e3e) Importer(2089858483,3d70f49cd1c2eb9ae422958d1c652c6b)
Start importing Assets/npc_casual_set_00/Prefabs/Prefabs_Parts/npc_hmn_01m_torso5.prefab using Guid(4a5cbad2e4f5fa64cae1b9cbcc0a0e3e) Importer(2089858483,3d70f49cd1c2eb9ae422958d1c652c6b) (ScriptedImporter) -> (artifact id: 'd9465a3ae77a53d37c137d65236e0883') in 0.0624978 seconds
Number of updated asset objects reloaded before import = 0Number of asset objects unloaded after import = 283

========================================================================
Received Import Request.
  Time since last request: 0.000022 seconds.
  path: Assets/npc_casual_set_00/Prefabs/npc_csl_pants_00f_01_02.prefab
  artifactKey: Guid(28dbbfab185b9f74fa31995ee3e5479b) Importer(2089858483,3d70f49cd1c2eb9ae422958d1c652c6b)
Start importing Assets/npc_casual_set_00/Prefabs/npc_csl_pants_00f_01_02.prefab using Guid(28dbbfab185b9f74fa31995ee3e5479b) Importer(2089858483,3d70f49cd1c2eb9ae422958d1c652c6b) (ScriptedImporter) -> (artifact id: 'cd19063663c00c57d575608756e13c02') in 0.0389971 seconds
Number of updated asset objects reloaded before import = 0Number of asset objects unloaded after import = 283

========================================================================
Received Import Request.
  Time since last request: 0.000031 seconds.
  path: Assets/Tomerinio/LEDLightBlocks/Example Scene/Meshes/Materials/Wax_A.mat
  artifactKey: Guid(c926c4ed2811f0c48a2a9d889ca26f74) Importer(2089858483,192608db42251d675da83286b1cce702)
Start importing Assets/Tomerinio/LEDLightBlocks/Example Scene/Meshes/Materials/Wax_A.mat using Guid(c926c4ed2811f0c48a2a9d889ca26f74) Importer(2089858483,192608db42251d675da83286b1cce702) (ScriptedImporter) -> (artifact id: '65a9c1a7d46f92e922d5d8589fe4e5b1') in 0.0237609 seconds
Number of updated asset objects reloaded before import = 0Number of asset objects unloaded after import = 1

========================================================================
Received Import Request.
  Time since last request: 5.584165 seconds.
  path: Assets/Tomerinio/LEDLightBlocks/Example Scene/Materials/Platform_Skull.mat
  artifactKey: Guid(142c3b583dd41ee4bb08dcab10ae5bfa) Importer(2089858483,192608db42251d675da83286b1cce702)
Start importing Assets/Tomerinio/LEDLightBlocks/Example Scene/Materials/Platform_Skull.mat using Guid(142c3b583dd41ee4bb08dcab10ae5bfa) Importer(2089858483,192608db42251d675da83286b1cce702) (ScriptedImporter) -> (artifact id: '905671e7a81d3e60900644ea8caf0c2b') in 0.0358805 seconds
Number of updated asset objects reloaded before import = 0Number of asset objects unloaded after import = 5

========================================================================
Received Import Request.
  Time since last request: 0.000017 seconds.
  path: Assets/Tomerinio/LEDLightBlocks/Example Scene/Materials/Metal_A.mat
  artifactKey: Guid(02c07345313cb814eb6dcd63462e338a) Importer(2089858483,192608db42251d675da83286b1cce702)
Start importing Assets/Tomerinio/LEDLightBlocks/Example Scene/Materials/Metal_A.mat using Guid(02c07345313cb814eb6dcd63462e338a) Importer(2089858483,192608db42251d675da83286b1cce702) (ScriptedImporter) -> (artifact id: 'da7c9955ab7f566b048fccdec5083be2') in 0.0247227 seconds
Number of updated asset objects reloaded before import = 0Number of asset objects unloaded after import = 5

