[Licensing::Module] Trying to connect to existing licensing client channel...
Built from '6000.2/staging' branch; Version is '6000.2.10f1 (d3d30d158480) revision 13882125'; Using compiler version '194234433'; Build Type 'Release'
OS: 'Windows 11  (10.0.22621) 64bit CoreCountrySpecific' Language: 'zh' Physical Memory: 16077 MB
BatchMode: 1, IsHumanControllingUs: 0, StartBugReporterOnCrash: 0, Is64bit: 1
Date: 2026-02-04T01:41:04Z

COMMAND LINE ARGUMENTS:
C:\Program Files\Unity\Hub\Editor\6000.2.10f1\Editor\Unity.exe
-adb2
-batchMode
-noUpm
-name
AssetImportWorker15
-projectPath
E:/games/unity/unity stuco
-logFile
Logs/AssetImportWorker15.log
-srvPort
56685
-licensingIpc
LicenseClient-hp
-job-worker-count
9
-background-job-worker-count
8
-gc-helper-count
1
-name
AssetImport
[Licensing::IpcConnector] Successfully connected to: "LicenseClient-hp" at "2026-02-04T01:41:04.1447406Z"
Successfully changed project path to: E:/games/unity/unity stuco
E:/games/unity/unity stuco
[UnityMemory] Configuration Parameters - Can be set up in boot.config
    "memorysetup-allocator-temp-initial-block-size-main=262144"
    "memorysetup-allocator-temp-initial-block-size-worker=262144"
    "memorysetup-bucket-allocator-granularity=16"
    "memorysetup-bucket-allocator-bucket-count=8"
    "memorysetup-bucket-allocator-block-size=33554432"
    "memorysetup-bucket-allocator-block-count=8"
    "memorysetup-main-allocator-block-size=16777216"
    "memorysetup-thread-allocator-block-size=16777216"
    "memorysetup-gfx-main-allocator-block-size=16777216"
    "memorysetup-gfx-thread-allocator-block-size=16777216"
    "memorysetup-cache-allocator-block-size=4194304"
    "memorysetup-typetree-allocator-block-size=2097152"
    "memorysetup-profiler-bucket-allocator-granularity=16"
    "memorysetup-profiler-bucket-allocator-bucket-count=8"
    "memorysetup-profiler-bucket-allocator-block-size=33554432"
    "memorysetup-profiler-bucket-allocator-block-count=8"
    "memorysetup-profiler-allocator-block-size=16777216"
    "memorysetup-profiler-editor-allocator-block-size=1048576"
    "memorysetup-temp-allocator-size-main=16777216"
    "memorysetup-job-temp-allocator-block-size=2097152"
    "memorysetup-job-temp-allocator-block-size-background=1048576"
    "memorysetup-job-temp-allocator-reduction-small-platforms=262144"
    "memorysetup-temp-allocator-size-background-worker=32768"
    "memorysetup-temp-allocator-size-job-worker=262144"
    "memorysetup-temp-allocator-size-preload-manager=33554432"
    "memorysetup-temp-allocator-size-nav-mesh-worker=65536"
    "memorysetup-temp-allocator-size-audio-worker=65536"
    "memorysetup-temp-allocator-size-cloud-worker=32768"
    "memorysetup-temp-allocator-size-gi-baking-worker=262144"
    "memorysetup-temp-allocator-size-gi-baking-worker=262144"
    "memorysetup-temp-allocator-size-gi-baking-worker=262144"
    "memorysetup-temp-allocator-size-gi-baking-worker=262144"
    "memorysetup-temp-allocator-size-gi-baking-worker=262144"
    "memorysetup-temp-allocator-size-gfx=262144"
Player connection [36472]  Target information:

Player connection [36472]  * "[IP] 26.16.34.112 [Port] 0 [Flags] 2 [Guid] 2183792348 [EditorId] 2183792348 [Version] 1048832 [Id] WindowsEditor(7,Sine-laptop) [Debug] 1 [PackageName] WindowsEditor [ProjectName] Editor" 

Player connection [36472]  * "[IP] 169.254.83.107 [Port] 0 [Flags] 2 [Guid] 2183792348 [EditorId] 2183792348 [Version] 1048832 [Id] WindowsEditor(7,Sine-laptop) [Debug] 1 [PackageName] WindowsEditor [ProjectName] Editor" 

Player connection [36472]  * "[IP] 172.26.80.241 [Port] 0 [Flags] 2 [Guid] 2183792348 [EditorId] 2183792348 [Version] 1048832 [Id] WindowsEditor(7,Sine-laptop) [Debug] 1 [PackageName] WindowsEditor [ProjectName] Editor" 

Player connection [36472] Host joined multi-casting on [225.0.0.222:54997]...
Player connection [36472] Host joined alternative multi-casting on [225.0.0.222:34997]...
JobSystem: Creating JobQueue using job-worker-count value 9
Input System module state changed to: Initialized.
[Physics::Module] Initialized fallback backend.
[Physics::Module] Id: 0xdecafbad
[Licensing::Client] Code 10 while verifying Licensing Client signature (process Id: 8364, path: "C:/Program Files/Unity/Hub/Editor/6000.3.6f1/Editor/Data/Resources/Licensing/Client/Unity.Licensing.Client.exe")
[Licensing::Module] LicensingClient has failed validation; ignoring
[Licensing::Client] Handshaking with LicensingClient:
  Version:                 1.17.4+4293ba1
  Session Id:              556ad694b7664ea59b1c0cf6f1f8b872
  Correlation Id:          dea4b239725d8e9397c21447b65103f7
  External correlation Id: 1682244878160568203
  Machine Id:              oJYw/SjKF5VKeIElphCQc4K/MVg=
[Licensing::Module] Successfully connected to LicensingClient on channel: "LicenseClient-hp" (connect: 0.01s, validation: 0.01s, handshake: 0.14s)
[Licensing::IpcConnector] Successfully connected to: "LicenseClient-hp-notifications" at "2026-02-04T01:41:04.2905982Z"
[Licensing::Module] Licensing Background thread has ended after 0.16s
Library Redirect Path: Library/
[Physics::Module] Selected backend.
[Physics::Module] Name: PhysX
[Physics::Module] Id: 0xf2b8ea05
[Physics::Module] SDK Version: 4.1.2
[Physics::Module] Integration Version: 1.0.0
[Physics::Module] Threading Mode: Multi-Threaded
Refreshing native plugins compatible for Editor in 7.64 ms, found 3 plugins.
Preloading 0 native plugins for Editor in 0.00 ms.
Initialize engine version: 6000.2.10f1 (d3d30d158480)
[Subsystems] Discovering subsystems at path C:/Program Files/Unity/Hub/Editor/6000.2.10f1/Editor/Data/Resources/UnitySubsystems
[Subsystems] Discovering subsystems at path E:/games/unity/unity stuco/Assets
GfxDevice: creating device client; kGfxThreadingModeNonThreaded
Direct3D:
    Version:  Direct3D 11.0 [level 11.1]
    Renderer: NVIDIA GeForce RTX 4060 Laptop GPU (ID=0x28a0)
    Vendor:   NVIDIA
    VRAM:     7957 MB
    Driver:   32.0.15.6094
Initialize mono
Mono path[0] = 'C:/Program Files/Unity/Hub/Editor/6000.2.10f1/Editor/Data/Managed'
Mono path[1] = 'C:/Program Files/Unity/Hub/Editor/6000.2.10f1/Editor/Data/MonoBleedingEdge/lib/mono/unityjit-win32'
Mono config path = 'C:/Program Files/Unity/Hub/Editor/6000.2.10f1/Editor/Data/MonoBleedingEdge/etc'
Using monoOptions --debugger-agent=transport=dt_socket,embedding=1,server=y,suspend=n,address=127.0.0.1:56120
Begin MonoManager ReloadAssembly
Registering precompiled unity dll's ...
Register platform support module: C:/Program Files/Unity/Hub/Editor/6000.2.10f1/Editor/Data/PlaybackEngines/WebGLSupport/UnityEditor.WebGL.Extensions.dll
Register platform support module: C:/Program Files/Unity/Hub/Editor/6000.2.10f1/Editor/Data/PlaybackEngines/WindowsStandaloneSupport/UnityEditor.WindowsStandalone.Extensions.dll
Registered in 0.003825 seconds.
- Loaded All Assemblies, in  0.745 seconds
Native extension for WindowsStandalone target not found
Native extension for WebGL target not found
Mono: successfully reloaded assembly
- Finished resetting the current domain, in  0.575 seconds
Domain Reload Profiling: 1314ms
	BeginReloadAssembly (332ms)
		ExecutionOrderSort (0ms)
		DisableScriptedObjects (0ms)
		BackupInstance (0ms)
		ReleaseScriptingObjects (0ms)
		CreateAndSetChildDomain (1ms)
	RebuildCommonClasses (52ms)
	RebuildNativeTypeToScriptingClass (34ms)
	initialDomainReloadingComplete (82ms)
	LoadAllAssembliesAndSetupDomain (239ms)
		LoadAssemblies (327ms)
		RebuildTransferFunctionScriptingTraits (0ms)
		AnalyzeDomain (232ms)
			TypeCache.Refresh (230ms)
				TypeCache.ScanAssembly (210ms)
			BuildScriptInfoCaches (0ms)
			ResolveRequiredComponents (1ms)
	FinalizeReload (575ms)
		ReleaseScriptCaches (0ms)
		RebuildScriptCaches (0ms)
		SetupLoadedEditorAssemblies (505ms)
			LogAssemblyErrors (0ms)
			InitializePlatformSupportModulesInManaged (96ms)
			SetLoadedEditorAssemblies (5ms)
			BeforeProcessingInitializeOnLoad (110ms)
			ProcessInitializeOnLoadAttributes (205ms)
			ProcessInitializeOnLoadMethodAttributes (89ms)
			AfterProcessingInitializeOnLoad (0ms)
			EditorAssembliesLoaded (0ms)
		ExecutionOrderSort2 (0ms)
		AwakeInstancesAfterBackupRestoration (0ms)
Assembly reference Packages/com.unity.cinemachine/Editor/Samples/ExposeHDRPInternals/HDRP-Editor-ref.asmref has no target assembly definition
========================================================================
Worker process is ready to serve import requests
Import Worker Mode flag is 0x00
Assembly reference Packages/com.unity.cinemachine/Editor/Samples/ExposeHDRPInternals/HDRP-Editor-ref.asmref has no target assembly definition
Assembly reference Packages/com.unity.cinemachine/Editor/Samples/ExposeHDRPInternals/HDRP-Editor-ref.asmref has no target assembly definition
Begin MonoManager ReloadAssembly
[Licensing::Client] Successfully resolved entitlement details
[Licensing::Module] License group:
  Id: 2475887581673-UnityPersXXXX
  Product: Unity Personal
  Type: Assigned
  Expiration: Unlimited
- Loaded All Assemblies, in  2.304 seconds
Assembly reference Packages/com.unity.cinemachine/Editor/Samples/ExposeHDRPInternals/HDRP-Editor-ref.asmref has no target assembly definition
'Packages/com.unity.cinemachine/Editor/Obsolete/CinemachineVirtualCameraBaseEditor.cs' contains partial class of Unity.Object, exactly 1 of the partial classes needs to be in a file with the same filename. This is to know the one that can be referenced from ie. GameObjects
'Packages/com.unity.cinemachine/Editor/Editors/CinemachineVirtualCameraBaseEditor.cs' contains partial class of Unity.Object, exactly 1 of the partial classes needs to be in a file with the same filename. This is to know the one that can be referenced from ie. GameObjects
Refreshing native plugins compatible for Editor in 1.09 ms, found 3 plugins.
Native extension for WindowsStandalone target not found
Native extension for WebGL target not found
Assembly reference Packages/com.unity.cinemachine/Editor/Samples/ExposeHDRPInternals/HDRP-Editor-ref.asmref has no target assembly definition
Package Manager log level set to [2]
[Package Manager] Failed to launch server process. Reason: Unity was launched with the -noUpm command-line argument
[Package Manager] Unable to send message (not connected to server process).
[Package Manager] Cannot connect to Unity Package Manager local server
[Package Manager] Failed to launch server process. Reason: Unity was launched with the -noUpm command-line argument
[Package Manager] Unable to send message (not connected to server process).
[Package Manager] Cannot connect to Unity Package Manager local server
[MODES] ModeService[none].Initialize
[MODES] ModeService[none].LoadModes
[MODES] Loading mode Default (0) for mode-current-id-unity stuco
Mono: successfully reloaded assembly
- Finished resetting the current domain, in  1.907 seconds
Domain Reload Profiling: 4174ms
	BeginReloadAssembly (334ms)
		ExecutionOrderSort (0ms)
		DisableScriptedObjects (7ms)
		BackupInstance (0ms)
		ReleaseScriptingObjects (0ms)
		CreateAndSetChildDomain (37ms)
	RebuildCommonClasses (69ms)
	RebuildNativeTypeToScriptingClass (24ms)
	initialDomainReloadingComplete (85ms)
	LoadAllAssembliesAndSetupDomain (1753ms)
		LoadAssemblies (1334ms)
		RebuildTransferFunctionScriptingTraits (0ms)
		AnalyzeDomain (639ms)
			TypeCache.Refresh (455ms)
				TypeCache.ScanAssembly (427ms)
			BuildScriptInfoCaches (138ms)
			ResolveRequiredComponents (40ms)
	FinalizeReload (1908ms)
		ReleaseScriptCaches (0ms)
		RebuildScriptCaches (0ms)
		SetupLoadedEditorAssemblies (1384ms)
			LogAssemblyErrors (0ms)
			InitializePlatformSupportModulesInManaged (7ms)
			SetLoadedEditorAssemblies (13ms)
			BeforeProcessingInitializeOnLoad (341ms)
			ProcessInitializeOnLoadAttributes (872ms)
			ProcessInitializeOnLoadMethodAttributes (141ms)
			AfterProcessingInitializeOnLoad (10ms)
			EditorAssembliesLoaded (0ms)
		ExecutionOrderSort2 (0ms)
		AwakeInstancesAfterBackupRestoration (13ms)
Launched and connected shader compiler UnityShaderCompiler.exe after 0.02 seconds
Refreshing native plugins compatible for Editor in 1.22 ms, found 3 plugins.
Preloading 0 native plugins for Editor in 0.00 ms.
Unloading 27 Unused Serialized files (Serialized files now loaded: 0)
Unloading 7001 unused Assets / (6.0 MB). Loaded Objects now: 7738.
Memory consumption went from 146.2 MB to 140.2 MB.
Total: 11.364400 ms (FindLiveObjects: 0.744100 ms CreateObjectMapping: 0.496000 ms MarkObjects: 6.828800 ms  DeleteObjects: 3.293500 ms)

========================================================================
Received Import Request.
  Time since last request: 8831.731663 seconds.
  path: Assets/models/materials/Lucien.mat
  artifactKey: Guid(d3e59a62653b799418746125880409c5) Importer(815301076,1909f56bfc062723c751e8b465ee728b)
Start importing Assets/models/materials/Lucien.mat using Guid(d3e59a62653b799418746125880409c5) Importer(815301076,1909f56bfc062723c751e8b465ee728b) (PreviewImporter) -> (artifact id: '616db4b92d34322d169ff71429f10149') in 1.2598289 seconds
Number of updated asset objects reloaded before import = 0Number of asset objects unloaded after import = 1

========================================================================
Received Import Request.
  Time since last request: 0.798147 seconds.
  path: Assets/models/Ch36_nonPBR@T-Pose.fbx
  artifactKey: Guid(75ef5e898d33f8148985ab32559b4a16) Importer(815301076,1909f56bfc062723c751e8b465ee728b)
Start importing Assets/models/Ch36_nonPBR@T-Pose.fbx using Guid(75ef5e898d33f8148985ab32559b4a16) Importer(815301076,1909f56bfc062723c751e8b465ee728b) (PreviewImporter) -> (artifact id: '6b22e06679c2a844bc503278c279a8fa') in 0.1390536 seconds
Number of updated asset objects reloaded before import = 0Number of asset objects unloaded after import = 142

========================================================================
Received Import Request.
  Time since last request: 2.435584 seconds.
  path: Assets/models/Ch36_nonPBR@T-Pose 1.fbx
  artifactKey: Guid(027c4f4b1c8481a4782b133e67c817e2) Importer(815301076,1909f56bfc062723c751e8b465ee728b)
Start importing Assets/models/Ch36_nonPBR@T-Pose 1.fbx using Guid(027c4f4b1c8481a4782b133e67c817e2) Importer(815301076,1909f56bfc062723c751e8b465ee728b) (PreviewImporter) -> (artifact id: '0b262bb3e1ae003413eb6577c94d9f62') in 0.0428777 seconds
Number of updated asset objects reloaded before import = 0Number of asset objects unloaded after import = 142

========================================================================
Received Import Request.
  Time since last request: 0.866134 seconds.
  path: Assets/models/Ch36_nonPBR@T-Pose 1.fbx
  artifactKey: Guid(027c4f4b1c8481a4782b133e67c817e2) Importer(2089858483,192608db42251d675da83286b1cce702)
Start importing Assets/models/Ch36_nonPBR@T-Pose 1.fbx using Guid(027c4f4b1c8481a4782b133e67c817e2) Importer(2089858483,192608db42251d675da83286b1cce702) (ScriptedImporter) -> (artifact id: '18add025bc78e851972aeee584cddf36') in 0.3735308 seconds
Number of updated asset objects reloaded before import = 0Number of asset objects unloaded after import = 141

========================================================================
Received Import Request.
  Time since last request: 4.393296 seconds.
  path: Assets/models/farrum.fbx
  artifactKey: Guid(027c4f4b1c8481a4782b133e67c817e2) Importer(815301076,1909f56bfc062723c751e8b465ee728b)
Start importing Assets/models/farrum.fbx using Guid(027c4f4b1c8481a4782b133e67c817e2) Importer(815301076,1909f56bfc062723c751e8b465ee728b) (PreviewImporter) -> (artifact id: '52843835b4d5a445235201e83651770f') in 0.0625394 seconds
Number of updated asset objects reloaded before import = 0Number of asset objects unloaded after import = 142

========================================================================
Received Import Request.
  Time since last request: 0.864922 seconds.
  path: Assets/models/farrum.fbx
  artifactKey: Guid(027c4f4b1c8481a4782b133e67c817e2) Importer(2089858483,192608db42251d675da83286b1cce702)
Start importing Assets/models/farrum.fbx using Guid(027c4f4b1c8481a4782b133e67c817e2) Importer(2089858483,192608db42251d675da83286b1cce702) (ScriptedImporter) -> (artifact id: 'c03963db21d926db85d1298c6e1f4e86') in 0.0272488 seconds
Number of updated asset objects reloaded before import = 0Number of asset objects unloaded after import = 141

========================================================================
Received Import Request.
  Time since last request: 4.025239 seconds.
  path: Assets/models/lucien.fbx
  artifactKey: Guid(75ef5e898d33f8148985ab32559b4a16) Importer(815301076,1909f56bfc062723c751e8b465ee728b)
Start importing Assets/models/lucien.fbx using Guid(75ef5e898d33f8148985ab32559b4a16) Importer(815301076,1909f56bfc062723c751e8b465ee728b) (PreviewImporter) -> (artifact id: 'a7e7ebafa707e2924583510cef86af98') in 0.0585658 seconds
Number of updated asset objects reloaded before import = 0Number of asset objects unloaded after import = 142

========================================================================
Received Import Request.
  Time since last request: 0.809009 seconds.
  path: Assets/models/lucien.fbx
  artifactKey: Guid(75ef5e898d33f8148985ab32559b4a16) Importer(2089858483,192608db42251d675da83286b1cce702)
Start importing Assets/models/lucien.fbx using Guid(75ef5e898d33f8148985ab32559b4a16) Importer(2089858483,192608db42251d675da83286b1cce702) (ScriptedImporter) -> (artifact id: '6b8dadb31a73c7ba3960f1df13b8e73a') in 0.0502834 seconds
Number of updated asset objects reloaded before import = 0Number of asset objects unloaded after import = 141

========================================================================
Received Import Request.
  Time since last request: 12.348804 seconds.
  path: Assets/models/materials
  artifactKey: Guid(323a4ff4f6e75a3488c80a764d6f98c9) Importer(815301076,1909f56bfc062723c751e8b465ee728b)
Start importing Assets/models/materials using Guid(323a4ff4f6e75a3488c80a764d6f98c9) Importer(815301076,1909f56bfc062723c751e8b465ee728b) (PreviewImporter) -> (artifact id: '165a5cbfb29b02b5cb6dd3acfa55a76f') in 0.0007061 seconds
Number of updated asset objects reloaded before import = 0Number of asset objects unloaded after import = 0

========================================================================
Received Import Request.
  Time since last request: 2.234921 seconds.
  path: Assets/models/materials/Lucien 1.mat
  artifactKey: Guid(f41b4e535e9c27a43bb8a52d1049f74f) Importer(815301076,1909f56bfc062723c751e8b465ee728b)
Start importing Assets/models/materials/Lucien 1.mat using Guid(f41b4e535e9c27a43bb8a52d1049f74f) Importer(815301076,1909f56bfc062723c751e8b465ee728b) (PreviewImporter) -> (artifact id: '839e2585fce92a5e08ce729aa1d0e74b') in 0.0260194 seconds
Number of updated asset objects reloaded before import = 0Number of asset objects unloaded after import = 1

========================================================================
Received Import Request.
  Time since last request: 0.877730 seconds.
  path: Assets/models/materials/Lucien 1.mat
  artifactKey: Guid(f41b4e535e9c27a43bb8a52d1049f74f) Importer(2089858483,192608db42251d675da83286b1cce702)
Start importing Assets/models/materials/Lucien 1.mat using Guid(f41b4e535e9c27a43bb8a52d1049f74f) Importer(2089858483,192608db42251d675da83286b1cce702) (ScriptedImporter) -> (artifact id: '7ad4d8024c6b6b6d6015826b85abfb0b') in 0.0405571 seconds
Number of updated asset objects reloaded before import = 0Number of asset objects unloaded after import = 1

========================================================================
Received Import Request.
  Time since last request: 4.780776 seconds.
  path: Assets/models/materials/Farrum.mat
  artifactKey: Guid(f41b4e535e9c27a43bb8a52d1049f74f) Importer(815301076,1909f56bfc062723c751e8b465ee728b)
Start importing Assets/models/materials/Farrum.mat using Guid(f41b4e535e9c27a43bb8a52d1049f74f) Importer(815301076,1909f56bfc062723c751e8b465ee728b) (PreviewImporter) -> (artifact id: '4d674ef2865ba6d30dc4a5de8a8c2205') in 0.033659 seconds
Number of updated asset objects reloaded before import = 0Number of asset objects unloaded after import = 1

========================================================================
Received Import Request.
  Time since last request: 0.817040 seconds.
  path: Assets/models/materials/Farrum.mat
  artifactKey: Guid(f41b4e535e9c27a43bb8a52d1049f74f) Importer(2089858483,192608db42251d675da83286b1cce702)
Start importing Assets/models/materials/Farrum.mat using Guid(f41b4e535e9c27a43bb8a52d1049f74f) Importer(2089858483,192608db42251d675da83286b1cce702) (ScriptedImporter) -> (artifact id: '9f2584dde528db8abef4576100b93218') in 0.0318793 seconds
Number of updated asset objects reloaded before import = 0Number of asset objects unloaded after import = 1

========================================================================
Received Import Request.
  Time since last request: 14.058906 seconds.
  path: Assets/models/lucien.fbx
  artifactKey: Guid(75ef5e898d33f8148985ab32559b4a16) Importer(815301076,1909f56bfc062723c751e8b465ee728b)
Start importing Assets/models/lucien.fbx using Guid(75ef5e898d33f8148985ab32559b4a16) Importer(815301076,1909f56bfc062723c751e8b465ee728b) (PreviewImporter) -> (artifact id: 'c8defc44380d4c649b627a08d46eb5f4') in 0.0564024 seconds
Number of updated asset objects reloaded before import = 0Number of asset objects unloaded after import = 142

========================================================================
Received Import Request.
  Time since last request: 45.777980 seconds.
  path: Assets/models/farrum.fbx
  artifactKey: Guid(027c4f4b1c8481a4782b133e67c817e2) Importer(815301076,1909f56bfc062723c751e8b465ee728b)
Start importing Assets/models/farrum.fbx using Guid(027c4f4b1c8481a4782b133e67c817e2) Importer(815301076,1909f56bfc062723c751e8b465ee728b) (PreviewImporter) -> (artifact id: 'fb266ed84b82bebd4aba5e3bf5e9379d') in 0.0687393 seconds
Number of updated asset objects reloaded before import = 0Number of asset objects unloaded after import = 142

========================================================================
Received Import Request.
  Time since last request: 72.182758 seconds.
  path: Assets/models/farrum.fbx
  artifactKey: Guid(027c4f4b1c8481a4782b133e67c817e2) Importer(815301076,1909f56bfc062723c751e8b465ee728b)
Start importing Assets/models/farrum.fbx using Guid(027c4f4b1c8481a4782b133e67c817e2) Importer(815301076,1909f56bfc062723c751e8b465ee728b) (PreviewImporter) -> (artifact id: '96f5b4609320bafbc0bc945b8ab9c63d') in 0.0596432 seconds
Number of updated asset objects reloaded before import = 0Number of asset objects unloaded after import = 142

========================================================================
Received Import Request.
  Time since last request: 0.764591 seconds.
  path: Assets/models/materials/Farrum.mat
  artifactKey: Guid(f41b4e535e9c27a43bb8a52d1049f74f) Importer(2089858483,192608db42251d675da83286b1cce702)
Start importing Assets/models/materials/Farrum.mat using Guid(f41b4e535e9c27a43bb8a52d1049f74f) Importer(2089858483,192608db42251d675da83286b1cce702) (ScriptedImporter) -> (artifact id: 'b431d931fd33b2cd1ba1a72db1325a71') in 0.0359232 seconds
Number of updated asset objects reloaded before import = 0Number of asset objects unloaded after import = 1

========================================================================
Received Import Request.
  Time since last request: 1456.917739 seconds.
  path: Assets/models/farrum 1.fbx
  artifactKey: Guid(605b2c8dea51fe149ae5a4fd1dc2f9ae) Importer(815301076,1909f56bfc062723c751e8b465ee728b)
Start importing Assets/models/farrum 1.fbx using Guid(605b2c8dea51fe149ae5a4fd1dc2f9ae) Importer(815301076,1909f56bfc062723c751e8b465ee728b) (PreviewImporter) -> (artifact id: 'efd3cbc1b8a462c828f72520498e69ea') in 0.0460838 seconds
Number of updated asset objects reloaded before import = 0Number of asset objects unloaded after import = 142

========================================================================
Received Import Request.
  Time since last request: 0.900222 seconds.
  path: Assets/models/farrum 1.fbx
  artifactKey: Guid(605b2c8dea51fe149ae5a4fd1dc2f9ae) Importer(2089858483,192608db42251d675da83286b1cce702)
Start importing Assets/models/farrum 1.fbx using Guid(605b2c8dea51fe149ae5a4fd1dc2f9ae) Importer(2089858483,192608db42251d675da83286b1cce702) (ScriptedImporter) -> (artifact id: 'dd61527e1e6b3c6b79cc1488cbbdb649') in 0.0440103 seconds
Number of updated asset objects reloaded before import = 0Number of asset objects unloaded after import = 141

========================================================================
Received Import Request.
  Time since last request: 16.764485 seconds.
  path: Assets/models/Cadorial&Candorael.fbx
  artifactKey: Guid(605b2c8dea51fe149ae5a4fd1dc2f9ae) Importer(815301076,1909f56bfc062723c751e8b465ee728b)
Start importing Assets/models/Cadorial&Candorael.fbx using Guid(605b2c8dea51fe149ae5a4fd1dc2f9ae) Importer(815301076,1909f56bfc062723c751e8b465ee728b) (PreviewImporter) -> (artifact id: '10369e179766f81c85c211f54881952e') in 0.0317293 seconds
Number of updated asset objects reloaded before import = 0Number of asset objects unloaded after import = 142

========================================================================
Received Import Request.
  Time since last request: 0.870157 seconds.
  path: Assets/models/Cadorial&Candorael.fbx
  artifactKey: Guid(605b2c8dea51fe149ae5a4fd1dc2f9ae) Importer(2089858483,192608db42251d675da83286b1cce702)
Start importing Assets/models/Cadorial&Candorael.fbx using Guid(605b2c8dea51fe149ae5a4fd1dc2f9ae) Importer(2089858483,192608db42251d675da83286b1cce702) (ScriptedImporter) -> (artifact id: '932b231f2dc93a7d0ff65b85929852e2') in 0.0347555 seconds
Number of updated asset objects reloaded before import = 0Number of asset objects unloaded after import = 141

========================================================================
Received Import Request.
  Time since last request: 2.647505 seconds.
  path: Assets/models/materials/Farrum.mat
  artifactKey: Guid(f41b4e535e9c27a43bb8a52d1049f74f) Importer(815301076,1909f56bfc062723c751e8b465ee728b)
Start importing Assets/models/materials/Farrum.mat using Guid(f41b4e535e9c27a43bb8a52d1049f74f) Importer(815301076,1909f56bfc062723c751e8b465ee728b) (PreviewImporter) -> (artifact id: '1301283c45df7b75725bc6046c5e8e0e') in 0.02372 seconds
Number of updated asset objects reloaded before import = 0Number of asset objects unloaded after import = 1

========================================================================
Received Import Request.
  Time since last request: 1.998893 seconds.
  path: Assets/models/materials/Farrum 1.mat
  artifactKey: Guid(74e2262915ee9104cbfd4f257f2fda51) Importer(815301076,1909f56bfc062723c751e8b465ee728b)
Start importing Assets/models/materials/Farrum 1.mat using Guid(74e2262915ee9104cbfd4f257f2fda51) Importer(815301076,1909f56bfc062723c751e8b465ee728b) (PreviewImporter) -> (artifact id: '511b9604f62c17205286dbc53a5b495a') in 0.024197 seconds
Number of updated asset objects reloaded before import = 0Number of asset objects unloaded after import = 1

========================================================================
Received Import Request.
  Time since last request: 0.920470 seconds.
  path: Assets/models/materials/Farrum 1.mat
  artifactKey: Guid(74e2262915ee9104cbfd4f257f2fda51) Importer(2089858483,192608db42251d675da83286b1cce702)
Start importing Assets/models/materials/Farrum 1.mat using Guid(74e2262915ee9104cbfd4f257f2fda51) Importer(2089858483,192608db42251d675da83286b1cce702) (ScriptedImporter) -> (artifact id: '44397abbb3f61d1be5d0970e51e462c3') in 0.021248 seconds
Number of updated asset objects reloaded before import = 0Number of asset objects unloaded after import = 1

========================================================================
Received Import Request.
  Time since last request: 9.686064 seconds.
  path: Assets/models/materials/Candorial & Candorael.mat
  artifactKey: Guid(74e2262915ee9104cbfd4f257f2fda51) Importer(815301076,1909f56bfc062723c751e8b465ee728b)
Start importing Assets/models/materials/Candorial & Candorael.mat using Guid(74e2262915ee9104cbfd4f257f2fda51) Importer(815301076,1909f56bfc062723c751e8b465ee728b) (PreviewImporter) -> (artifact id: 'c538b8c1da2cfe0246b3a69c359d35d1') in 0.0239571 seconds
Number of updated asset objects reloaded before import = 0Number of asset objects unloaded after import = 1

========================================================================
Received Import Request.
  Time since last request: 0.945516 seconds.
  path: Assets/models/materials/Candorial & Candorael.mat
  artifactKey: Guid(74e2262915ee9104cbfd4f257f2fda51) Importer(2089858483,192608db42251d675da83286b1cce702)
Start importing Assets/models/materials/Candorial & Candorael.mat using Guid(74e2262915ee9104cbfd4f257f2fda51) Importer(2089858483,192608db42251d675da83286b1cce702) (ScriptedImporter) -> (artifact id: 'd22219cc6bf893c99e2742bf2290c336') in 0.0156711 seconds
Number of updated asset objects reloaded before import = 0Number of asset objects unloaded after import = 1

========================================================================
Received Import Request.
  Time since last request: 9.976211 seconds.
  path: Assets/PolyKebap/LED Light Essentials Pack/Materials/LedLightWhite.mat
  artifactKey: Guid(17c7f7f1259181a45b0fece42a95d465) Importer(815301076,1909f56bfc062723c751e8b465ee728b)
Start importing Assets/PolyKebap/LED Light Essentials Pack/Materials/LedLightWhite.mat using Guid(17c7f7f1259181a45b0fece42a95d465) Importer(815301076,1909f56bfc062723c751e8b465ee728b) (PreviewImporter) -> (artifact id: '6f6de4eb061ad55fefa9602b1a301f4c') in 0.0463868 seconds
Number of updated asset objects reloaded before import = 0Number of asset objects unloaded after import = 1

========================================================================
Received Import Request.
  Time since last request: 0.180114 seconds.
  path: Assets/Fries and Seagull/Bar 02/Models/Materials/Cup Water.mat
  artifactKey: Guid(ef6826bb3daf589458959e980d5559e7) Importer(815301076,1909f56bfc062723c751e8b465ee728b)
Start importing Assets/Fries and Seagull/Bar 02/Models/Materials/Cup Water.mat using Guid(ef6826bb3daf589458959e980d5559e7) Importer(815301076,1909f56bfc062723c751e8b465ee728b) (PreviewImporter) -> (artifact id: '693e8a114daff0b0a0e719938cd0a7cb') in 0.0253259 seconds
Number of updated asset objects reloaded before import = 0Number of asset objects unloaded after import = 1

========================================================================
Received Import Request.
  Time since last request: 0.000023 seconds.
  path: Assets/PolyKebap/LED Light Essentials Pack/Materials/LedLightGlass.mat
  artifactKey: Guid(afceb5457305a864bb578e1fc77ca940) Importer(815301076,1909f56bfc062723c751e8b465ee728b)
Start importing Assets/PolyKebap/LED Light Essentials Pack/Materials/LedLightGlass.mat using Guid(afceb5457305a864bb578e1fc77ca940) Importer(815301076,1909f56bfc062723c751e8b465ee728b) (PreviewImporter) -> (artifact id: '8add383366c244ced6462da8a9841a34') in 0.0416813 seconds
Number of updated asset objects reloaded before import = 0Number of asset objects unloaded after import = 1

========================================================================
Received Import Request.
  Time since last request: 0.000029 seconds.
  path: Assets/PolyKebap/LED Light Essentials Pack/Materials/LedLightRed.mat
  artifactKey: Guid(a96bcb6f90397644083ea619343cc34c) Importer(815301076,1909f56bfc062723c751e8b465ee728b)
Start importing Assets/PolyKebap/LED Light Essentials Pack/Materials/LedLightRed.mat using Guid(a96bcb6f90397644083ea619343cc34c) Importer(815301076,1909f56bfc062723c751e8b465ee728b) (PreviewImporter) -> (artifact id: '3443408c8b7e12e6f5c66c089497a24b') in 0.023597 seconds
Number of updated asset objects reloaded before import = 0Number of asset objects unloaded after import = 1

========================================================================
Received Import Request.
  Time since last request: 0.000022 seconds.
  path: Assets/Fries and Seagull/Bar 02/Models/Materials/Drink Mat.mat
  artifactKey: Guid(63dc49f1168377745a3c23d29cd39b58) Importer(815301076,1909f56bfc062723c751e8b465ee728b)
Start importing Assets/Fries and Seagull/Bar 02/Models/Materials/Drink Mat.mat using Guid(63dc49f1168377745a3c23d29cd39b58) Importer(815301076,1909f56bfc062723c751e8b465ee728b) (PreviewImporter) -> (artifact id: '57e4b513cbdd7ba247e57e0dcc84d878') in 0.0229852 seconds
Number of updated asset objects reloaded before import = 0Number of asset objects unloaded after import = 1

========================================================================
Received Import Request.
  Time since last request: 0.000019 seconds.
  path: Assets/PolyKebap/LED Light Essentials Pack/Materials/LedLightBase.mat
  artifactKey: Guid(99ed8d283967af84fbd29f53f9c7eae8) Importer(815301076,1909f56bfc062723c751e8b465ee728b)
Start importing Assets/PolyKebap/LED Light Essentials Pack/Materials/LedLightBase.mat using Guid(99ed8d283967af84fbd29f53f9c7eae8) Importer(815301076,1909f56bfc062723c751e8b465ee728b) (PreviewImporter) -> (artifact id: '6db6d2a41e4a14b1c3271b791ba4efb5') in 0.0446329 seconds
Number of updated asset objects reloaded before import = 0Number of asset objects unloaded after import = 1

========================================================================
Received Import Request.
  Time since last request: 5.582386 seconds.
  path: Assets/models/Cadorial&Candorael.fbx
  artifactKey: Guid(605b2c8dea51fe149ae5a4fd1dc2f9ae) Importer(815301076,1909f56bfc062723c751e8b465ee728b)
Start importing Assets/models/Cadorial&Candorael.fbx using Guid(605b2c8dea51fe149ae5a4fd1dc2f9ae) Importer(815301076,1909f56bfc062723c751e8b465ee728b) (PreviewImporter) -> (artifact id: 'c77de490731f919f1755d921a39f6ecc') in 0.0352357 seconds
Number of updated asset objects reloaded before import = 0Number of asset objects unloaded after import = 142

========================================================================
Received Import Request.
  Time since last request: 50.080410 seconds.
  path: Assets/models/Cadorial&Candorael 1.fbx
  artifactKey: Guid(5be2b2cf653912b44a54a69a6b6de7b4) Importer(815301076,1909f56bfc062723c751e8b465ee728b)
Start importing Assets/models/Cadorial&Candorael 1.fbx using Guid(5be2b2cf653912b44a54a69a6b6de7b4) Importer(815301076,1909f56bfc062723c751e8b465ee728b) (PreviewImporter) -> (artifact id: '1be886354beabb56bcb9d815f7cbb15b') in 0.0340715 seconds
Number of updated asset objects reloaded before import = 0Number of asset objects unloaded after import = 142

========================================================================
Received Import Request.
  Time since last request: 0.858050 seconds.
  path: Assets/models/materials/Candorial & Candorael.mat
  artifactKey: Guid(74e2262915ee9104cbfd4f257f2fda51) Importer(2089858483,192608db42251d675da83286b1cce702)
Start importing Assets/models/materials/Candorial & Candorael.mat using Guid(74e2262915ee9104cbfd4f257f2fda51) Importer(2089858483,192608db42251d675da83286b1cce702) (ScriptedImporter) -> (artifact id: '8c2c1878b954ccda409f3f3c31085760') in 0.0254122 seconds
Number of updated asset objects reloaded before import = 0Number of asset objects unloaded after import = 1

========================================================================
Received Import Request.
  Time since last request: 6.363644 seconds.
  path: Assets/models/InaHime.fbx
  artifactKey: Guid(605b2c8dea51fe149ae5a4fd1dc2f9ae) Importer(815301076,1909f56bfc062723c751e8b465ee728b)
Start importing Assets/models/InaHime.fbx using Guid(605b2c8dea51fe149ae5a4fd1dc2f9ae) Importer(815301076,1909f56bfc062723c751e8b465ee728b) (PreviewImporter) -> (artifact id: '69014b7d2a508123c99796ed47e3a68a') in 0.0350809 seconds
Number of updated asset objects reloaded before import = 0Number of asset objects unloaded after import = 142

========================================================================
Received Import Request.
  Time since last request: 0.899221 seconds.
  path: Assets/models/InaHime.fbx
  artifactKey: Guid(605b2c8dea51fe149ae5a4fd1dc2f9ae) Importer(2089858483,192608db42251d675da83286b1cce702)
Start importing Assets/models/InaHime.fbx using Guid(605b2c8dea51fe149ae5a4fd1dc2f9ae) Importer(2089858483,192608db42251d675da83286b1cce702) (ScriptedImporter) -> (artifact id: '94d16edf461e9e0e4bbcb08e02b18e8d') in 0.0312207 seconds
Number of updated asset objects reloaded before import = 0Number of asset objects unloaded after import = 141

========================================================================
Received Import Request.
  Time since last request: 1.069007 seconds.
  path: Assets/models/materials/Candorial & Candorael.mat
  artifactKey: Guid(74e2262915ee9104cbfd4f257f2fda51) Importer(815301076,1909f56bfc062723c751e8b465ee728b)
Start importing Assets/models/materials/Candorial & Candorael.mat using Guid(74e2262915ee9104cbfd4f257f2fda51) Importer(815301076,1909f56bfc062723c751e8b465ee728b) (PreviewImporter) -> (artifact id: '93f965aa511e280b9e732a14d26ac112') in 0.0241436 seconds
Number of updated asset objects reloaded before import = 0Number of asset objects unloaded after import = 1

========================================================================
Received Import Request.
  Time since last request: 1.676897 seconds.
  path: Assets/models/materials/Candorial & Candorael 1.mat
  artifactKey: Guid(adb8201e41efbc44283c5eda27c53895) Importer(815301076,1909f56bfc062723c751e8b465ee728b)
Start importing Assets/models/materials/Candorial & Candorael 1.mat using Guid(adb8201e41efbc44283c5eda27c53895) Importer(815301076,1909f56bfc062723c751e8b465ee728b) (PreviewImporter) -> (artifact id: 'df7cf12d3f77ab9673e45be11f44c35b') in 0.0271352 seconds
Number of updated asset objects reloaded before import = 0Number of asset objects unloaded after import = 1

========================================================================
Received Import Request.
  Time since last request: 1.736262 seconds.
  path: Assets/models/materials/Candorial & Candorael 1.mat
  artifactKey: Guid(adb8201e41efbc44283c5eda27c53895) Importer(2089858483,192608db42251d675da83286b1cce702)
Start importing Assets/models/materials/Candorial & Candorael 1.mat using Guid(adb8201e41efbc44283c5eda27c53895) Importer(2089858483,192608db42251d675da83286b1cce702) (ScriptedImporter) -> (artifact id: '669a9714d70a965e9c551e7095a88b45') in 0.0179128 seconds
Number of updated asset objects reloaded before import = 0Number of asset objects unloaded after import = 1

========================================================================
Received Import Request.
  Time since last request: 2.188116 seconds.
  path: Assets/models/materials/Inahime.mat
  artifactKey: Guid(74e2262915ee9104cbfd4f257f2fda51) Importer(815301076,1909f56bfc062723c751e8b465ee728b)
Start importing Assets/models/materials/Inahime.mat using Guid(74e2262915ee9104cbfd4f257f2fda51) Importer(815301076,1909f56bfc062723c751e8b465ee728b) (PreviewImporter) -> (artifact id: '7825c8ed4dd6857aa2f79fc6ac36b4f4') in 0.0240722 seconds
Number of updated asset objects reloaded before import = 0Number of asset objects unloaded after import = 1

========================================================================
Received Import Request.
  Time since last request: 0.928275 seconds.
  path: Assets/models/materials/Inahime.mat
  artifactKey: Guid(74e2262915ee9104cbfd4f257f2fda51) Importer(2089858483,192608db42251d675da83286b1cce702)
Start importing Assets/models/materials/Inahime.mat using Guid(74e2262915ee9104cbfd4f257f2fda51) Importer(2089858483,192608db42251d675da83286b1cce702) (ScriptedImporter) -> (artifact id: '278dfcf5d237d3059ba2ba9f56f8f2ee') in 0.0220259 seconds
Number of updated asset objects reloaded before import = 0Number of asset objects unloaded after import = 1

========================================================================
Received Import Request.
  Time since last request: 11.560923 seconds.
  path: Assets/models/Cadorial&Candorael 1.fbx
  artifactKey: Guid(5be2b2cf653912b44a54a69a6b6de7b4) Importer(815301076,1909f56bfc062723c751e8b465ee728b)
Start importing Assets/models/Cadorial&Candorael 1.fbx using Guid(5be2b2cf653912b44a54a69a6b6de7b4) Importer(815301076,1909f56bfc062723c751e8b465ee728b) (PreviewImporter) -> (artifact id: 'b95fa350c7d0cce94b82ba9ba9cbc680') in 0.0402491 seconds
Number of updated asset objects reloaded before import = 0Number of asset objects unloaded after import = 142

========================================================================
Received Import Request.
  Time since last request: 13.566153 seconds.
  path: Assets/models/Cadorial&Candorael 1.fbx
  artifactKey: Guid(5be2b2cf653912b44a54a69a6b6de7b4) Importer(815301076,1909f56bfc062723c751e8b465ee728b)
Start importing Assets/models/Cadorial&Candorael 1.fbx using Guid(5be2b2cf653912b44a54a69a6b6de7b4) Importer(815301076,1909f56bfc062723c751e8b465ee728b) (PreviewImporter) -> (artifact id: 'b4dea27bf5e618e5f9d5ed17a4fd8a78') in 0.0462411 seconds
Number of updated asset objects reloaded before import = 0Number of asset objects unloaded after import = 142

========================================================================
Received Import Request.
  Time since last request: 47.211359 seconds.
  path: Assets/models/InaHime 1.fbx
  artifactKey: Guid(f71313c5ac786e14ea10a75f11d590c5) Importer(815301076,1909f56bfc062723c751e8b465ee728b)
Start importing Assets/models/InaHime 1.fbx using Guid(f71313c5ac786e14ea10a75f11d590c5) Importer(815301076,1909f56bfc062723c751e8b465ee728b) (PreviewImporter) -> (artifact id: 'b4fc409e4f726347bfa85f5ed52c20bc') in 0.0331702 seconds
Number of updated asset objects reloaded before import = 0Number of asset objects unloaded after import = 142

========================================================================
Received Import Request.
  Time since last request: 0.920205 seconds.
  path: Assets/models/materials/Inahime.mat
  artifactKey: Guid(74e2262915ee9104cbfd4f257f2fda51) Importer(2089858483,192608db42251d675da83286b1cce702)
Start importing Assets/models/materials/Inahime.mat using Guid(74e2262915ee9104cbfd4f257f2fda51) Importer(2089858483,192608db42251d675da83286b1cce702) (ScriptedImporter) -> (artifact id: '4c7dd5e332ca2804ead4e3ccd157fe1d') in 0.0259285 seconds
Number of updated asset objects reloaded before import = 0Number of asset objects unloaded after import = 1

========================================================================
Received Import Request.
  Time since last request: 6.459417 seconds.
  path: Assets/models/John Doe.fbx
  artifactKey: Guid(f71313c5ac786e14ea10a75f11d590c5) Importer(815301076,1909f56bfc062723c751e8b465ee728b)
Start importing Assets/models/John Doe.fbx using Guid(f71313c5ac786e14ea10a75f11d590c5) Importer(815301076,1909f56bfc062723c751e8b465ee728b) (PreviewImporter) -> (artifact id: '95c415df38ad459f56e8755ed837871d') in 0.0381107 seconds
Number of updated asset objects reloaded before import = 0Number of asset objects unloaded after import = 142

========================================================================
Received Import Request.
  Time since last request: 0.876933 seconds.
  path: Assets/models/John Doe.fbx
  artifactKey: Guid(f71313c5ac786e14ea10a75f11d590c5) Importer(2089858483,192608db42251d675da83286b1cce702)
Start importing Assets/models/John Doe.fbx using Guid(f71313c5ac786e14ea10a75f11d590c5) Importer(2089858483,192608db42251d675da83286b1cce702) (ScriptedImporter) -> (artifact id: '78fdd98532d1778c26bb4542d1a54fdd') in 0.0327324 seconds
Number of updated asset objects reloaded before import = 0Number of asset objects unloaded after import = 141

========================================================================
Received Import Request.
  Time since last request: 1.406194 seconds.
  path: Assets/models/materials/Inahime.mat
  artifactKey: Guid(74e2262915ee9104cbfd4f257f2fda51) Importer(815301076,1909f56bfc062723c751e8b465ee728b)
Start importing Assets/models/materials/Inahime.mat using Guid(74e2262915ee9104cbfd4f257f2fda51) Importer(815301076,1909f56bfc062723c751e8b465ee728b) (PreviewImporter) -> (artifact id: '31fb742c598cfd7b1497706dd0158824') in 0.0243808 seconds
Number of updated asset objects reloaded before import = 0Number of asset objects unloaded after import = 1

========================================================================
Received Import Request.
  Time since last request: 2.457091 seconds.
  path: Assets/models/materials/Candorial & Candorael 2.mat
  artifactKey: Guid(6f99e9968ea2667459c6d3a264b1fb8a) Importer(815301076,1909f56bfc062723c751e8b465ee728b)
Start importing Assets/models/materials/Candorial & Candorael 2.mat using Guid(6f99e9968ea2667459c6d3a264b1fb8a) Importer(815301076,1909f56bfc062723c751e8b465ee728b) (PreviewImporter) -> (artifact id: 'd611f754e3077f4bea965b5c01e44539') in 0.0210362 seconds
Number of updated asset objects reloaded before import = 0Number of asset objects unloaded after import = 1

========================================================================
Received Import Request.
  Time since last request: 0.924687 seconds.
  path: Assets/models/materials/Candorial & Candorael 2.mat
  artifactKey: Guid(6f99e9968ea2667459c6d3a264b1fb8a) Importer(2089858483,192608db42251d675da83286b1cce702)
Start importing Assets/models/materials/Candorial & Candorael 2.mat using Guid(6f99e9968ea2667459c6d3a264b1fb8a) Importer(2089858483,192608db42251d675da83286b1cce702) (ScriptedImporter) -> (artifact id: '0d4b165cfb4f5251f153cb4733f31bea') in 0.0315095 seconds
Number of updated asset objects reloaded before import = 0Number of asset objects unloaded after import = 1

========================================================================
Received Import Request.
  Time since last request: 13.341764 seconds.
  path: Assets/models/materials/JohnDoe.mat
  artifactKey: Guid(adb8201e41efbc44283c5eda27c53895) Importer(815301076,1909f56bfc062723c751e8b465ee728b)
Start importing Assets/models/materials/JohnDoe.mat using Guid(adb8201e41efbc44283c5eda27c53895) Importer(815301076,1909f56bfc062723c751e8b465ee728b) (PreviewImporter) -> (artifact id: 'f994da5409eb96e5824a9914f3bb5671') in 0.0308297 seconds
Number of updated asset objects reloaded before import = 0Number of asset objects unloaded after import = 1

========================================================================
Received Import Request.
  Time since last request: 0.920683 seconds.
  path: Assets/models/materials/JohnDoe.mat
  artifactKey: Guid(adb8201e41efbc44283c5eda27c53895) Importer(2089858483,192608db42251d675da83286b1cce702)
Start importing Assets/models/materials/JohnDoe.mat using Guid(adb8201e41efbc44283c5eda27c53895) Importer(2089858483,192608db42251d675da83286b1cce702) (ScriptedImporter) -> (artifact id: '3023061cb9bf2754cf1e5dd4fe78d8d6') in 0.021166 seconds
Number of updated asset objects reloaded before import = 0Number of asset objects unloaded after import = 1

========================================================================
Received Import Request.
  Time since last request: 0.304353 seconds.
  path: Assets/models/Cadorial&Candorael 1.fbx
  artifactKey: Guid(5be2b2cf653912b44a54a69a6b6de7b4) Importer(815301076,1909f56bfc062723c751e8b465ee728b)
Start importing Assets/models/Cadorial&Candorael 1.fbx using Guid(5be2b2cf653912b44a54a69a6b6de7b4) Importer(815301076,1909f56bfc062723c751e8b465ee728b) (PreviewImporter) -> (artifact id: '7f1cc4d3db55bc22903c9168f5b464e9') in 0.0230008 seconds
Number of updated asset objects reloaded before import = 0Number of asset objects unloaded after import = 142

========================================================================
Received Import Request.
  Time since last request: 10.895001 seconds.
  path: Assets/models/Cadorial&Candorael 1.fbx
  artifactKey: Guid(5be2b2cf653912b44a54a69a6b6de7b4) Importer(815301076,1909f56bfc062723c751e8b465ee728b)
Start importing Assets/models/Cadorial&Candorael 1.fbx using Guid(5be2b2cf653912b44a54a69a6b6de7b4) Importer(815301076,1909f56bfc062723c751e8b465ee728b) (PreviewImporter) -> (artifact id: '9e490c2fa84ba1006e36a0553e750f02') in 0.0515188 seconds
Number of updated asset objects reloaded before import = 0Number of asset objects unloaded after import = 142

========================================================================
Received Import Request.
  Time since last request: 6.391472 seconds.
  path: Assets/models/John Doe.fbx
  artifactKey: Guid(f71313c5ac786e14ea10a75f11d590c5) Importer(815301076,1909f56bfc062723c751e8b465ee728b)
Start importing Assets/models/John Doe.fbx using Guid(f71313c5ac786e14ea10a75f11d590c5) Importer(815301076,1909f56bfc062723c751e8b465ee728b) (PreviewImporter) -> (artifact id: '68dd80c28707beab007d1ec9ed1df978') in 0.0405699 seconds
Number of updated asset objects reloaded before import = 0Number of asset objects unloaded after import = 142

========================================================================
Received Prepare
Assembly reference Packages/com.unity.cinemachine/Editor/Samples/ExposeHDRPInternals/HDRP-Editor-ref.asmref has no target assembly definition
Assembly reference Packages/com.unity.cinemachine/Editor/Samples/ExposeHDRPInternals/HDRP-Editor-ref.asmref has no target assembly definition
Begin MonoManager ReloadAssembly
[Licensing::Client] Successfully resolved entitlement details
- Loaded All Assemblies, in  0.721 seconds
Assembly reference Packages/com.unity.cinemachine/Editor/Samples/ExposeHDRPInternals/HDRP-Editor-ref.asmref has no target assembly definition
'Packages/com.unity.cinemachine/Editor/Obsolete/CinemachineVirtualCameraBaseEditor.cs' contains partial class of Unity.Object, exactly 1 of the partial classes needs to be in a file with the same filename. This is to know the one that can be referenced from ie. GameObjects
'Packages/com.unity.cinemachine/Editor/Editors/CinemachineVirtualCameraBaseEditor.cs' contains partial class of Unity.Object, exactly 1 of the partial classes needs to be in a file with the same filename. This is to know the one that can be referenced from ie. GameObjects
Refreshing native plugins compatible for Editor in 0.39 ms, found 3 plugins.
Native extension for WindowsStandalone target not found
Native extension for WebGL target not found
Assembly reference Packages/com.unity.cinemachine/Editor/Samples/ExposeHDRPInternals/HDRP-Editor-ref.asmref has no target assembly definition
[Package Manager] Failed to launch server process. Reason: Unity was launched with the -noUpm command-line argument
[Package Manager] Unable to send message (not connected to server process).
[Package Manager] Cannot connect to Unity Package Manager local server
[Package Manager] Failed to launch server process. Reason: Unity was launched with the -noUpm command-line argument
[Package Manager] Unable to send message (not connected to server process).
[Package Manager] Cannot connect to Unity Package Manager local server
[MODES] ModeService[none].Initialize
[MODES] ModeService[none].LoadModes
Mono: successfully reloaded assembly
- Finished resetting the current domain, in  0.602 seconds
Domain Reload Profiling: 1326ms
	BeginReloadAssembly (237ms)
		ExecutionOrderSort (0ms)
		DisableScriptedObjects (18ms)
		BackupInstance (0ms)
		ReleaseScriptingObjects (0ms)
		CreateAndSetChildDomain (66ms)
	RebuildCommonClasses (27ms)
	RebuildNativeTypeToScriptingClass (10ms)
	initialDomainReloadingComplete (22ms)
	LoadAllAssembliesAndSetupDomain (428ms)
		LoadAssemblies (377ms)
		RebuildTransferFunctionScriptingTraits (0ms)
		AnalyzeDomain (149ms)
			TypeCache.Refresh (6ms)
				TypeCache.ScanAssembly (0ms)
			BuildScriptInfoCaches (130ms)
			ResolveRequiredComponents (9ms)
	FinalizeReload (602ms)
		ReleaseScriptCaches (0ms)
		RebuildScriptCaches (0ms)
		SetupLoadedEditorAssemblies (473ms)
			LogAssemblyErrors (0ms)
			InitializePlatformSupportModulesInManaged (2ms)
			SetLoadedEditorAssemblies (4ms)
			BeforeProcessingInitializeOnLoad (98ms)
			ProcessInitializeOnLoadAttributes (292ms)
			ProcessInitializeOnLoadMethodAttributes (72ms)
			AfterProcessingInitializeOnLoad (4ms)
			EditorAssembliesLoaded (0ms)
		ExecutionOrderSort2 (0ms)
		AwakeInstancesAfterBackupRestoration (12ms)
Refreshing native plugins compatible for Editor in 0.49 ms, found 3 plugins.
Preloading 0 native plugins for Editor in 0.00 ms.
Unloading 27 Unused Serialized files (Serialized files now loaded: 0)
Unloading 7000 unused Assets / (6.0 MB). Loaded Objects now: 7824.
Memory consumption went from 174.8 MB to 168.7 MB.
Total: 8.248700 ms (FindLiveObjects: 0.648500 ms CreateObjectMapping: 0.400800 ms MarkObjects: 4.986700 ms  DeleteObjects: 2.211500 ms)

Prepare: number of updated asset objects reloaded= 0
========================================================================
Received Import Request.
  Time since last request: 142.879740 seconds.
  path: Assets/models/materials/JohnDoe.mat
  artifactKey: Guid(adb8201e41efbc44283c5eda27c53895) Importer(815301076,1909f56bfc062723c751e8b465ee728b)
Start importing Assets/models/materials/JohnDoe.mat using Guid(adb8201e41efbc44283c5eda27c53895) Importer(815301076,1909f56bfc062723c751e8b465ee728b) (PreviewImporter) -> (artifact id: '82427914c42ae8cffdb60ef81f8ddebb') in 0.3840702 seconds
Number of updated asset objects reloaded before import = 0Number of asset objects unloaded after import = 1

