[Licensing::Module] Trying to connect to existing licensing client channel...
Built from '6000.2/staging' branch; Version is '6000.2.10f1 (d3d30d158480) revision 13882125'; Using compiler version '194234433'; Build Type 'Release'
OS: 'Windows 11  (10.0.22621) 64bit CoreCountrySpecific' Language: 'zh' Physical Memory: 16077 MB
[Licensing::IpcConnector] Successfully connected to: "LicenseClient-hp" at "2026-01-26T02:47:59.0569012Z"
BatchMode: 1, IsHumanControllingUs: 0, StartBugReporterOnCrash: 0, Is64bit: 1
Date: 2026-01-26T02:47:59Z

COMMAND LINE ARGUMENTS:
C:\Program Files\Unity\Hub\Editor\6000.2.10f1\Editor\Unity.exe
-adb2
-batchMode
-noUpm
-name
AssetImportWorker21
-projectPath
E:/games/unity/unity stuco
-logFile
Logs/AssetImportWorker21.log
-srvPort
52912
-licensingIpc
LicenseClient-hp
-job-worker-count
9
-background-job-worker-count
8
-gc-helper-count
1
-name
AssetImport
Successfully changed project path to: E:/games/unity/unity stuco
E:/games/unity/unity stuco
[UnityMemory] Configuration Parameters - Can be set up in boot.config
    "memorysetup-allocator-temp-initial-block-size-main=262144"
    "memorysetup-allocator-temp-initial-block-size-worker=262144"
    "memorysetup-bucket-allocator-granularity=16"
    "memorysetup-bucket-allocator-bucket-count=8"
    "memorysetup-bucket-allocator-block-size=33554432"
    "memorysetup-bucket-allocator-block-count=8"
    "memorysetup-main-allocator-block-size=16777216"
    "memorysetup-thread-allocator-block-size=16777216"
    "memorysetup-gfx-main-allocator-block-size=16777216"
    "memorysetup-gfx-thread-allocator-block-size=16777216"
    "memorysetup-cache-allocator-block-size=4194304"
    "memorysetup-typetree-allocator-block-size=2097152"
    "memorysetup-profiler-bucket-allocator-granularity=16"
    "memorysetup-profiler-bucket-allocator-bucket-count=8"
    "memorysetup-profiler-bucket-allocator-block-size=33554432"
    "memorysetup-profiler-bucket-allocator-block-count=8"
    "memorysetup-profiler-allocator-block-size=16777216"
    "memorysetup-profiler-editor-allocator-block-size=1048576"
    "memorysetup-temp-allocator-size-main=16777216"
    "memorysetup-job-temp-allocator-block-size=2097152"
    "memorysetup-job-temp-allocator-block-size-background=1048576"
    "memorysetup-job-temp-allocator-reduction-small-platforms=262144"
    "memorysetup-temp-allocator-size-background-worker=32768"
    "memorysetup-temp-allocator-size-job-worker=262144"
    "memorysetup-temp-allocator-size-preload-manager=33554432"
    "memorysetup-temp-allocator-size-nav-mesh-worker=65536"
    "memorysetup-temp-allocator-size-audio-worker=65536"
    "memorysetup-temp-allocator-size-cloud-worker=32768"
    "memorysetup-temp-allocator-size-gi-baking-worker=262144"
    "memorysetup-temp-allocator-size-gi-baking-worker=262144"
    "memorysetup-temp-allocator-size-gi-baking-worker=262144"
    "memorysetup-temp-allocator-size-gi-baking-worker=262144"
    "memorysetup-temp-allocator-size-gi-baking-worker=262144"
    "memorysetup-temp-allocator-size-gfx=262144"
Player connection [34572]  Target information:

Player connection [34572]  * "[IP] 26.16.34.112 [Port] 0 [Flags] 2 [Guid] 2550613764 [EditorId] 2550613764 [Version] 1048832 [Id] WindowsEditor(7,Sine-laptop) [Debug] 1 [PackageName] WindowsEditor [ProjectName] Editor" 

Player connection [34572]  * "[IP] 169.254.83.107 [Port] 0 [Flags] 2 [Guid] 2550613764 [EditorId] 2550613764 [Version] 1048832 [Id] WindowsEditor(7,Sine-laptop) [Debug] 1 [PackageName] WindowsEditor [ProjectName] Editor" 

Player connection [34572]  * "[IP] 10.0.0.176 [Port] 0 [Flags] 2 [Guid] 2550613764 [EditorId] 2550613764 [Version] 1048832 [Id] WindowsEditor(7,Sine-laptop) [Debug] 1 [PackageName] WindowsEditor [ProjectName] Editor" 

Player connection [34572] Host joined multi-casting on [225.0.0.222:54997]...
Player connection [34572] Host joined alternative multi-casting on [225.0.0.222:34997]...
JobSystem: Creating JobQueue using job-worker-count value 9
Input System module state changed to: Initialized.
[Physics::Module] Initialized fallback backend.
[Physics::Module] Id: 0xdecafbad
[Licensing::Client] Code 10 while verifying Licensing Client signature (process Id: 21424, path: "D:/program files/unity hub/UnityLicensingClient_V1/Unity.Licensing.Client.exe")
[Licensing::Module] LicensingClient has failed validation; ignoring
[Licensing::Client] Handshaking with LicensingClient:
  Version:                 1.17.4+4293ba1
  Session Id:              bf8ca567265d42c0a27cad0d23aa9a32
  Correlation Id:          7c14848868e067cf13524863e53c52db
  External correlation Id: 5333517340077231200
  Machine Id:              oJYw/SjKF5VKeIElphCQc4K/MVg=
[Licensing::Module] Successfully connected to LicensingClient on channel: "LicenseClient-hp" (connect: 0.00s, validation: 0.00s, handshake: 0.06s)
[Licensing::IpcConnector] Successfully connected to: "LicenseClient-hp-notifications" at "2026-01-26T02:47:59.1178397Z"
[Licensing::Module] Licensing Background thread has ended after 0.06s
Library Redirect Path: Library/
[Physics::Module] Selected backend.
[Physics::Module] Name: PhysX
[Physics::Module] Id: 0xf2b8ea05
[Physics::Module] SDK Version: 4.1.2
[Physics::Module] Integration Version: 1.0.0
[Physics::Module] Threading Mode: Multi-Threaded
Refreshing native plugins compatible for Editor in 2.74 ms, found 3 plugins.
Preloading 0 native plugins for Editor in 0.00 ms.
Initialize engine version: 6000.2.10f1 (d3d30d158480)
[Subsystems] Discovering subsystems at path C:/Program Files/Unity/Hub/Editor/6000.2.10f1/Editor/Data/Resources/UnitySubsystems
[Subsystems] Discovering subsystems at path E:/games/unity/unity stuco/Assets
GfxDevice: creating device client; kGfxThreadingModeNonThreaded
Direct3D:
    Version:  Direct3D 11.0 [level 11.1]
    Renderer: NVIDIA GeForce RTX 4060 Laptop GPU (ID=0x28a0)
    Vendor:   NVIDIA
    VRAM:     7957 MB
    Driver:   32.0.15.6094
Initialize mono
Mono path[0] = 'C:/Program Files/Unity/Hub/Editor/6000.2.10f1/Editor/Data/Managed'
Mono path[1] = 'C:/Program Files/Unity/Hub/Editor/6000.2.10f1/Editor/Data/MonoBleedingEdge/lib/mono/unityjit-win32'
Mono config path = 'C:/Program Files/Unity/Hub/Editor/6000.2.10f1/Editor/Data/MonoBleedingEdge/etc'
Using monoOptions --debugger-agent=transport=dt_socket,embedding=1,server=y,suspend=n,address=127.0.0.1:56092
Begin MonoManager ReloadAssembly
Registering precompiled unity dll's ...
Register platform support module: C:/Program Files/Unity/Hub/Editor/6000.2.10f1/Editor/Data/PlaybackEngines/WebGLSupport/UnityEditor.WebGL.Extensions.dll
Register platform support module: C:/Program Files/Unity/Hub/Editor/6000.2.10f1/Editor/Data/PlaybackEngines/WindowsStandaloneSupport/UnityEditor.WindowsStandalone.Extensions.dll
Registered in 0.004068 seconds.
- Loaded All Assemblies, in  0.606 seconds
Native extension for WindowsStandalone target not found
Native extension for WebGL target not found
Mono: successfully reloaded assembly
- Finished resetting the current domain, in  0.604 seconds
Domain Reload Profiling: 1208ms
	BeginReloadAssembly (180ms)
		ExecutionOrderSort (0ms)
		DisableScriptedObjects (0ms)
		BackupInstance (0ms)
		ReleaseScriptingObjects (0ms)
		CreateAndSetChildDomain (1ms)
	RebuildCommonClasses (51ms)
	RebuildNativeTypeToScriptingClass (19ms)
	initialDomainReloadingComplete (68ms)
	LoadAllAssembliesAndSetupDomain (284ms)
		LoadAssemblies (177ms)
		RebuildTransferFunctionScriptingTraits (0ms)
		AnalyzeDomain (279ms)
			TypeCache.Refresh (277ms)
				TypeCache.ScanAssembly (258ms)
			BuildScriptInfoCaches (0ms)
			ResolveRequiredComponents (1ms)
	FinalizeReload (605ms)
		ReleaseScriptCaches (0ms)
		RebuildScriptCaches (0ms)
		SetupLoadedEditorAssemblies (526ms)
			LogAssemblyErrors (0ms)
			InitializePlatformSupportModulesInManaged (85ms)
			SetLoadedEditorAssemblies (9ms)
			BeforeProcessingInitializeOnLoad (182ms)
			ProcessInitializeOnLoadAttributes (165ms)
			ProcessInitializeOnLoadMethodAttributes (84ms)
			AfterProcessingInitializeOnLoad (0ms)
			EditorAssembliesLoaded (0ms)
		ExecutionOrderSort2 (0ms)
		AwakeInstancesAfterBackupRestoration (0ms)
Assembly reference Packages/com.unity.cinemachine/Editor/Samples/ExposeHDRPInternals/HDRP-Editor-ref.asmref has no target assembly definition
========================================================================
Worker process is ready to serve import requests
Import Worker Mode flag is 0x00
Assembly reference Packages/com.unity.cinemachine/Editor/Samples/ExposeHDRPInternals/HDRP-Editor-ref.asmref has no target assembly definition
Assembly reference Packages/com.unity.cinemachine/Editor/Samples/ExposeHDRPInternals/HDRP-Editor-ref.asmref has no target assembly definition
Begin MonoManager ReloadAssembly
[Licensing::Client] Successfully resolved entitlement details
[Licensing::Module] License group:
  Id: 2475887581673-UnityPersXXXX
  Product: Unity Personal
  Type: Assigned
  Expiration: Unlimited
- Loaded All Assemblies, in  3.212 seconds
Assembly reference Packages/com.unity.cinemachine/Editor/Samples/ExposeHDRPInternals/HDRP-Editor-ref.asmref has no target assembly definition
'Packages/com.unity.cinemachine/Editor/Obsolete/CinemachineVirtualCameraBaseEditor.cs' contains partial class of Unity.Object, exactly 1 of the partial classes needs to be in a file with the same filename. This is to know the one that can be referenced from ie. GameObjects
'Packages/com.unity.cinemachine/Editor/Editors/CinemachineVirtualCameraBaseEditor.cs' contains partial class of Unity.Object, exactly 1 of the partial classes needs to be in a file with the same filename. This is to know the one that can be referenced from ie. GameObjects
Refreshing native plugins compatible for Editor in 2.38 ms, found 3 plugins.
Native extension for WindowsStandalone target not found
Native extension for WebGL target not found
Assembly reference Packages/com.unity.cinemachine/Editor/Samples/ExposeHDRPInternals/HDRP-Editor-ref.asmref has no target assembly definition
Package Manager log level set to [2]
[Package Manager] Failed to launch server process. Reason: Unity was launched with the -noUpm command-line argument
[Package Manager] Unable to send message (not connected to server process).
[Package Manager] Cannot connect to Unity Package Manager local server
[Package Manager] Failed to launch server process. Reason: Unity was launched with the -noUpm command-line argument
[Package Manager] Unable to send message (not connected to server process).
[Package Manager] Cannot connect to Unity Package Manager local server
[MODES] ModeService[none].Initialize
[MODES] ModeService[none].LoadModes
[MODES] Loading mode Default (0) for mode-current-id-unity stuco
Mono: successfully reloaded assembly
- Finished resetting the current domain, in  1.762 seconds
Domain Reload Profiling: 4970ms
	BeginReloadAssembly (459ms)
		ExecutionOrderSort (0ms)
		DisableScriptedObjects (9ms)
		BackupInstance (0ms)
		ReleaseScriptingObjects (0ms)
		CreateAndSetChildDomain (56ms)
	RebuildCommonClasses (159ms)
	RebuildNativeTypeToScriptingClass (16ms)
	initialDomainReloadingComplete (87ms)
	LoadAllAssembliesAndSetupDomain (2487ms)
		LoadAssemblies (2101ms)
		RebuildTransferFunctionScriptingTraits (0ms)
		AnalyzeDomain (717ms)
			TypeCache.Refresh (543ms)
				TypeCache.ScanAssembly (517ms)
			BuildScriptInfoCaches (146ms)
			ResolveRequiredComponents (22ms)
	FinalizeReload (1763ms)
		ReleaseScriptCaches (0ms)
		RebuildScriptCaches (0ms)
		SetupLoadedEditorAssemblies (1260ms)
			LogAssemblyErrors (0ms)
			InitializePlatformSupportModulesInManaged (3ms)
			SetLoadedEditorAssemblies (8ms)
			BeforeProcessingInitializeOnLoad (236ms)
			ProcessInitializeOnLoadAttributes (698ms)
			ProcessInitializeOnLoadMethodAttributes (288ms)
			AfterProcessingInitializeOnLoad (26ms)
			EditorAssembliesLoaded (2ms)
		ExecutionOrderSort2 (0ms)
		AwakeInstancesAfterBackupRestoration (15ms)
Launched and connected shader compiler UnityShaderCompiler.exe after 0.09 seconds
Refreshing native plugins compatible for Editor in 1.52 ms, found 3 plugins.
Preloading 0 native plugins for Editor in 0.00 ms.
Unloading 27 Unused Serialized files (Serialized files now loaded: 0)
Unloading 7044 unused Assets / (11.6 MB). Loaded Objects now: 7775.
Memory consumption went from 144.0 MB to 132.4 MB.
Total: 89.135900 ms (FindLiveObjects: 3.305200 ms CreateObjectMapping: 0.654300 ms MarkObjects: 6.318000 ms  DeleteObjects: 78.856400 ms)

========================================================================
Received Import Request.
  Time since last request: 17436.252361 seconds.
  path: Assets/npc_casual_set_00/Prefabs/npc_csl_shirtopenrolled_00m_01_01bw.prefab
  artifactKey: Guid(2e0d3b3db39bc2048a63b5b801f76c3a) Importer(2089858483,3d70f49cd1c2eb9ae422958d1c652c6b)
Start importing Assets/npc_casual_set_00/Prefabs/npc_csl_shirtopenrolled_00m_01_01bw.prefab using Guid(2e0d3b3db39bc2048a63b5b801f76c3a) Importer(2089858483,3d70f49cd1c2eb9ae422958d1c652c6b) (ScriptedImporter) -> (artifact id: '2e4e373d7fd9be20767d4814bfa2a2a7') in 0.8980304 seconds
Number of updated asset objects reloaded before import = 0Number of asset objects unloaded after import = 283

========================================================================
Received Import Request.
  Time since last request: 0.000033 seconds.
  path: Assets/npc_casual_set_00/Prefabs/Prefabs_Parts/npc_hmn_01f_upperbody2.prefab
  artifactKey: Guid(3ab925f41664a044291fca3a79807273) Importer(2089858483,3d70f49cd1c2eb9ae422958d1c652c6b)
Start importing Assets/npc_casual_set_00/Prefabs/Prefabs_Parts/npc_hmn_01f_upperbody2.prefab using Guid(3ab925f41664a044291fca3a79807273) Importer(2089858483,3d70f49cd1c2eb9ae422958d1c652c6b) (ScriptedImporter) -> (artifact id: '9efac3a133c5965a35ae1f1ba0c98a70') in 0.1525784 seconds
Number of updated asset objects reloaded before import = 0Number of asset objects unloaded after import = 284

========================================================================
Received Import Request.
  Time since last request: 0.000038 seconds.
  path: Assets/npc_casual_set_00/Prefabs/Prefabs_Parts/npc_hmn_01f_head3.prefab
  artifactKey: Guid(006e91bfc2594bc439c80ec7c07de2d3) Importer(2089858483,3d70f49cd1c2eb9ae422958d1c652c6b)
Start importing Assets/npc_casual_set_00/Prefabs/Prefabs_Parts/npc_hmn_01f_head3.prefab using Guid(006e91bfc2594bc439c80ec7c07de2d3) Importer(2089858483,3d70f49cd1c2eb9ae422958d1c652c6b) (ScriptedImporter) -> (artifact id: 'bf2e83c83fbff395eed52f23f79e2deb') in 0.2668218 seconds
Number of updated asset objects reloaded before import = 0Number of asset objects unloaded after import = 284

========================================================================
Received Import Request.
  Time since last request: 0.000027 seconds.
  path: Assets/Fries and Seagull/Bar 02/Models/Chair.fbx
  artifactKey: Guid(387ab922b4d3c6345a5f5432adb73ac4) Importer(2089858483,192608db42251d675da83286b1cce702)
Start importing Assets/Fries and Seagull/Bar 02/Models/Chair.fbx using Guid(387ab922b4d3c6345a5f5432adb73ac4) Importer(2089858483,192608db42251d675da83286b1cce702) (ScriptedImporter) -> (artifact id: '17da76a24efc6669067e6c849fd7c776') in 0.4583286 seconds
Number of updated asset objects reloaded before import = 0Number of asset objects unloaded after import = 17

========================================================================
Received Import Request.
  Time since last request: 0.000037 seconds.
  path: Assets/Fries and Seagull/Bar 02/Scene Props/Scripts/PrefabGroup.cs
  artifactKey: Guid(9bad7d2316494f8ca064aace94ba8b24) Importer(2089858483,192608db42251d675da83286b1cce702)
Start importing Assets/Fries and Seagull/Bar 02/Scene Props/Scripts/PrefabGroup.cs using Guid(9bad7d2316494f8ca064aace94ba8b24) Importer(2089858483,192608db42251d675da83286b1cce702) (ScriptedImporter) -> (artifact id: '2db2779bac649795dc4677c921ad80f3') in 0.0250277 seconds
Number of updated asset objects reloaded before import = 0Number of asset objects unloaded after import = 0

========================================================================
Received Import Request.
  Time since last request: 0.000021 seconds.
  path: Assets/Scenes/SampleScene.unity
  artifactKey: Guid(99c9720ab356a0642a771bea13969a05) Importer(2089858483,3d70f49cd1c2eb9ae422958d1c652c6b)
Start importing Assets/Scenes/SampleScene.unity using Guid(99c9720ab356a0642a771bea13969a05) Importer(2089858483,3d70f49cd1c2eb9ae422958d1c652c6b) (ScriptedImporter)Opening scene 'Assets/Scenes/SampleScene.unity additively'
Loaded scene 'Assets/Scenes/SampleScene.unity'
	Deserialize:            11.180 ms
	Integration:            106.966 ms
	Integration of assets:  0.159 ms
	Thread Wait Time:       0.018 ms
	Total Operation Time:   118.323 ms
 -> (artifact id: '26b15ed29432bb297d43061fcee37427') in 0.2990777 seconds
Number of updated asset objects reloaded before import = 0Number of asset objects unloaded after import = 329

========================================================================
Received Import Request.
  Time since last request: 0.000030 seconds.
  path: Assets/Fries and Seagull/Bar 02/Models/Materials/Material.174.mat
  artifactKey: Guid(d2518c48815abd247ab05844b01090a9) Importer(2089858483,192608db42251d675da83286b1cce702)
Start importing Assets/Fries and Seagull/Bar 02/Models/Materials/Material.174.mat using Guid(d2518c48815abd247ab05844b01090a9) Importer(2089858483,192608db42251d675da83286b1cce702) (ScriptedImporter) -> (artifact id: '1a2e4dc322c31d37394a375b063a5d23') in 0.1178259 seconds
Number of updated asset objects reloaded before import = 0Number of asset objects unloaded after import = 1

========================================================================
Received Import Request.
  Time since last request: 0.000036 seconds.
  path: Assets/Fries and Seagull/Bar 02/Prefabs/Hang on Wall/Hanging Scroll 2.prefab
  artifactKey: Guid(aabf948c864fbd54d83f39b2be39b725) Importer(2089858483,3d70f49cd1c2eb9ae422958d1c652c6b)
Start importing Assets/Fries and Seagull/Bar 02/Prefabs/Hang on Wall/Hanging Scroll 2.prefab using Guid(aabf948c864fbd54d83f39b2be39b725) Importer(2089858483,3d70f49cd1c2eb9ae422958d1c652c6b) (ScriptedImporter) -> (artifact id: '9a8e7b20f6e91ba8e9ae18cebd754ba5') in 0.0772683 seconds
Number of updated asset objects reloaded before import = 0Number of asset objects unloaded after import = 18

========================================================================
Received Import Request.
  Time since last request: 0.000026 seconds.
  path: Assets/npc_casual_set_00/Prefabs/Prefabs_Parts/npc_csl_tshirt_00m_torso.prefab
  artifactKey: Guid(3f3a6d1ddbc609745ac0569a8ac1cf4f) Importer(2089858483,3d70f49cd1c2eb9ae422958d1c652c6b)
Start importing Assets/npc_casual_set_00/Prefabs/Prefabs_Parts/npc_csl_tshirt_00m_torso.prefab using Guid(3f3a6d1ddbc609745ac0569a8ac1cf4f) Importer(2089858483,3d70f49cd1c2eb9ae422958d1c652c6b) (ScriptedImporter) -> (artifact id: '0c20393fbe2885feca16831accd8dd4b') in 0.2238142 seconds
Number of updated asset objects reloaded before import = 0Number of asset objects unloaded after import = 283

========================================================================
Received Import Request.
  Time since last request: 0.000025 seconds.
  path: Assets/Fries and Seagull/Bar 02/Models/Wine Bottle 5.fbx
  artifactKey: Guid(5c0978b05d8a47948ab16f4a7c486566) Importer(2089858483,192608db42251d675da83286b1cce702)
Start importing Assets/Fries and Seagull/Bar 02/Models/Wine Bottle 5.fbx using Guid(5c0978b05d8a47948ab16f4a7c486566) Importer(2089858483,192608db42251d675da83286b1cce702) (ScriptedImporter) -> (artifact id: '202793a1e5a6b6eca44688459aa268b2') in 0.0984074 seconds
Number of updated asset objects reloaded before import = 0Number of asset objects unloaded after import = 11

========================================================================
Received Import Request.
  Time since last request: 0.000045 seconds.
  path: Assets/Fries and Seagull/Bar 02/Models/Wooden Goblet.fbx
  artifactKey: Guid(a7da88014351b9f44aa3717552015060) Importer(2089858483,192608db42251d675da83286b1cce702)
Start importing Assets/Fries and Seagull/Bar 02/Models/Wooden Goblet.fbx using Guid(a7da88014351b9f44aa3717552015060) Importer(2089858483,192608db42251d675da83286b1cce702) (ScriptedImporter) -> (artifact id: 'e514a1a92435e17693f524b7533e55b7') in 0.0881683 seconds
Number of updated asset objects reloaded before import = 0Number of asset objects unloaded after import = 18

========================================================================
Received Import Request.
  Time since last request: 0.000024 seconds.
  path: Assets/Fries and Seagull/Bar 02/Prefabs/Wine Bottles & Cups/Wine Bottle 6.prefab
  artifactKey: Guid(228ebfb37c47fa74884004eb9cebaf17) Importer(2089858483,3d70f49cd1c2eb9ae422958d1c652c6b)
Start importing Assets/Fries and Seagull/Bar 02/Prefabs/Wine Bottles & Cups/Wine Bottle 6.prefab using Guid(228ebfb37c47fa74884004eb9cebaf17) Importer(2089858483,3d70f49cd1c2eb9ae422958d1c652c6b) (ScriptedImporter) -> (artifact id: '8ac075f9305d6403f4c26f5061a3be9b') in 0.0287142 seconds
Number of updated asset objects reloaded before import = 0Number of asset objects unloaded after import = 18

========================================================================
Received Import Request.
  Time since last request: 0.000025 seconds.
  path: Assets/Fries and Seagull/Bar 02/Models/Wine Bottle 3.fbx
  artifactKey: Guid(71055b6aa06fe39459661c0e1c5efde4) Importer(2089858483,192608db42251d675da83286b1cce702)
Start importing Assets/Fries and Seagull/Bar 02/Models/Wine Bottle 3.fbx using Guid(71055b6aa06fe39459661c0e1c5efde4) Importer(2089858483,192608db42251d675da83286b1cce702) (ScriptedImporter) -> (artifact id: '5f6fa6887493f5cce25e8fcf36fe58c4') in 0.0721878 seconds
Number of updated asset objects reloaded before import = 0Number of asset objects unloaded after import = 11

========================================================================
Received Import Request.
  Time since last request: 0.000038 seconds.
  path: Assets/Tomerinio/LEDLightBlocks/Example Scene/Standard Assets/ParticleSystems/Materials
  artifactKey: Guid(628c4c973f12f4ae5b8e6c50610f891a) Importer(2089858483,192608db42251d675da83286b1cce702)
Start importing Assets/Tomerinio/LEDLightBlocks/Example Scene/Standard Assets/ParticleSystems/Materials using Guid(628c4c973f12f4ae5b8e6c50610f891a) Importer(2089858483,192608db42251d675da83286b1cce702) (ScriptedImporter) -> (artifact id: '4c92d4f7ae5d9456ddf0009f77db06dd') in 0.1569088 seconds
Number of updated asset objects reloaded before import = 0Number of asset objects unloaded after import = 1

========================================================================
Received Import Request.
  Time since last request: 0.000023 seconds.
  path: Assets/Fries and Seagull/Bar 02/Prefabs/Picture Frames
  artifactKey: Guid(22133a010a76a13459ed69fe514316ff) Importer(2089858483,192608db42251d675da83286b1cce702)
Start importing Assets/Fries and Seagull/Bar 02/Prefabs/Picture Frames using Guid(22133a010a76a13459ed69fe514316ff) Importer(2089858483,192608db42251d675da83286b1cce702) (ScriptedImporter) -> (artifact id: 'bab032166b7eb30088e817e8252fdce5') in 0.1027431 seconds
Number of updated asset objects reloaded before import = 0Number of asset objects unloaded after import = 1

========================================================================
Received Import Request.
  Time since last request: 0.000035 seconds.
  path: Assets/Fries and Seagull/Bar 02/Models/Chair 1.fbx
  artifactKey: Guid(7dd95af8e0d97d04eab94c941d1ba98e) Importer(2089858483,192608db42251d675da83286b1cce702)
Start importing Assets/Fries and Seagull/Bar 02/Models/Chair 1.fbx using Guid(7dd95af8e0d97d04eab94c941d1ba98e) Importer(2089858483,192608db42251d675da83286b1cce702) (ScriptedImporter) -> (artifact id: 'dff8d8ae3f6cae44541ea7c28b977df1') in 0.0644965 seconds
Number of updated asset objects reloaded before import = 0Number of asset objects unloaded after import = 11

========================================================================
Received Import Request.
  Time since last request: 0.000035 seconds.
  path: Assets/Fries and Seagull/Bar 02/Scene Props/Scripts/Inspector/IgnoreInInspectorAttribute.cs
  artifactKey: Guid(98291bb42b504c82aec7632c669be24c) Importer(2089858483,192608db42251d675da83286b1cce702)
Start importing Assets/Fries and Seagull/Bar 02/Scene Props/Scripts/Inspector/IgnoreInInspectorAttribute.cs using Guid(98291bb42b504c82aec7632c669be24c) Importer(2089858483,192608db42251d675da83286b1cce702) (ScriptedImporter) -> (artifact id: 'ec29a4f9a3a8eb9ab5af14086fc123ef') in 0.0225207 seconds
Number of updated asset objects reloaded before import = 0Number of asset objects unloaded after import = 0

========================================================================
Received Import Request.
  Time since last request: 0.000035 seconds.
  path: Assets/Fries and Seagull/Bar 02/Prefabs/Prefab Groups/Hanging Scrolls.prefab
  artifactKey: Guid(7fe5f94586dba8a4c9f177655837c954) Importer(2089858483,3d70f49cd1c2eb9ae422958d1c652c6b)
Start importing Assets/Fries and Seagull/Bar 02/Prefabs/Prefab Groups/Hanging Scrolls.prefab using Guid(7fe5f94586dba8a4c9f177655837c954) Importer(2089858483,3d70f49cd1c2eb9ae422958d1c652c6b) (ScriptedImporter) -> (artifact id: '2b67c6aeafa6e3cb41e41abc5a393c91') in 0.0210713 seconds
Number of updated asset objects reloaded before import = 0Number of asset objects unloaded after import = 21

========================================================================
Received Import Request.
  Time since last request: 0.000023 seconds.
  path: Assets/Fries and Seagull/Bar 02/Prefabs/Prefab Groups/Table Lights.prefab
  artifactKey: Guid(f9cc7f65ab482224aad188557b2b0aa8) Importer(2089858483,192608db42251d675da83286b1cce702)
Start importing Assets/Fries and Seagull/Bar 02/Prefabs/Prefab Groups/Table Lights.prefab using Guid(f9cc7f65ab482224aad188557b2b0aa8) Importer(2089858483,192608db42251d675da83286b1cce702) (ScriptedImporter) -> (artifact id: '9f098310caa7bb009f2b4d542b9fe70f') in 0.0944614 seconds
Number of updated asset objects reloaded before import = 0Number of asset objects unloaded after import = 45

========================================================================
Received Import Request.
  Time since last request: 0.000032 seconds.
  path: Assets/Fries and Seagull/Bar 02/Scene Props/Scripts/GlowLight.cs
  artifactKey: Guid(7811b77c5eea46338780e837a3dc5aab) Importer(2089858483,192608db42251d675da83286b1cce702)
Start importing Assets/Fries and Seagull/Bar 02/Scene Props/Scripts/GlowLight.cs using Guid(7811b77c5eea46338780e837a3dc5aab) Importer(2089858483,192608db42251d675da83286b1cce702) (ScriptedImporter) -> (artifact id: 'e2718afd9bd294b747ff8d5a9a33e455') in 0.049483 seconds
Number of updated asset objects reloaded before import = 0Number of asset objects unloaded after import = 0

========================================================================
Received Import Request.
  Time since last request: 0.000031 seconds.
  path: Assets/Tomerinio/LEDLightBlocks/Contents/Prefabs/LED_Square_Example.prefab
  artifactKey: Guid(af5b2da1066423547ab097090fe91b15) Importer(2089858483,3d70f49cd1c2eb9ae422958d1c652c6b)
Start importing Assets/Tomerinio/LEDLightBlocks/Contents/Prefabs/LED_Square_Example.prefab using Guid(af5b2da1066423547ab097090fe91b15) Importer(2089858483,3d70f49cd1c2eb9ae422958d1c652c6b) (ScriptedImporter) -> (artifact id: '8fae0abe4df462e3aeea58ef5f8d90fa') in 0.0662582 seconds
Number of updated asset objects reloaded before import = 0Number of asset objects unloaded after import = 66

========================================================================
Received Import Request.
  Time since last request: 0.000023 seconds.
  path: Assets/UnityTechnologies/Basic Asset Pack Interior/Prefabs/Props/Switch.prefab
  artifactKey: Guid(c0b8a552e87eba541a4496a99e7933c1) Importer(2089858483,3d70f49cd1c2eb9ae422958d1c652c6b)
Start importing Assets/UnityTechnologies/Basic Asset Pack Interior/Prefabs/Props/Switch.prefab using Guid(c0b8a552e87eba541a4496a99e7933c1) Importer(2089858483,3d70f49cd1c2eb9ae422958d1c652c6b) (ScriptedImporter) -> (artifact id: '23702c86ce2d667030bd1e95bddf6aaf') in 0.0388477 seconds
Number of updated asset objects reloaded before import = 0Number of asset objects unloaded after import = 15

========================================================================
Received Import Request.
  Time since last request: 0.000025 seconds.
  path: Assets/Tomerinio/LEDLightBlocks/Contents/Prefabs/LED_X_Example.prefab
  artifactKey: Guid(660e542dbb2b7d2478865c890adcd3af) Importer(2089858483,192608db42251d675da83286b1cce702)
Start importing Assets/Tomerinio/LEDLightBlocks/Contents/Prefabs/LED_X_Example.prefab using Guid(660e542dbb2b7d2478865c890adcd3af) Importer(2089858483,192608db42251d675da83286b1cce702) (ScriptedImporter) -> (artifact id: 'a00df8b1f69b362800eca0b6cf35ea42') in 0.0314248 seconds
Number of updated asset objects reloaded before import = 0Number of asset objects unloaded after import = 69

========================================================================
Received Import Request.
  Time since last request: 0.000036 seconds.
  path: Assets/Tomerinio/LEDLightBlocks/Example Scene/Standard Assets/Characters/Scripts/FirstPersonController.cs
  artifactKey: Guid(05ec5cf00ca181d45a42ba1870e148c3) Importer(2089858483,192608db42251d675da83286b1cce702)
Start importing Assets/Tomerinio/LEDLightBlocks/Example Scene/Standard Assets/Characters/Scripts/FirstPersonController.cs using Guid(05ec5cf00ca181d45a42ba1870e148c3) Importer(2089858483,192608db42251d675da83286b1cce702) (ScriptedImporter) -> (artifact id: 'a9ab147f28b7a24540279f70d9661aba') in 0.0626277 seconds
Number of updated asset objects reloaded before import = 0Number of asset objects unloaded after import = 0

========================================================================
Received Import Request.
  Time since last request: 0.000023 seconds.
  path: Assets/Tomerinio/LEDLightBlocks/Example Scene/Standard Assets/Utility/SimpleMouseRotator.cs
  artifactKey: Guid(cadd54e4832aeef4b9359f44cbe335cd) Importer(2089858483,192608db42251d675da83286b1cce702)
Start importing Assets/Tomerinio/LEDLightBlocks/Example Scene/Standard Assets/Utility/SimpleMouseRotator.cs using Guid(cadd54e4832aeef4b9359f44cbe335cd) Importer(2089858483,192608db42251d675da83286b1cce702) (ScriptedImporter) -> (artifact id: 'c3199a503458b75a8f06823fac14552b') in 0.0775865 seconds
Number of updated asset objects reloaded before import = 0Number of asset objects unloaded after import = 0

========================================================================
Received Import Request.
  Time since last request: 0.000022 seconds.
  path: Assets/Tomerinio/LEDLightBlocks/Example Scene/Standard Assets/Utility/DynamicShadowSettings.cs
  artifactKey: Guid(8566902b50d5bfb4fb7f8b89f9cdbe8b) Importer(2089858483,192608db42251d675da83286b1cce702)
Start importing Assets/Tomerinio/LEDLightBlocks/Example Scene/Standard Assets/Utility/DynamicShadowSettings.cs using Guid(8566902b50d5bfb4fb7f8b89f9cdbe8b) Importer(2089858483,192608db42251d675da83286b1cce702) (ScriptedImporter) -> (artifact id: 'cc91804196cf4b0ea734f62d615bbe49') in 0.0216954 seconds
Number of updated asset objects reloaded before import = 0Number of asset objects unloaded after import = 0

========================================================================
Received Import Request.
  Time since last request: 0.000034 seconds.
  path: Assets/UnityTechnologies/Basic Asset Pack Interior/Prefabs/Floor/RugRectangleSmall.prefab
  artifactKey: Guid(34785ad8f60384e449d99867f7f946c3) Importer(2089858483,3d70f49cd1c2eb9ae422958d1c652c6b)
Start importing Assets/UnityTechnologies/Basic Asset Pack Interior/Prefabs/Floor/RugRectangleSmall.prefab using Guid(34785ad8f60384e449d99867f7f946c3) Importer(2089858483,3d70f49cd1c2eb9ae422958d1c652c6b) (ScriptedImporter) -> (artifact id: '23e74d16f6bc35e086fd5c7c750be84d') in 0.0325768 seconds
Number of updated asset objects reloaded before import = 0Number of asset objects unloaded after import = 8

========================================================================
Received Import Request.
  Time since last request: 0.000025 seconds.
  path: Assets/Tomerinio/LEDLightBlocks/Example Scene/Materials/Bricks.mat
  artifactKey: Guid(2a45119b6529db041a79e08b385c40de) Importer(2089858483,192608db42251d675da83286b1cce702)
Start importing Assets/Tomerinio/LEDLightBlocks/Example Scene/Materials/Bricks.mat using Guid(2a45119b6529db041a79e08b385c40de) Importer(2089858483,192608db42251d675da83286b1cce702) (ScriptedImporter) -> (artifact id: 'cdc7a43fa3afb2980354a2ffaafa79e9') in 0.0409798 seconds
Number of updated asset objects reloaded before import = 0Number of asset objects unloaded after import = 5

========================================================================
Received Import Request.
  Time since last request: 0.000022 seconds.
  path: Assets/npc_casual_set_00/Prefabs/Prefabs_Parts/npc_csl_shirtopenrolled_00m_parts.prefab
  artifactKey: Guid(b7661abe58e3f374e887175d9b8995ec) Importer(2089858483,3d70f49cd1c2eb9ae422958d1c652c6b)
Start importing Assets/npc_casual_set_00/Prefabs/Prefabs_Parts/npc_csl_shirtopenrolled_00m_parts.prefab using Guid(b7661abe58e3f374e887175d9b8995ec) Importer(2089858483,3d70f49cd1c2eb9ae422958d1c652c6b) (ScriptedImporter) -> (artifact id: '72607d77e77e2a0122a72f42d00bc766') in 0.0678171 seconds
Number of updated asset objects reloaded before import = 0Number of asset objects unloaded after import = 338

========================================================================
Received Import Request.
  Time since last request: 0.000031 seconds.
  path: Assets/Tomerinio/LEDLightBlocks/Example Scene/Materials/Platform_Skull_Emissive.mat
  artifactKey: Guid(dcbf35daa84d31d46af8a5b2a6183db2) Importer(2089858483,192608db42251d675da83286b1cce702)
Start importing Assets/Tomerinio/LEDLightBlocks/Example Scene/Materials/Platform_Skull_Emissive.mat using Guid(dcbf35daa84d31d46af8a5b2a6183db2) Importer(2089858483,192608db42251d675da83286b1cce702) (ScriptedImporter) -> (artifact id: '07b55f581226faabdac30ae95ac1f2b2') in 0.0791824 seconds
Number of updated asset objects reloaded before import = 0Number of asset objects unloaded after import = 6

========================================================================
Received Import Request.
  Time since last request: 0.000035 seconds.
  path: Assets/Tomerinio/LEDLightBlocks/Example Scene/Meshes/Materials/Wood_A.mat
  artifactKey: Guid(aa9a10ca3344068478b7b64192fe7b13) Importer(2089858483,192608db42251d675da83286b1cce702)
Start importing Assets/Tomerinio/LEDLightBlocks/Example Scene/Meshes/Materials/Wood_A.mat using Guid(aa9a10ca3344068478b7b64192fe7b13) Importer(2089858483,192608db42251d675da83286b1cce702) (ScriptedImporter) -> (artifact id: '512728e849fa7d070408728496f5c986') in 0.0216594 seconds
Number of updated asset objects reloaded before import = 0Number of asset objects unloaded after import = 1

========================================================================
Received Import Request.
  Time since last request: 0.000021 seconds.
  path: Assets/Tomerinio/LEDLightBlocks/Example Scene/Standard Assets/ParticleSystems/Materials/ParticleSmokeBlack.mat
  artifactKey: Guid(fc626cffedc907848a7b47b87aa5e34f) Importer(2089858483,192608db42251d675da83286b1cce702)
Start importing Assets/Tomerinio/LEDLightBlocks/Example Scene/Standard Assets/ParticleSystems/Materials/ParticleSmokeBlack.mat using Guid(fc626cffedc907848a7b47b87aa5e34f) Importer(2089858483,192608db42251d675da83286b1cce702) (ScriptedImporter) -> (artifact id: 'b62bfa39b0ceacb51761802e36ef74ab') in 0.0251651 seconds
Number of updated asset objects reloaded before import = 0Number of asset objects unloaded after import = 2

========================================================================
Received Import Request.
  Time since last request: 0.000020 seconds.
  path: Assets/Fries and Seagull/Bar 02/Prefabs/Chicken Leg Meal.prefab
  artifactKey: Guid(fa4e748cee8a9f94c91081adc99811f1) Importer(2089858483,3d70f49cd1c2eb9ae422958d1c652c6b)
Start importing Assets/Fries and Seagull/Bar 02/Prefabs/Chicken Leg Meal.prefab using Guid(fa4e748cee8a9f94c91081adc99811f1) Importer(2089858483,3d70f49cd1c2eb9ae422958d1c652c6b) (ScriptedImporter) -> (artifact id: 'fac256296303419ed3173339d8c67140') in 0.0179396 seconds
Number of updated asset objects reloaded before import = 0Number of asset objects unloaded after import = 28

========================================================================
Received Import Request.
  Time since last request: 0.000025 seconds.
  path: Assets/Tomerinio/LEDLightBlocks/Example Scene/Standard Assets/ParticleSystems/Textures/ParticleCloudWhite.png
  artifactKey: Guid(5b303ff28ad9368468a2edd759cf458d) Importer(2089858483,192608db42251d675da83286b1cce702)
Start importing Assets/Tomerinio/LEDLightBlocks/Example Scene/Standard Assets/ParticleSystems/Textures/ParticleCloudWhite.png using Guid(5b303ff28ad9368468a2edd759cf458d) Importer(2089858483,192608db42251d675da83286b1cce702) (ScriptedImporter) -> (artifact id: 'bb2d946edd47c346d3d18db056f99a72') in 0.0870892 seconds
Number of updated asset objects reloaded before import = 0Number of asset objects unloaded after import = 1

========================================================================
Received Import Request.
  Time since last request: 0.000024 seconds.
  path: Assets/Fries and Seagull/Bar 02/Prefabs/Bar.prefab
  artifactKey: Guid(a895dce9eba281745a6f803351502abd) Importer(2089858483,192608db42251d675da83286b1cce702)
Start importing Assets/Fries and Seagull/Bar 02/Prefabs/Bar.prefab using Guid(a895dce9eba281745a6f803351502abd) Importer(2089858483,192608db42251d675da83286b1cce702) (ScriptedImporter) -> (artifact id: '5ace1a0af0bfd1d8e5091365913b9771') in 0.0506335 seconds
Number of updated asset objects reloaded before import = 0Number of asset objects unloaded after import = 35

========================================================================
Received Import Request.
  Time since last request: 0.000032 seconds.
  path: Assets/Tomerinio/LEDLightBlocks/Example Scene/Standard Assets/ParticleSystems/Textures/ParticleCloudBlack.png
  artifactKey: Guid(830884c18cf5e7a4895ee02c2dcd8e12) Importer(2089858483,192608db42251d675da83286b1cce702)
Start importing Assets/Tomerinio/LEDLightBlocks/Example Scene/Standard Assets/ParticleSystems/Textures/ParticleCloudBlack.png using Guid(830884c18cf5e7a4895ee02c2dcd8e12) Importer(2089858483,192608db42251d675da83286b1cce702) (ScriptedImporter) -> (artifact id: 'bb0f9a4139fde577372edb527336dd6c') in 0.0294833 seconds
Number of updated asset objects reloaded before import = 0Number of asset objects unloaded after import = 1

========================================================================
Received Import Request.
  Time since last request: 0.000021 seconds.
  path: Assets/Fries and Seagull/Bar 02/Prefabs/Hang on Wall/Hanging Scroll 2.prefab
  artifactKey: Guid(aabf948c864fbd54d83f39b2be39b725) Importer(2089858483,192608db42251d675da83286b1cce702)
Start importing Assets/Fries and Seagull/Bar 02/Prefabs/Hang on Wall/Hanging Scroll 2.prefab using Guid(aabf948c864fbd54d83f39b2be39b725) Importer(2089858483,192608db42251d675da83286b1cce702) (ScriptedImporter) -> (artifact id: 'c86b722edfa6f6f7e511e3341ccb1387') in 0.0309504 seconds
Number of updated asset objects reloaded before import = 0Number of asset objects unloaded after import = 19

========================================================================
Received Import Request.
  Time since last request: 0.000022 seconds.
  path: Assets/Tomerinio/LEDLightBlocks/Example Scene/Scripts/SwitchMoveCorridor1.cs
  artifactKey: Guid(0ead7e0a9abbc124cb59ba661251e4f7) Importer(2089858483,192608db42251d675da83286b1cce702)
Start importing Assets/Tomerinio/LEDLightBlocks/Example Scene/Scripts/SwitchMoveCorridor1.cs using Guid(0ead7e0a9abbc124cb59ba661251e4f7) Importer(2089858483,192608db42251d675da83286b1cce702) (ScriptedImporter) -> (artifact id: 'c3be80649ead3685bf45cbf339a4157b') in 0.0204368 seconds
Number of updated asset objects reloaded before import = 0Number of asset objects unloaded after import = 0

Editor requested this worker to shutdown with reason: balancing worker count downwards
AssetImportWorker is now disconnected from the server
Process exiting
Exiting without the bug reporter. Application will terminate with return code 0