[Licensing::Module] Trying to connect to existing licensing client channel...
Built from '6000.2/staging' branch; Version is '6000.2.10f1 (d3d30d158480) revision 13882125'; Using compiler version '194234433'; Build Type 'Release'
OS: 'Windows 11  (10.0.22621) 64bit CoreCountrySpecific' Language: 'zh' Physical Memory: 16077 MB
BatchMode: 1, IsHumanControllingUs: 0, StartBugReporterOnCrash: 0, Is64bit: 1
Date: 2026-01-26T02:47:59Z
[Licensing::IpcConnector] Successfully connected to: "LicenseClient-hp" at "2026-01-26T02:47:59.0347072Z"

COMMAND LINE ARGUMENTS:
C:\Program Files\Unity\Hub\Editor\6000.2.10f1\Editor\Unity.exe
-adb2
-batchMode
-noUpm
-name
AssetImportWorker22
-projectPath
E:/games/unity/unity stuco
-logFile
Logs/AssetImportWorker22.log
-srvPort
52912
-licensingIpc
LicenseClient-hp
-job-worker-count
9
-background-job-worker-count
8
-gc-helper-count
1
-name
AssetImport
Successfully changed project path to: E:/games/unity/unity stuco
E:/games/unity/unity stuco
[UnityMemory] Configuration Parameters - Can be set up in boot.config
    "memorysetup-allocator-temp-initial-block-size-main=262144"
    "memorysetup-allocator-temp-initial-block-size-worker=262144"
    "memorysetup-bucket-allocator-granularity=16"
    "memorysetup-bucket-allocator-bucket-count=8"
    "memorysetup-bucket-allocator-block-size=33554432"
    "memorysetup-bucket-allocator-block-count=8"
    "memorysetup-main-allocator-block-size=16777216"
    "memorysetup-thread-allocator-block-size=16777216"
    "memorysetup-gfx-main-allocator-block-size=16777216"
    "memorysetup-gfx-thread-allocator-block-size=16777216"
    "memorysetup-cache-allocator-block-size=4194304"
    "memorysetup-typetree-allocator-block-size=2097152"
    "memorysetup-profiler-bucket-allocator-granularity=16"
    "memorysetup-profiler-bucket-allocator-bucket-count=8"
    "memorysetup-profiler-bucket-allocator-block-size=33554432"
    "memorysetup-profiler-bucket-allocator-block-count=8"
    "memorysetup-profiler-allocator-block-size=16777216"
    "memorysetup-profiler-editor-allocator-block-size=1048576"
    "memorysetup-temp-allocator-size-main=16777216"
    "memorysetup-job-temp-allocator-block-size=2097152"
    "memorysetup-job-temp-allocator-block-size-background=1048576"
    "memorysetup-job-temp-allocator-reduction-small-platforms=262144"
    "memorysetup-temp-allocator-size-background-worker=32768"
    "memorysetup-temp-allocator-size-job-worker=262144"
    "memorysetup-temp-allocator-size-preload-manager=33554432"
    "memorysetup-temp-allocator-size-nav-mesh-worker=65536"
    "memorysetup-temp-allocator-size-audio-worker=65536"
    "memorysetup-temp-allocator-size-cloud-worker=32768"
    "memorysetup-temp-allocator-size-gi-baking-worker=262144"
    "memorysetup-temp-allocator-size-gi-baking-worker=262144"
    "memorysetup-temp-allocator-size-gi-baking-worker=262144"
    "memorysetup-temp-allocator-size-gi-baking-worker=262144"
    "memorysetup-temp-allocator-size-gi-baking-worker=262144"
    "memorysetup-temp-allocator-size-gfx=262144"
Player connection [23068]  Target information:

Player connection [23068]  * "[IP] 26.16.34.112 [Port] 0 [Flags] 2 [Guid] 2651622485 [EditorId] 2651622485 [Version] 1048832 [Id] WindowsEditor(7,Sine-laptop) [Debug] 1 [PackageName] WindowsEditor [ProjectName] Editor" 

Player connection [23068]  * "[IP] 169.254.83.107 [Port] 0 [Flags] 2 [Guid] 2651622485 [EditorId] 2651622485 [Version] 1048832 [Id] WindowsEditor(7,Sine-laptop) [Debug] 1 [PackageName] WindowsEditor [ProjectName] Editor" 

Player connection [23068]  * "[IP] 10.0.0.176 [Port] 0 [Flags] 2 [Guid] 2651622485 [EditorId] 2651622485 [Version] 1048832 [Id] WindowsEditor(7,Sine-laptop) [Debug] 1 [PackageName] WindowsEditor [ProjectName] Editor" 

Player connection [23068] Host joined multi-casting on [225.0.0.222:54997]...
Player connection [23068] Host joined alternative multi-casting on [225.0.0.222:34997]...
JobSystem: Creating JobQueue using job-worker-count value 9
Input System module state changed to: Initialized.
[Physics::Module] Initialized fallback backend.
[Physics::Module] Id: 0xdecafbad
[Licensing::Client] Code 10 while verifying Licensing Client signature (process Id: 21424, path: "D:/program files/unity hub/UnityLicensingClient_V1/Unity.Licensing.Client.exe")
[Licensing::Module] LicensingClient has failed validation; ignoring
[Licensing::Client] Handshaking with LicensingClient:
  Version:                 1.17.4+4293ba1
  Session Id:              61b129bd9971403f97382295200e313a
  Correlation Id:          7c14848868e067cf13524863e53c52db
  External correlation Id: 8213229345053779725
  Machine Id:              oJYw/SjKF5VKeIElphCQc4K/MVg=
[Licensing::Module] Successfully connected to LicensingClient on channel: "LicenseClient-hp" (connect: 0.00s, validation: 0.00s, handshake: 0.06s)
[Licensing::IpcConnector] Successfully connected to: "LicenseClient-hp-notifications" at "2026-01-26T02:47:59.1008116Z"
[Licensing::Module] Licensing Background thread has ended after 0.07s
Library Redirect Path: Library/
[Physics::Module] Selected backend.
[Physics::Module] Name: PhysX
[Physics::Module] Id: 0xf2b8ea05
[Physics::Module] SDK Version: 4.1.2
[Physics::Module] Integration Version: 1.0.0
[Physics::Module] Threading Mode: Multi-Threaded
Refreshing native plugins compatible for Editor in 2.40 ms, found 3 plugins.
Preloading 0 native plugins for Editor in 0.00 ms.
Initialize engine version: 6000.2.10f1 (d3d30d158480)
[Subsystems] Discovering subsystems at path C:/Program Files/Unity/Hub/Editor/6000.2.10f1/Editor/Data/Resources/UnitySubsystems
[Subsystems] Discovering subsystems at path E:/games/unity/unity stuco/Assets
GfxDevice: creating device client; kGfxThreadingModeNonThreaded
Direct3D:
    Version:  Direct3D 11.0 [level 11.1]
    Renderer: NVIDIA GeForce RTX 4060 Laptop GPU (ID=0x28a0)
    Vendor:   NVIDIA
    VRAM:     7957 MB
    Driver:   32.0.15.6094
Initialize mono
Mono path[0] = 'C:/Program Files/Unity/Hub/Editor/6000.2.10f1/Editor/Data/Managed'
Mono path[1] = 'C:/Program Files/Unity/Hub/Editor/6000.2.10f1/Editor/Data/MonoBleedingEdge/lib/mono/unityjit-win32'
Mono config path = 'C:/Program Files/Unity/Hub/Editor/6000.2.10f1/Editor/Data/MonoBleedingEdge/etc'
Using monoOptions --debugger-agent=transport=dt_socket,embedding=1,server=y,suspend=n,address=127.0.0.1:56540
Begin MonoManager ReloadAssembly
Registering precompiled unity dll's ...
Register platform support module: C:/Program Files/Unity/Hub/Editor/6000.2.10f1/Editor/Data/PlaybackEngines/WebGLSupport/UnityEditor.WebGL.Extensions.dll
Register platform support module: C:/Program Files/Unity/Hub/Editor/6000.2.10f1/Editor/Data/PlaybackEngines/WindowsStandaloneSupport/UnityEditor.WindowsStandalone.Extensions.dll
Registered in 0.003277 seconds.
- Loaded All Assemblies, in  0.582 seconds
Native extension for WindowsStandalone target not found
Native extension for WebGL target not found
Mono: successfully reloaded assembly
- Finished resetting the current domain, in  0.588 seconds
Domain Reload Profiling: 1167ms
	BeginReloadAssembly (174ms)
		ExecutionOrderSort (0ms)
		DisableScriptedObjects (0ms)
		BackupInstance (0ms)
		ReleaseScriptingObjects (0ms)
		CreateAndSetChildDomain (1ms)
	RebuildCommonClasses (52ms)
	RebuildNativeTypeToScriptingClass (18ms)
	initialDomainReloadingComplete (62ms)
	LoadAllAssembliesAndSetupDomain (273ms)
		LoadAssemblies (171ms)
		RebuildTransferFunctionScriptingTraits (0ms)
		AnalyzeDomain (269ms)
			TypeCache.Refresh (267ms)
				TypeCache.ScanAssembly (249ms)
			BuildScriptInfoCaches (0ms)
			ResolveRequiredComponents (1ms)
	FinalizeReload (588ms)
		ReleaseScriptCaches (0ms)
		RebuildScriptCaches (0ms)
		SetupLoadedEditorAssemblies (500ms)
			LogAssemblyErrors (0ms)
			InitializePlatformSupportModulesInManaged (84ms)
			SetLoadedEditorAssemblies (10ms)
			BeforeProcessingInitializeOnLoad (94ms)
			ProcessInitializeOnLoadAttributes (234ms)
			ProcessInitializeOnLoadMethodAttributes (78ms)
			AfterProcessingInitializeOnLoad (0ms)
			EditorAssembliesLoaded (0ms)
		ExecutionOrderSort2 (0ms)
		AwakeInstancesAfterBackupRestoration (0ms)
Assembly reference Packages/com.unity.cinemachine/Editor/Samples/ExposeHDRPInternals/HDRP-Editor-ref.asmref has no target assembly definition
========================================================================
Worker process is ready to serve import requests
Import Worker Mode flag is 0x00
Assembly reference Packages/com.unity.cinemachine/Editor/Samples/ExposeHDRPInternals/HDRP-Editor-ref.asmref has no target assembly definition
Assembly reference Packages/com.unity.cinemachine/Editor/Samples/ExposeHDRPInternals/HDRP-Editor-ref.asmref has no target assembly definition
Begin MonoManager ReloadAssembly
[Licensing::Client] Successfully resolved entitlement details
[Licensing::Module] License group:
  Id: 2475887581673-UnityPersXXXX
  Product: Unity Personal
  Type: Assigned
  Expiration: Unlimited
- Loaded All Assemblies, in  3.377 seconds
Assembly reference Packages/com.unity.cinemachine/Editor/Samples/ExposeHDRPInternals/HDRP-Editor-ref.asmref has no target assembly definition
'Packages/com.unity.cinemachine/Editor/Obsolete/CinemachineVirtualCameraBaseEditor.cs' contains partial class of Unity.Object, exactly 1 of the partial classes needs to be in a file with the same filename. This is to know the one that can be referenced from ie. GameObjects
'Packages/com.unity.cinemachine/Editor/Editors/CinemachineVirtualCameraBaseEditor.cs' contains partial class of Unity.Object, exactly 1 of the partial classes needs to be in a file with the same filename. This is to know the one that can be referenced from ie. GameObjects
Refreshing native plugins compatible for Editor in 0.81 ms, found 3 plugins.
Native extension for WindowsStandalone target not found
Native extension for WebGL target not found
Assembly reference Packages/com.unity.cinemachine/Editor/Samples/ExposeHDRPInternals/HDRP-Editor-ref.asmref has no target assembly definition
Package Manager log level set to [2]
[Package Manager] Failed to launch server process. Reason: Unity was launched with the -noUpm command-line argument
[Package Manager] Unable to send message (not connected to server process).
[Package Manager] Cannot connect to Unity Package Manager local server
[Package Manager] Failed to launch server process. Reason: Unity was launched with the -noUpm command-line argument
[Package Manager] Unable to send message (not connected to server process).
[Package Manager] Cannot connect to Unity Package Manager local server
[MODES] ModeService[none].Initialize
[MODES] ModeService[none].LoadModes
[MODES] Loading mode Default (0) for mode-current-id-unity stuco
Mono: successfully reloaded assembly
- Finished resetting the current domain, in  1.846 seconds
Domain Reload Profiling: 5225ms
	BeginReloadAssembly (327ms)
		ExecutionOrderSort (0ms)
		DisableScriptedObjects (9ms)
		BackupInstance (0ms)
		ReleaseScriptingObjects (0ms)
		CreateAndSetChildDomain (53ms)
	RebuildCommonClasses (40ms)
	RebuildNativeTypeToScriptingClass (19ms)
	initialDomainReloadingComplete (59ms)
	LoadAllAssembliesAndSetupDomain (2928ms)
		LoadAssemblies (2259ms)
		RebuildTransferFunctionScriptingTraits (0ms)
		AnalyzeDomain (865ms)
			TypeCache.Refresh (736ms)
				TypeCache.ScanAssembly (632ms)
			BuildScriptInfoCaches (104ms)
			ResolveRequiredComponents (19ms)
	FinalizeReload (1852ms)
		ReleaseScriptCaches (0ms)
		RebuildScriptCaches (0ms)
		SetupLoadedEditorAssemblies (1290ms)
			LogAssemblyErrors (0ms)
			InitializePlatformSupportModulesInManaged (4ms)
			SetLoadedEditorAssemblies (10ms)
			BeforeProcessingInitializeOnLoad (239ms)
			ProcessInitializeOnLoadAttributes (720ms)
			ProcessInitializeOnLoadMethodAttributes (302ms)
			AfterProcessingInitializeOnLoad (15ms)
			EditorAssembliesLoaded (0ms)
		ExecutionOrderSort2 (0ms)
		AwakeInstancesAfterBackupRestoration (9ms)
Launched and connected shader compiler UnityShaderCompiler.exe after 0.09 seconds
Refreshing native plugins compatible for Editor in 1.17 ms, found 3 plugins.
Preloading 0 native plugins for Editor in 0.00 ms.
Unloading 27 Unused Serialized files (Serialized files now loaded: 0)
Unloading 7044 unused Assets / (7.8 MB). Loaded Objects now: 7775.
Memory consumption went from 145.8 MB to 138.0 MB.
Total: 58.166500 ms (FindLiveObjects: 4.539700 ms CreateObjectMapping: 0.654400 ms MarkObjects: 46.224000 ms  DeleteObjects: 6.744300 ms)

========================================================================
Received Import Request.
  Time since last request: 17437.031719 seconds.
  path: Assets/Fries and Seagull/Bar 02/Prefabs/Tables & Chairs/Table 2.prefab
  artifactKey: Guid(800fb5855ba241c41bbbc2d10227c7ae) Importer(2089858483,192608db42251d675da83286b1cce702)
Start importing Assets/Fries and Seagull/Bar 02/Prefabs/Tables & Chairs/Table 2.prefab using Guid(800fb5855ba241c41bbbc2d10227c7ae) Importer(2089858483,192608db42251d675da83286b1cce702) (ScriptedImporter) -> (artifact id: '39d2fc7ebcdc0659f4a2a73fcf9c9654') in 0.9717881 seconds
Number of updated asset objects reloaded before import = 0Number of asset objects unloaded after import = 20

========================================================================
Received Import Request.
  Time since last request: 0.000054 seconds.
  path: Assets/Fries and Seagull/Bar 02/Models/Chandelier.fbx
  artifactKey: Guid(ec866539c2ad67045ab5fbb712c69d1a) Importer(2089858483,192608db42251d675da83286b1cce702)
Start importing Assets/Fries and Seagull/Bar 02/Models/Chandelier.fbx using Guid(ec866539c2ad67045ab5fbb712c69d1a) Importer(2089858483,192608db42251d675da83286b1cce702) (ScriptedImporter) -> (artifact id: '95dfcbea73cb67cead77de4207270a10') in 0.2382681 seconds
Number of updated asset objects reloaded before import = 0Number of asset objects unloaded after import = 17

========================================================================
Received Import Request.
  Time since last request: 0.000025 seconds.
  path: Assets/Fries and Seagull/Bar 02/Models/Roundtable.fbx
  artifactKey: Guid(70d6e31f877edf6478d1e23aadda0dcd) Importer(2089858483,192608db42251d675da83286b1cce702)
Start importing Assets/Fries and Seagull/Bar 02/Models/Roundtable.fbx using Guid(70d6e31f877edf6478d1e23aadda0dcd) Importer(2089858483,192608db42251d675da83286b1cce702) (ScriptedImporter) -> (artifact id: '0d6fb0a5ff161d1cef6ce39a98f2f7ee') in 0.1474053 seconds
Number of updated asset objects reloaded before import = 0Number of asset objects unloaded after import = 11

========================================================================
Received Import Request.
  Time since last request: 0.000034 seconds.
  path: Assets/npc_casual_set_00/Prefabs/Prefabs_Parts/npc_hmn_01m_lowerbody2.prefab
  artifactKey: Guid(5f7d0feb58b3a8c4ea350335af35361e) Importer(2089858483,3d70f49cd1c2eb9ae422958d1c652c6b)
Start importing Assets/npc_casual_set_00/Prefabs/Prefabs_Parts/npc_hmn_01m_lowerbody2.prefab using Guid(5f7d0feb58b3a8c4ea350335af35361e) Importer(2089858483,3d70f49cd1c2eb9ae422958d1c652c6b) (ScriptedImporter) -> (artifact id: 'fa2a50df30a71257a94b020d669a9f3c') in 0.0753243 seconds
Number of updated asset objects reloaded before import = 0Number of asset objects unloaded after import = 283

========================================================================
Received Import Request.
  Time since last request: 0.000027 seconds.
  path: Assets/npc_casual_set_00/Prefabs/npc_csl_tshirt_00m_01_02bw.prefab
  artifactKey: Guid(3d1b8038c5bef6f4fa9310db8e074676) Importer(2089858483,3d70f49cd1c2eb9ae422958d1c652c6b)
Start importing Assets/npc_casual_set_00/Prefabs/npc_csl_tshirt_00m_01_02bw.prefab using Guid(3d1b8038c5bef6f4fa9310db8e074676) Importer(2089858483,3d70f49cd1c2eb9ae422958d1c652c6b) (ScriptedImporter) -> (artifact id: 'dde8643dc68aae6462a58c952c96770b') in 0.3682915 seconds
Number of updated asset objects reloaded before import = 0Number of asset objects unloaded after import = 283

========================================================================
Received Import Request.
  Time since last request: 0.000029 seconds.
  path: Assets/npc_casual_set_00/Prefabs/npc_csl_pants_00m_01_02.prefab
  artifactKey: Guid(cbda8016d5671ce4599c0214e8eef37c) Importer(2089858483,3d70f49cd1c2eb9ae422958d1c652c6b)
Start importing Assets/npc_casual_set_00/Prefabs/npc_csl_pants_00m_01_02.prefab using Guid(cbda8016d5671ce4599c0214e8eef37c) Importer(2089858483,3d70f49cd1c2eb9ae422958d1c652c6b) (ScriptedImporter) -> (artifact id: '2953b35cde7c7a8245714b379297d797') in 0.193401 seconds
Number of updated asset objects reloaded before import = 0Number of asset objects unloaded after import = 283

========================================================================
Received Import Request.
  Time since last request: 0.000039 seconds.
  path: Assets/Fries and Seagull/Bar 02/Prefabs/Tables & Chairs/Chair 2.prefab
  artifactKey: Guid(a842783c726810144a7403a0b72e9723) Importer(2089858483,3d70f49cd1c2eb9ae422958d1c652c6b)
Start importing Assets/Fries and Seagull/Bar 02/Prefabs/Tables & Chairs/Chair 2.prefab using Guid(a842783c726810144a7403a0b72e9723) Importer(2089858483,3d70f49cd1c2eb9ae422958d1c652c6b) (ScriptedImporter) -> (artifact id: 'feeeea831a0612e95fce9045b31e3afe') in 0.1422236 seconds
Number of updated asset objects reloaded before import = 0Number of asset objects unloaded after import = 25

========================================================================
Received Import Request.
  Time since last request: 0.000025 seconds.
  path: Assets/Fries and Seagull/Bar 02/Models/Table.fbx
  artifactKey: Guid(a20e62b81b3dd924f90b201b410e2318) Importer(2089858483,192608db42251d675da83286b1cce702)
Start importing Assets/Fries and Seagull/Bar 02/Models/Table.fbx using Guid(a20e62b81b3dd924f90b201b410e2318) Importer(2089858483,192608db42251d675da83286b1cce702) (ScriptedImporter) -> (artifact id: 'f8e53fa641c88661494249ace05c1efd') in 0.0436375 seconds
Number of updated asset objects reloaded before import = 0Number of asset objects unloaded after import = 12

========================================================================
Received Import Request.
  Time since last request: 0.000040 seconds.
  path: Assets/Fries and Seagull/Bar 02/Scene Props/Scripts/ArrayArrangement.cs
  artifactKey: Guid(cda8add98f4b71744a8708d2f71be524) Importer(2089858483,192608db42251d675da83286b1cce702)
Start importing Assets/Fries and Seagull/Bar 02/Scene Props/Scripts/ArrayArrangement.cs using Guid(cda8add98f4b71744a8708d2f71be524) Importer(2089858483,192608db42251d675da83286b1cce702) (ScriptedImporter) -> (artifact id: 'b7dce449664954234528867d5a0ea011') in 0.023682 seconds
Number of updated asset objects reloaded before import = 0Number of asset objects unloaded after import = 0

========================================================================
Received Import Request.
  Time since last request: 0.000020 seconds.
  path: Assets/Fries and Seagull/Bar 02/Prefabs/Wine Bottles & Cups/Wine Bottle 4.prefab
  artifactKey: Guid(7530b3391b061264780a45a68d19a26d) Importer(2089858483,3d70f49cd1c2eb9ae422958d1c652c6b)
Start importing Assets/Fries and Seagull/Bar 02/Prefabs/Wine Bottles & Cups/Wine Bottle 4.prefab using Guid(7530b3391b061264780a45a68d19a26d) Importer(2089858483,3d70f49cd1c2eb9ae422958d1c652c6b) (ScriptedImporter) -> (artifact id: 'b39eac39c2599afa2df218d078afd91e') in 0.1017473 seconds
Number of updated asset objects reloaded before import = 0Number of asset objects unloaded after import = 19

========================================================================
Received Import Request.
  Time since last request: 0.000023 seconds.
  path: Assets/Fries and Seagull/Bar 02/Prefabs/Fence Pole.prefab
  artifactKey: Guid(f65ca8bd4b9d5a94b96e6671dbdc91db) Importer(2089858483,192608db42251d675da83286b1cce702)
Start importing Assets/Fries and Seagull/Bar 02/Prefabs/Fence Pole.prefab using Guid(f65ca8bd4b9d5a94b96e6671dbdc91db) Importer(2089858483,192608db42251d675da83286b1cce702) (ScriptedImporter) -> (artifact id: 'f74dc36a34f7ef857ac219eb6ad61177') in 0.0815348 seconds
Number of updated asset objects reloaded before import = 0Number of asset objects unloaded after import = 19

========================================================================
Received Import Request.
  Time since last request: 0.000033 seconds.
  path: Assets/Fries and Seagull/Bar 02/Prefabs/Picture Frames/Picture Frame 1.prefab
  artifactKey: Guid(419c7d002f75f2b4885db4b04f69ec90) Importer(2089858483,192608db42251d675da83286b1cce702)
Start importing Assets/Fries and Seagull/Bar 02/Prefabs/Picture Frames/Picture Frame 1.prefab using Guid(419c7d002f75f2b4885db4b04f69ec90) Importer(2089858483,192608db42251d675da83286b1cce702) (ScriptedImporter) -> (artifact id: 'eed56023986b73baad48996cc760554e') in 0.0206155 seconds
Number of updated asset objects reloaded before import = 0Number of asset objects unloaded after import = 15

========================================================================
Received Import Request.
  Time since last request: 0.000021 seconds.
  path: Assets/Fries and Seagull/Bar 02/Models/Materials/Material.053.mat
  artifactKey: Guid(bf19887616d5f2e4cbcbd78cff0afbf4) Importer(2089858483,192608db42251d675da83286b1cce702)
Start importing Assets/Fries and Seagull/Bar 02/Models/Materials/Material.053.mat using Guid(bf19887616d5f2e4cbcbd78cff0afbf4) Importer(2089858483,192608db42251d675da83286b1cce702) (ScriptedImporter) -> (artifact id: 'bf1dc09c926bbd7f61cc90ca6b649e82') in 0.027599 seconds
Number of updated asset objects reloaded before import = 0Number of asset objects unloaded after import = 1

========================================================================
Received Import Request.
  Time since last request: 0.000023 seconds.
  path: Assets/Fries and Seagull/Bar 02/Scene Props/Scripts
  artifactKey: Guid(ccbb56dada68d334aa42e1e2ec34e1c7) Importer(2089858483,192608db42251d675da83286b1cce702)
Start importing Assets/Fries and Seagull/Bar 02/Scene Props/Scripts using Guid(ccbb56dada68d334aa42e1e2ec34e1c7) Importer(2089858483,192608db42251d675da83286b1cce702) (ScriptedImporter) -> (artifact id: 'a01ff48735b53cf48efcdd97bd16b6ca') in 0.0922409 seconds
Number of updated asset objects reloaded before import = 0Number of asset objects unloaded after import = 1

========================================================================
Received Import Request.
  Time since last request: 0.000032 seconds.
  path: Assets/Fries and Seagull/Bar 02/Prefabs/Wine Bottles & Cups/Wine Bottle 5.prefab
  artifactKey: Guid(4d882a8778301c646b19e1c183e12e51) Importer(2089858483,3d70f49cd1c2eb9ae422958d1c652c6b)
Start importing Assets/Fries and Seagull/Bar 02/Prefabs/Wine Bottles & Cups/Wine Bottle 5.prefab using Guid(4d882a8778301c646b19e1c183e12e51) Importer(2089858483,3d70f49cd1c2eb9ae422958d1c652c6b) (ScriptedImporter) -> (artifact id: '35185577f6f4e5b2b6a9112f69f1b8f2') in 0.0494892 seconds
Number of updated asset objects reloaded before import = 0Number of asset objects unloaded after import = 17

========================================================================
Received Import Request.
  Time since last request: 0.000029 seconds.
  path: Assets/Fries and Seagull/Bar 02/Models/Bar.fbx
  artifactKey: Guid(6f2efdad71f230f41a10581062411c01) Importer(2089858483,192608db42251d675da83286b1cce702)
Start importing Assets/Fries and Seagull/Bar 02/Models/Bar.fbx using Guid(6f2efdad71f230f41a10581062411c01) Importer(2089858483,192608db42251d675da83286b1cce702) (ScriptedImporter) -> (artifact id: '81acb13867964ae72ccee4f02513fee8') in 0.4178354 seconds
Number of updated asset objects reloaded before import = 0Number of asset objects unloaded after import = 21

========================================================================
Received Import Request.
  Time since last request: 0.000149 seconds.
  path: Assets/Fries and Seagull/Bar 02/Prefabs/Hang on Wall/Hook.prefab
  artifactKey: Guid(61add1a52c282b841bf9d1b1d6689f79) Importer(2089858483,192608db42251d675da83286b1cce702)
Start importing Assets/Fries and Seagull/Bar 02/Prefabs/Hang on Wall/Hook.prefab using Guid(61add1a52c282b841bf9d1b1d6689f79) Importer(2089858483,192608db42251d675da83286b1cce702) (ScriptedImporter) -> (artifact id: '9a9d776573e3d564da7add5c8b61d204') in 0.0345781 seconds
Number of updated asset objects reloaded before import = 0Number of asset objects unloaded after import = 16

========================================================================
Received Import Request.
  Time since last request: 0.000041 seconds.
  path: Assets/Tomerinio/LEDLightBlocks/Example Scene/Standard Assets/CrossPlatformInput/Scripts/InputAxisScrollbar.cs
  artifactKey: Guid(7d3269566d48b8447bb48d2259e28f8b) Importer(2089858483,192608db42251d675da83286b1cce702)
Start importing Assets/Tomerinio/LEDLightBlocks/Example Scene/Standard Assets/CrossPlatformInput/Scripts/InputAxisScrollbar.cs using Guid(7d3269566d48b8447bb48d2259e28f8b) Importer(2089858483,192608db42251d675da83286b1cce702) (ScriptedImporter) -> (artifact id: 'fb7311fc6aa0289b35209bb5a1bf2f86') in 0.1231597 seconds
Number of updated asset objects reloaded before import = 0Number of asset objects unloaded after import = 0

========================================================================
Received Import Request.
  Time since last request: 0.000020 seconds.
  path: Assets/Tomerinio/LEDLightBlocks/Example Scene/Standard Assets/Utility/ObjectResetter.cs
  artifactKey: Guid(643c971818f68d3439e84b5d8bdafe07) Importer(2089858483,192608db42251d675da83286b1cce702)
Start importing Assets/Tomerinio/LEDLightBlocks/Example Scene/Standard Assets/Utility/ObjectResetter.cs using Guid(643c971818f68d3439e84b5d8bdafe07) Importer(2089858483,192608db42251d675da83286b1cce702) (ScriptedImporter) -> (artifact id: '928c467f5ae2d79ed4ab04f76373780d') in 0.0494262 seconds
Number of updated asset objects reloaded before import = 0Number of asset objects unloaded after import = 0

========================================================================
Received Import Request.
  Time since last request: 0.000025 seconds.
  path: Assets/Tomerinio/LEDLightBlocks/Example Scene/Audio/fire3.mp3
  artifactKey: Guid(021399294d43b1247bd9bbfff3510ff6) Importer(2089858483,192608db42251d675da83286b1cce702)
Start importing Assets/Tomerinio/LEDLightBlocks/Example Scene/Audio/fire3.mp3 using Guid(021399294d43b1247bd9bbfff3510ff6) Importer(2089858483,192608db42251d675da83286b1cce702) (ScriptedImporter) -> (artifact id: 'c79246c1101f509031ea12adf1f02cfe') in 0.1374532 seconds
Number of updated asset objects reloaded before import = 0Number of asset objects unloaded after import = 1

========================================================================
Received Import Request.
  Time since last request: 0.000036 seconds.
  path: Assets/UnityTechnologies/Basic Asset Pack Interior/Prefabs/Props/VaseTallBottle.prefab
  artifactKey: Guid(c77d39865f2b1464480152ac6f2c58f1) Importer(2089858483,3d70f49cd1c2eb9ae422958d1c652c6b)
Start importing Assets/UnityTechnologies/Basic Asset Pack Interior/Prefabs/Props/VaseTallBottle.prefab using Guid(c77d39865f2b1464480152ac6f2c58f1) Importer(2089858483,3d70f49cd1c2eb9ae422958d1c652c6b) (ScriptedImporter) -> (artifact id: 'bd734a2ade6b966542e05b42852c926e') in 0.0236425 seconds
Number of updated asset objects reloaded before import = 0Number of asset objects unloaded after import = 8

========================================================================
Received Import Request.
  Time since last request: 0.000024 seconds.
  path: Assets/UnityTechnologies/Basic Asset Pack Interior/Prefabs/Walls/WallWindowTall4m.prefab
  artifactKey: Guid(e79ec92704f45584dbb6e0e569b69d8c) Importer(2089858483,3d70f49cd1c2eb9ae422958d1c652c6b)
Start importing Assets/UnityTechnologies/Basic Asset Pack Interior/Prefabs/Walls/WallWindowTall4m.prefab using Guid(e79ec92704f45584dbb6e0e569b69d8c) Importer(2089858483,3d70f49cd1c2eb9ae422958d1c652c6b) (ScriptedImporter) -> (artifact id: '7cff554b6b66e9dbde7a1a5d6269ca68') in 0.0212115 seconds
Number of updated asset objects reloaded before import = 0Number of asset objects unloaded after import = 26

========================================================================
Received Import Request.
  Time since last request: 0.000027 seconds.
  path: Assets/UnityTechnologies/Basic Asset Pack Interior/Prefabs/Floor/RugRectangleMedium.prefab
  artifactKey: Guid(0758d192278633543ad832e7ee2f264f) Importer(2089858483,3d70f49cd1c2eb9ae422958d1c652c6b)
Start importing Assets/UnityTechnologies/Basic Asset Pack Interior/Prefabs/Floor/RugRectangleMedium.prefab using Guid(0758d192278633543ad832e7ee2f264f) Importer(2089858483,3d70f49cd1c2eb9ae422958d1c652c6b) (ScriptedImporter) -> (artifact id: 'b41af4767f72cedab06afefc612511a0') in 0.0198879 seconds
Number of updated asset objects reloaded before import = 0Number of asset objects unloaded after import = 8

========================================================================
Received Import Request.
  Time since last request: 0.000027 seconds.
  path: Assets/Fries and Seagull/Bar 02/Prefabs/Tables & Chairs/Bench.prefab
  artifactKey: Guid(9db157cdf09cdaf4191d03ad49e269e4) Importer(2089858483,192608db42251d675da83286b1cce702)
Start importing Assets/Fries and Seagull/Bar 02/Prefabs/Tables & Chairs/Bench.prefab using Guid(9db157cdf09cdaf4191d03ad49e269e4) Importer(2089858483,192608db42251d675da83286b1cce702) (ScriptedImporter) -> (artifact id: '5564c2fd262957e924acfd65e3ef93eb') in 0.0255358 seconds
Number of updated asset objects reloaded before import = 0Number of asset objects unloaded after import = 23

========================================================================
Received Import Request.
  Time since last request: 0.000029 seconds.
  path: Assets/ProBuilder Data/Default Color Palette.asset
  artifactKey: Guid(d9ae90fe37c23da479918dd36dd7ca67) Importer(2089858483,3d70f49cd1c2eb9ae422958d1c652c6b)
Start importing Assets/ProBuilder Data/Default Color Palette.asset using Guid(d9ae90fe37c23da479918dd36dd7ca67) Importer(2089858483,3d70f49cd1c2eb9ae422958d1c652c6b) (ScriptedImporter) -> (artifact id: '841296b50343cf31ef6ea4ec3f73bcd5') in 0.0341625 seconds
Number of updated asset objects reloaded before import = 0Number of asset objects unloaded after import = 0

========================================================================
Received Import Request.
  Time since last request: 0.000040 seconds.
  path: Assets/Tomerinio/LEDLightBlocks/Example Scene/Meshes/Materials/Stone_Floor_01_A.mat
  artifactKey: Guid(d4fa6c400a09f5a4a8b33f2e8311dc25) Importer(2089858483,192608db42251d675da83286b1cce702)
Start importing Assets/Tomerinio/LEDLightBlocks/Example Scene/Meshes/Materials/Stone_Floor_01_A.mat using Guid(d4fa6c400a09f5a4a8b33f2e8311dc25) Importer(2089858483,192608db42251d675da83286b1cce702) (ScriptedImporter) -> (artifact id: '3d40bfb8f570d35311c929355c7b6a18') in 0.0212817 seconds
Number of updated asset objects reloaded before import = 0Number of asset objects unloaded after import = 1

========================================================================
Received Import Request.
  Time since last request: 0.000024 seconds.
  path: Assets/Tomerinio/LEDLightBlocks/Contents/Prefabs/LED_Node.prefab
  artifactKey: Guid(a8fa3d785a0778c45ad2984740895d5e) Importer(2089858483,192608db42251d675da83286b1cce702)
Start importing Assets/Tomerinio/LEDLightBlocks/Contents/Prefabs/LED_Node.prefab using Guid(a8fa3d785a0778c45ad2984740895d5e) Importer(2089858483,192608db42251d675da83286b1cce702) (ScriptedImporter) -> (artifact id: '7d6949d90a71f4c02a63b051169b4ad8') in 0.0366907 seconds
Number of updated asset objects reloaded before import = 0Number of asset objects unloaded after import = 8

========================================================================
Received Import Request.
  Time since last request: 0.000020 seconds.
  path: Assets/Tomerinio/LEDLightBlocks/Contents/Materials/M_LEDBlue.mat
  artifactKey: Guid(d2f6c6d261ec30d4788e33a9951a2ef5) Importer(2089858483,192608db42251d675da83286b1cce702)
Start importing Assets/Tomerinio/LEDLightBlocks/Contents/Materials/M_LEDBlue.mat using Guid(d2f6c6d261ec30d4788e33a9951a2ef5) Importer(2089858483,192608db42251d675da83286b1cce702) (ScriptedImporter) -> (artifact id: 'd9f816cf6e4a34261e8905b03a16d992') in 0.0266885 seconds
Number of updated asset objects reloaded before import = 0Number of asset objects unloaded after import = 3

========================================================================
Received Import Request.
  Time since last request: 0.000025 seconds.
  path: Assets/npc_casual_set_00/Prefabs/npc_csl_tshirt_00m_01_03.prefab
  artifactKey: Guid(2e0cd28df1f2cce4e8143adea2c9de91) Importer(2089858483,3d70f49cd1c2eb9ae422958d1c652c6b)
Start importing Assets/npc_casual_set_00/Prefabs/npc_csl_tshirt_00m_01_03.prefab using Guid(2e0cd28df1f2cce4e8143adea2c9de91) Importer(2089858483,3d70f49cd1c2eb9ae422958d1c652c6b) (ScriptedImporter) -> (artifact id: 'bd1066ee3d5a87ed92263caab09e2ca2') in 0.0456537 seconds
Number of updated asset objects reloaded before import = 0Number of asset objects unloaded after import = 283

========================================================================
Received Import Request.
  Time since last request: 0.000041 seconds.
  path: Assets/Fries and Seagull/Bar 02/Models/Candlestick 1.fbx
  artifactKey: Guid(c7b923fb049b8ca4b882c6dce3dbbbe3) Importer(2089858483,192608db42251d675da83286b1cce702)
Start importing Assets/Fries and Seagull/Bar 02/Models/Candlestick 1.fbx using Guid(c7b923fb049b8ca4b882c6dce3dbbbe3) Importer(2089858483,192608db42251d675da83286b1cce702) (ScriptedImporter) -> (artifact id: 'e8d20d0653baa1a1fdb8bc198c598739') in 0.0446776 seconds
Number of updated asset objects reloaded before import = 0Number of asset objects unloaded after import = 17

========================================================================
Received Import Request.
  Time since last request: 0.000023 seconds.
  path: Assets/npc_casual_set_00/Prefabs/npc_hairfacial_c_01.prefab
  artifactKey: Guid(b1ecc4a98f9aa2d4e925477ac82ffc12) Importer(2089858483,3d70f49cd1c2eb9ae422958d1c652c6b)
Start importing Assets/npc_casual_set_00/Prefabs/npc_hairfacial_c_01.prefab using Guid(b1ecc4a98f9aa2d4e925477ac82ffc12) Importer(2089858483,3d70f49cd1c2eb9ae422958d1c652c6b) (ScriptedImporter) -> (artifact id: '61687a9c46ba3d912a8f259d6d3afddd') in 0.0465746 seconds
Number of updated asset objects reloaded before import = 0Number of asset objects unloaded after import = 275

========================================================================
Received Import Request.
  Time since last request: 0.000028 seconds.
  path: Assets/npc_casual_set_00/Prefabs/npc_haircut_a_01.prefab
  artifactKey: Guid(d958e6f748feca749ac7ce0e3139a35f) Importer(2089858483,3d70f49cd1c2eb9ae422958d1c652c6b)
Start importing Assets/npc_casual_set_00/Prefabs/npc_haircut_a_01.prefab using Guid(d958e6f748feca749ac7ce0e3139a35f) Importer(2089858483,3d70f49cd1c2eb9ae422958d1c652c6b) (ScriptedImporter) -> (artifact id: '995663ce46b7c05e4a038691eee8faba') in 0.0404704 seconds
Number of updated asset objects reloaded before import = 0Number of asset objects unloaded after import = 275

========================================================================
Received Import Request.
  Time since last request: 0.000025 seconds.
  path: Assets/Fries and Seagull/Bar 02/Scene Props/Scripts/FencePlacement.cs
  artifactKey: Guid(c6c2baeb13f14477ad663f5611af14fd) Importer(2089858483,192608db42251d675da83286b1cce702)
Start importing Assets/Fries and Seagull/Bar 02/Scene Props/Scripts/FencePlacement.cs using Guid(c6c2baeb13f14477ad663f5611af14fd) Importer(2089858483,192608db42251d675da83286b1cce702) (ScriptedImporter) -> (artifact id: 'ee1d8f3b355088e2f043c5c69addc2a4') in 0.0181451 seconds
Number of updated asset objects reloaded before import = 0Number of asset objects unloaded after import = 0

========================================================================
Received Import Request.
  Time since last request: 0.000031 seconds.
  path: Assets/Fries and Seagull/Bar 02/Models/Materials/Material.061.mat
  artifactKey: Guid(f87b7d68fb6e73042b7f79327c1cffad) Importer(2089858483,192608db42251d675da83286b1cce702)
Start importing Assets/Fries and Seagull/Bar 02/Models/Materials/Material.061.mat using Guid(f87b7d68fb6e73042b7f79327c1cffad) Importer(2089858483,192608db42251d675da83286b1cce702) (ScriptedImporter) -> (artifact id: '3d3f9a566c6ae38158917ebafea0f49a') in 0.0189227 seconds
Number of updated asset objects reloaded before import = 0Number of asset objects unloaded after import = 1

========================================================================
Received Import Request.
  Time since last request: 0.000023 seconds.
  path: Assets/Fries and Seagull/Bar 02/Prefabs/Wine Bottles & Cups/Wine Bottle 3.prefab
  artifactKey: Guid(cb74cadc085d9b148b3f95048490e9bc) Importer(2089858483,3d70f49cd1c2eb9ae422958d1c652c6b)
Start importing Assets/Fries and Seagull/Bar 02/Prefabs/Wine Bottles & Cups/Wine Bottle 3.prefab using Guid(cb74cadc085d9b148b3f95048490e9bc) Importer(2089858483,3d70f49cd1c2eb9ae422958d1c652c6b) (ScriptedImporter) -> (artifact id: '6e73b20b5d7794fa3a51eedb276ae707') in 0.0207174 seconds
Number of updated asset objects reloaded before import = 0Number of asset objects unloaded after import = 17

Editor requested this worker to shutdown with reason: balancing worker count downwards
AssetImportWorker is now disconnected from the server
Process exiting
Exiting without the bug reporter. Application will terminate with return code 0