[Licensing::Module] Trying to connect to existing licensing client channel...
Built from '6000.2/staging' branch; Version is '6000.2.10f1 (d3d30d158480) revision 13882125'; Using compiler version '194234433'; Build Type 'Release'
OS: 'Windows 11  (10.0.22621) 64bit CoreCountrySpecific' Language: 'zh' Physical Memory: 16077 MB
BatchMode: 1, IsHumanControllingUs: 0, StartBugReporterOnCrash: 0, Is64bit: 1
[Licensing::IpcConnector] Successfully connected to: "LicenseClient-hp" at "2026-01-26T02:47:58.4076685Z"
Date: 2026-01-26T02:47:58Z

COMMAND LINE ARGUMENTS:
C:\Program Files\Unity\Hub\Editor\6000.2.10f1\Editor\Unity.exe
-adb2
-batchMode
-noUpm
-name
AssetImportWorker13
-projectPath
E:/games/unity/unity stuco
-logFile
Logs/AssetImportWorker13.log
-srvPort
52912
-licensingIpc
LicenseClient-hp
-job-worker-count
9
-background-job-worker-count
8
-gc-helper-count
1
-name
AssetImport
Successfully changed project path to: E:/games/unity/unity stuco
E:/games/unity/unity stuco
[UnityMemory] Configuration Parameters - Can be set up in boot.config
    "memorysetup-allocator-temp-initial-block-size-main=262144"
    "memorysetup-allocator-temp-initial-block-size-worker=262144"
    "memorysetup-bucket-allocator-granularity=16"
    "memorysetup-bucket-allocator-bucket-count=8"
    "memorysetup-bucket-allocator-block-size=33554432"
    "memorysetup-bucket-allocator-block-count=8"
    "memorysetup-main-allocator-block-size=16777216"
    "memorysetup-thread-allocator-block-size=16777216"
    "memorysetup-gfx-main-allocator-block-size=16777216"
    "memorysetup-gfx-thread-allocator-block-size=16777216"
    "memorysetup-cache-allocator-block-size=4194304"
    "memorysetup-typetree-allocator-block-size=2097152"
    "memorysetup-profiler-bucket-allocator-granularity=16"
    "memorysetup-profiler-bucket-allocator-bucket-count=8"
    "memorysetup-profiler-bucket-allocator-block-size=33554432"
    "memorysetup-profiler-bucket-allocator-block-count=8"
    "memorysetup-profiler-allocator-block-size=16777216"
    "memorysetup-profiler-editor-allocator-block-size=1048576"
    "memorysetup-temp-allocator-size-main=16777216"
    "memorysetup-job-temp-allocator-block-size=2097152"
    "memorysetup-job-temp-allocator-block-size-background=1048576"
    "memorysetup-job-temp-allocator-reduction-small-platforms=262144"
    "memorysetup-temp-allocator-size-background-worker=32768"
    "memorysetup-temp-allocator-size-job-worker=262144"
    "memorysetup-temp-allocator-size-preload-manager=33554432"
    "memorysetup-temp-allocator-size-nav-mesh-worker=65536"
    "memorysetup-temp-allocator-size-audio-worker=65536"
    "memorysetup-temp-allocator-size-cloud-worker=32768"
    "memorysetup-temp-allocator-size-gi-baking-worker=262144"
    "memorysetup-temp-allocator-size-gi-baking-worker=262144"
    "memorysetup-temp-allocator-size-gi-baking-worker=262144"
    "memorysetup-temp-allocator-size-gi-baking-worker=262144"
    "memorysetup-temp-allocator-size-gi-baking-worker=262144"
    "memorysetup-temp-allocator-size-gfx=262144"
Player connection [35696]  Target information:

Player connection [35696]  * "[IP] 26.16.34.112 [Port] 0 [Flags] 2 [Guid] 641443594 [EditorId] 641443594 [Version] 1048832 [Id] WindowsEditor(7,Sine-laptop) [Debug] 1 [PackageName] WindowsEditor [ProjectName] Editor" 

Player connection [35696]  * "[IP] 169.254.83.107 [Port] 0 [Flags] 2 [Guid] 641443594 [EditorId] 641443594 [Version] 1048832 [Id] WindowsEditor(7,Sine-laptop) [Debug] 1 [PackageName] WindowsEditor [ProjectName] Editor" 

Player connection [35696]  * "[IP] 10.0.0.176 [Port] 0 [Flags] 2 [Guid] 641443594 [EditorId] 641443594 [Version] 1048832 [Id] WindowsEditor(7,Sine-laptop) [Debug] 1 [PackageName] WindowsEditor [ProjectName] Editor" 

Player connection [35696] Host joined multi-casting on [225.0.0.222:54997]...
Player connection [35696] Host joined alternative multi-casting on [225.0.0.222:34997]...
JobSystem: Creating JobQueue using job-worker-count value 9
Input System module state changed to: Initialized.
[Physics::Module] Initialized fallback backend.
[Physics::Module] Id: 0xdecafbad
[Licensing::Client] Code 10 while verifying Licensing Client signature (process Id: 21424, path: "D:/program files/unity hub/UnityLicensingClient_V1/Unity.Licensing.Client.exe")
[Licensing::Module] LicensingClient has failed validation; ignoring
[Licensing::Client] Handshaking with LicensingClient:
  Version:                 1.17.4+4293ba1
  Session Id:              cf6d7e57b31b4f0f8279aa69617487b1
  Correlation Id:          7c14848868e067cf13524863e53c52db
  External correlation Id: 2509150437205784089
  Machine Id:              oJYw/SjKF5VKeIElphCQc4K/MVg=
[Licensing::Module] Successfully connected to LicensingClient on channel: "LicenseClient-hp" (connect: 0.00s, validation: 0.00s, handshake: 0.03s)
[Licensing::IpcConnector] Successfully connected to: "LicenseClient-hp-notifications" at "2026-01-26T02:47:58.4441334Z"
[Licensing::Module] Licensing Background thread has ended after 0.04s
Library Redirect Path: Library/
[Physics::Module] Selected backend.
[Physics::Module] Name: PhysX
[Physics::Module] Id: 0xf2b8ea05
[Physics::Module] SDK Version: 4.1.2
[Physics::Module] Integration Version: 1.0.0
[Physics::Module] Threading Mode: Multi-Threaded
Refreshing native plugins compatible for Editor in 1.24 ms, found 3 plugins.
Preloading 0 native plugins for Editor in 0.00 ms.
Initialize engine version: 6000.2.10f1 (d3d30d158480)
[Subsystems] Discovering subsystems at path C:/Program Files/Unity/Hub/Editor/6000.2.10f1/Editor/Data/Resources/UnitySubsystems
[Subsystems] Discovering subsystems at path E:/games/unity/unity stuco/Assets
GfxDevice: creating device client; kGfxThreadingModeNonThreaded
Direct3D:
    Version:  Direct3D 11.0 [level 11.1]
    Renderer: NVIDIA GeForce RTX 4060 Laptop GPU (ID=0x28a0)
    Vendor:   NVIDIA
    VRAM:     7957 MB
    Driver:   32.0.15.6094
Initialize mono
Mono path[0] = 'C:/Program Files/Unity/Hub/Editor/6000.2.10f1/Editor/Data/Managed'
Mono path[1] = 'C:/Program Files/Unity/Hub/Editor/6000.2.10f1/Editor/Data/MonoBleedingEdge/lib/mono/unityjit-win32'
Mono config path = 'C:/Program Files/Unity/Hub/Editor/6000.2.10f1/Editor/Data/MonoBleedingEdge/etc'
Using monoOptions --debugger-agent=transport=dt_socket,embedding=1,server=y,suspend=n,address=127.0.0.1:56848
Begin MonoManager ReloadAssembly
Registering precompiled unity dll's ...
Register platform support module: C:/Program Files/Unity/Hub/Editor/6000.2.10f1/Editor/Data/PlaybackEngines/WebGLSupport/UnityEditor.WebGL.Extensions.dll
Register platform support module: C:/Program Files/Unity/Hub/Editor/6000.2.10f1/Editor/Data/PlaybackEngines/WindowsStandaloneSupport/UnityEditor.WindowsStandalone.Extensions.dll
Registered in 0.001444 seconds.
- Loaded All Assemblies, in  0.558 seconds
Native extension for WindowsStandalone target not found
Native extension for WebGL target not found
Mono: successfully reloaded assembly
- Finished resetting the current domain, in  0.554 seconds
Domain Reload Profiling: 1109ms
	BeginReloadAssembly (171ms)
		ExecutionOrderSort (0ms)
		DisableScriptedObjects (0ms)
		BackupInstance (0ms)
		ReleaseScriptingObjects (0ms)
		CreateAndSetChildDomain (1ms)
	RebuildCommonClasses (66ms)
	RebuildNativeTypeToScriptingClass (19ms)
	initialDomainReloadingComplete (57ms)
	LoadAllAssembliesAndSetupDomain (242ms)
		LoadAssemblies (168ms)
		RebuildTransferFunctionScriptingTraits (0ms)
		AnalyzeDomain (239ms)
			TypeCache.Refresh (236ms)
				TypeCache.ScanAssembly (216ms)
			BuildScriptInfoCaches (1ms)
			ResolveRequiredComponents (1ms)
	FinalizeReload (555ms)
		ReleaseScriptCaches (0ms)
		RebuildScriptCaches (0ms)
		SetupLoadedEditorAssemblies (482ms)
			LogAssemblyErrors (0ms)
			InitializePlatformSupportModulesInManaged (72ms)
			SetLoadedEditorAssemblies (6ms)
			BeforeProcessingInitializeOnLoad (122ms)
			ProcessInitializeOnLoadAttributes (207ms)
			ProcessInitializeOnLoadMethodAttributes (75ms)
			AfterProcessingInitializeOnLoad (0ms)
			EditorAssembliesLoaded (0ms)
		ExecutionOrderSort2 (0ms)
		AwakeInstancesAfterBackupRestoration (0ms)
Assembly reference Packages/com.unity.cinemachine/Editor/Samples/ExposeHDRPInternals/HDRP-Editor-ref.asmref has no target assembly definition
========================================================================
Worker process is ready to serve import requests
Import Worker Mode flag is 0x00
Assembly reference Packages/com.unity.cinemachine/Editor/Samples/ExposeHDRPInternals/HDRP-Editor-ref.asmref has no target assembly definition
Assembly reference Packages/com.unity.cinemachine/Editor/Samples/ExposeHDRPInternals/HDRP-Editor-ref.asmref has no target assembly definition
Begin MonoManager ReloadAssembly
[Licensing::Client] Successfully resolved entitlement details
[Licensing::Module] License group:
  Id: 2475887581673-UnityPersXXXX
  Product: Unity Personal
  Type: Assigned
  Expiration: Unlimited
- Loaded All Assemblies, in  2.194 seconds
Assembly reference Packages/com.unity.cinemachine/Editor/Samples/ExposeHDRPInternals/HDRP-Editor-ref.asmref has no target assembly definition
'Packages/com.unity.cinemachine/Editor/Obsolete/CinemachineVirtualCameraBaseEditor.cs' contains partial class of Unity.Object, exactly 1 of the partial classes needs to be in a file with the same filename. This is to know the one that can be referenced from ie. GameObjects
'Packages/com.unity.cinemachine/Editor/Editors/CinemachineVirtualCameraBaseEditor.cs' contains partial class of Unity.Object, exactly 1 of the partial classes needs to be in a file with the same filename. This is to know the one that can be referenced from ie. GameObjects
Refreshing native plugins compatible for Editor in 2.06 ms, found 3 plugins.
Native extension for WindowsStandalone target not found
Native extension for WebGL target not found
Assembly reference Packages/com.unity.cinemachine/Editor/Samples/ExposeHDRPInternals/HDRP-Editor-ref.asmref has no target assembly definition
Package Manager log level set to [2]
[Package Manager] Failed to launch server process. Reason: Unity was launched with the -noUpm command-line argument
[Package Manager] Unable to send message (not connected to server process).
[Package Manager] Cannot connect to Unity Package Manager local server
[Package Manager] Failed to launch server process. Reason: Unity was launched with the -noUpm command-line argument
[Package Manager] Unable to send message (not connected to server process).
[Package Manager] Cannot connect to Unity Package Manager local server
[MODES] ModeService[none].Initialize
[MODES] ModeService[none].LoadModes
[MODES] Loading mode Default (0) for mode-current-id-unity stuco
Mono: successfully reloaded assembly
- Finished resetting the current domain, in  1.800 seconds
Domain Reload Profiling: 3990ms
	BeginReloadAssembly (312ms)
		ExecutionOrderSort (0ms)
		DisableScriptedObjects (8ms)
		BackupInstance (0ms)
		ReleaseScriptingObjects (0ms)
		CreateAndSetChildDomain (52ms)
	RebuildCommonClasses (59ms)
	RebuildNativeTypeToScriptingClass (17ms)
	initialDomainReloadingComplete (73ms)
	LoadAllAssembliesAndSetupDomain (1728ms)
		LoadAssemblies (845ms)
		RebuildTransferFunctionScriptingTraits (0ms)
		AnalyzeDomain (1037ms)
			TypeCache.Refresh (711ms)
				TypeCache.ScanAssembly (665ms)
			BuildScriptInfoCaches (219ms)
			ResolveRequiredComponents (77ms)
	FinalizeReload (1800ms)
		ReleaseScriptCaches (0ms)
		RebuildScriptCaches (0ms)
		SetupLoadedEditorAssemblies (1368ms)
			LogAssemblyErrors (0ms)
			InitializePlatformSupportModulesInManaged (3ms)
			SetLoadedEditorAssemblies (5ms)
			BeforeProcessingInitializeOnLoad (299ms)
			ProcessInitializeOnLoadAttributes (797ms)
			ProcessInitializeOnLoadMethodAttributes (254ms)
			AfterProcessingInitializeOnLoad (9ms)
			EditorAssembliesLoaded (1ms)
		ExecutionOrderSort2 (0ms)
		AwakeInstancesAfterBackupRestoration (10ms)
Launched and connected shader compiler UnityShaderCompiler.exe after 0.04 seconds
Refreshing native plugins compatible for Editor in 0.85 ms, found 3 plugins.
Preloading 0 native plugins for Editor in 0.00 ms.
Unloading 27 Unused Serialized files (Serialized files now loaded: 0)
Unloading 7044 unused Assets / (7.5 MB). Loaded Objects now: 7775.
Memory consumption went from 145.7 MB to 138.3 MB.
Total: 66.835100 ms (FindLiveObjects: 3.480300 ms CreateObjectMapping: 0.679500 ms MarkObjects: 57.413700 ms  DeleteObjects: 5.259500 ms)

========================================================================
Received Import Request.
  Time since last request: 17435.749306 seconds.
  path: Assets/Fries and Seagull/Bar 02/Models/Picture Frame 2.fbx
  artifactKey: Guid(e1a129b0a8a1eb24e9e34ee07259e1f5) Importer(2089858483,192608db42251d675da83286b1cce702)
Start importing Assets/Fries and Seagull/Bar 02/Models/Picture Frame 2.fbx using Guid(e1a129b0a8a1eb24e9e34ee07259e1f5) Importer(2089858483,192608db42251d675da83286b1cce702) (ScriptedImporter) -> (artifact id: 'b107fbbf0fc26719f772e3f093216529') in 1.0839156 seconds
Number of updated asset objects reloaded before import = 0Number of asset objects unloaded after import = 8

========================================================================
Received Import Request.
  Time since last request: 0.000497 seconds.
  path: Assets/Fries and Seagull/Bar 02/Scene Props/Scripts/Inspector
  artifactKey: Guid(95257b2712cf4d34bcab9d2c686b1e37) Importer(2089858483,192608db42251d675da83286b1cce702)
Start importing Assets/Fries and Seagull/Bar 02/Scene Props/Scripts/Inspector using Guid(95257b2712cf4d34bcab9d2c686b1e37) Importer(2089858483,192608db42251d675da83286b1cce702) (ScriptedImporter) -> (artifact id: '25d313b229a3e3dc896f8e9e14a526d7') in 0.022559 seconds
Number of updated asset objects reloaded before import = 0Number of asset objects unloaded after import = 1

========================================================================
Received Import Request.
  Time since last request: 0.000104 seconds.
  path: Assets/npc_casual_set_00/Prefabs/npc_csl_shirtopenrolled_00m_01_02.prefab
  artifactKey: Guid(fd2fbe6df2866274ea11cbb31446e614) Importer(2089858483,3d70f49cd1c2eb9ae422958d1c652c6b)
Start importing Assets/npc_casual_set_00/Prefabs/npc_csl_shirtopenrolled_00m_01_02.prefab using Guid(fd2fbe6df2866274ea11cbb31446e614) Importer(2089858483,3d70f49cd1c2eb9ae422958d1c652c6b) (ScriptedImporter) -> (artifact id: 'b4920c7533acf18a4e89b6a0baf408f5') in 0.1026666 seconds
Number of updated asset objects reloaded before import = 0Number of asset objects unloaded after import = 283

========================================================================
Received Import Request.
  Time since last request: 0.000021 seconds.
  path: Assets/npc_casual_set_00/Prefabs/Prefabs_Parts/npc_hmn_01f_torso4.prefab
  artifactKey: Guid(b8da6333c502e5d41ba3f8c19b7a87d6) Importer(2089858483,3d70f49cd1c2eb9ae422958d1c652c6b)
Start importing Assets/npc_casual_set_00/Prefabs/Prefabs_Parts/npc_hmn_01f_torso4.prefab using Guid(b8da6333c502e5d41ba3f8c19b7a87d6) Importer(2089858483,3d70f49cd1c2eb9ae422958d1c652c6b) (ScriptedImporter) -> (artifact id: '9e42eeebe91808416200d4297d2c1baf') in 0.0818812 seconds
Number of updated asset objects reloaded before import = 0Number of asset objects unloaded after import = 283

========================================================================
Received Import Request.
  Time since last request: 0.000025 seconds.
  path: Assets/npc_casual_set_00/Prefabs/Prefabs_Parts/npc_hmn_01f_torso2.prefab
  artifactKey: Guid(7ec98accf7f7f514d81eba182373839a) Importer(2089858483,3d70f49cd1c2eb9ae422958d1c652c6b)
Start importing Assets/npc_casual_set_00/Prefabs/Prefabs_Parts/npc_hmn_01f_torso2.prefab using Guid(7ec98accf7f7f514d81eba182373839a) Importer(2089858483,3d70f49cd1c2eb9ae422958d1c652c6b) (ScriptedImporter) -> (artifact id: '2129c3ace1caa855244062f56491d155') in 0.11506 seconds
Number of updated asset objects reloaded before import = 0Number of asset objects unloaded after import = 283

========================================================================
Received Import Request.
  Time since last request: 0.000040 seconds.
  path: Assets/Settings/PC_Renderer.asset
  artifactKey: Guid(f288ae1f4751b564a96ac7587541f7a2) Importer(2089858483,3d70f49cd1c2eb9ae422958d1c652c6b)
Start importing Assets/Settings/PC_Renderer.asset using Guid(f288ae1f4751b564a96ac7587541f7a2) Importer(2089858483,3d70f49cd1c2eb9ae422958d1c652c6b) (ScriptedImporter) -> (artifact id: 'a7a5dc740bc98a7ca6464b832a9c6425') in 0.0276183 seconds
Number of updated asset objects reloaded before import = 0Number of asset objects unloaded after import = 0

========================================================================
Received Import Request.
  Time since last request: 0.000024 seconds.
  path: Assets/Fries and Seagull/Bar 02/Scene Props/BRP Post Process.prefab
  artifactKey: Guid(ba73728ec352f8742b6e0e2e3c60287b) Importer(2089858483,192608db42251d675da83286b1cce702)
Start importing Assets/Fries and Seagull/Bar 02/Scene Props/BRP Post Process.prefab using Guid(ba73728ec352f8742b6e0e2e3c60287b) Importer(2089858483,192608db42251d675da83286b1cce702) (ScriptedImporter) -> (artifact id: 'ad850fdbfb519206ac54369755427df9') in 0.0233767 seconds
Number of updated asset objects reloaded before import = 0Number of asset objects unloaded after import = 0

========================================================================
Received Import Request.
  Time since last request: 0.000024 seconds.
  path: Assets/npc_casual_set_00/Prefabs/Prefabs_Parts/npc_hmn_01m_head2.prefab
  artifactKey: Guid(e1fd861de0576ea4b853e2ec1b55cf1f) Importer(2089858483,3d70f49cd1c2eb9ae422958d1c652c6b)
Start importing Assets/npc_casual_set_00/Prefabs/Prefabs_Parts/npc_hmn_01m_head2.prefab using Guid(e1fd861de0576ea4b853e2ec1b55cf1f) Importer(2089858483,3d70f49cd1c2eb9ae422958d1c652c6b) (ScriptedImporter) -> (artifact id: 'abc227bf05654b1a43044f9a23e4fba8') in 0.076254 seconds
Number of updated asset objects reloaded before import = 0Number of asset objects unloaded after import = 284

========================================================================
Received Import Request.
  Time since last request: 0.000103 seconds.
  path: Assets/Fries and Seagull/Bar 02/Models/Tankard 2.fbx
  artifactKey: Guid(9351726f203ccd9498512d8b2a32a92f) Importer(2089858483,192608db42251d675da83286b1cce702)
Start importing Assets/Fries and Seagull/Bar 02/Models/Tankard 2.fbx using Guid(9351726f203ccd9498512d8b2a32a92f) Importer(2089858483,192608db42251d675da83286b1cce702) (ScriptedImporter) -> (artifact id: 'e54e8f97a573b4ef95c4e342999350f6') in 0.0501898 seconds
Number of updated asset objects reloaded before import = 0Number of asset objects unloaded after import = 17

========================================================================
Received Import Request.
  Time since last request: 0.000024 seconds.
  path: Assets/Fries and Seagull/Bar 02/Prefabs/Wine Bottles & Cups/Wine Bottle 1.prefab
  artifactKey: Guid(3872d204beae82c4592656af26c4b85d) Importer(2089858483,192608db42251d675da83286b1cce702)
Start importing Assets/Fries and Seagull/Bar 02/Prefabs/Wine Bottles & Cups/Wine Bottle 1.prefab using Guid(3872d204beae82c4592656af26c4b85d) Importer(2089858483,192608db42251d675da83286b1cce702) (ScriptedImporter) -> (artifact id: '0aa2969fa6b085e388c787ad5b1e2672') in 0.121144 seconds
Number of updated asset objects reloaded before import = 0Number of asset objects unloaded after import = 18

========================================================================
Received Import Request.
  Time since last request: 0.000027 seconds.
  path: Assets/npc_casual_set_00/Prefabs/Prefabs_Parts/npc_hmn_01m_torso1.prefab
  artifactKey: Guid(aa534a8c09fec7747adab51008196376) Importer(2089858483,3d70f49cd1c2eb9ae422958d1c652c6b)
Start importing Assets/npc_casual_set_00/Prefabs/Prefabs_Parts/npc_hmn_01m_torso1.prefab using Guid(aa534a8c09fec7747adab51008196376) Importer(2089858483,3d70f49cd1c2eb9ae422958d1c652c6b) (ScriptedImporter) -> (artifact id: '7485f5e27c650ec733653bb6c4b96e52') in 0.1696003 seconds
Number of updated asset objects reloaded before import = 0Number of asset objects unloaded after import = 283

========================================================================
Received Import Request.
  Time since last request: 0.000037 seconds.
  path: Assets/npc_casual_set_00/Prefabs/Prefabs_Parts/npc_hmn_01f_arms6.prefab
  artifactKey: Guid(36887f17f5b901b45bb8bc1ffd815e4f) Importer(2089858483,3d70f49cd1c2eb9ae422958d1c652c6b)
Start importing Assets/npc_casual_set_00/Prefabs/Prefabs_Parts/npc_hmn_01f_arms6.prefab using Guid(36887f17f5b901b45bb8bc1ffd815e4f) Importer(2089858483,3d70f49cd1c2eb9ae422958d1c652c6b) (ScriptedImporter) -> (artifact id: '6d5ab74567410e30243e73e7679817ad') in 0.3002577 seconds
Number of updated asset objects reloaded before import = 0Number of asset objects unloaded after import = 283

========================================================================
Received Import Request.
  Time since last request: 0.000026 seconds.
  path: Assets/Fries and Seagull/Bar 02/Prefabs/Hang on Wall/Hanging Scroll 1.prefab
  artifactKey: Guid(3e03224e2da992946af83b6979daf271) Importer(2089858483,3d70f49cd1c2eb9ae422958d1c652c6b)
Start importing Assets/Fries and Seagull/Bar 02/Prefabs/Hang on Wall/Hanging Scroll 1.prefab using Guid(3e03224e2da992946af83b6979daf271) Importer(2089858483,3d70f49cd1c2eb9ae422958d1c652c6b) (ScriptedImporter) -> (artifact id: '195c398cb70aaba24c1e04a45fa4391f') in 0.0731344 seconds
Number of updated asset objects reloaded before import = 0Number of asset objects unloaded after import = 18

========================================================================
Received Import Request.
  Time since last request: 0.000035 seconds.
  path: Assets/Scenes/Devil's bar.unity
  artifactKey: Guid(907aaf2cf4130a64bbfea8d962b292a3) Importer(2089858483,3d70f49cd1c2eb9ae422958d1c652c6b)
Start importing Assets/Scenes/Devil's bar.unity using Guid(907aaf2cf4130a64bbfea8d962b292a3) Importer(2089858483,3d70f49cd1c2eb9ae422958d1c652c6b) (ScriptedImporter)Opening scene 'Assets/Scenes/Devil's bar.unity additively'
Loaded scene 'Assets/Scenes/Devil's bar.unity'
	Deserialize:            34.429 ms
	Integration:            539.716 ms
	Integration of assets:  0.158 ms
	Thread Wait Time:       1.712 ms
	Total Operation Time:   576.015 ms
 -> (artifact id: 'c33053e06bb8b85bd77571e8c6ac1997') in 1.1634225 seconds
Number of updated asset objects reloaded before import = 0Number of asset objects unloaded after import = 1989

========================================================================
Received Import Request.
  Time since last request: 0.000025 seconds.
  path: Assets/npc_casual_set_00/Prefabs/npc_hairfacial_b_01.prefab
  artifactKey: Guid(06318a5febaf3344db3b500429920304) Importer(2089858483,3d70f49cd1c2eb9ae422958d1c652c6b)
Start importing Assets/npc_casual_set_00/Prefabs/npc_hairfacial_b_01.prefab using Guid(06318a5febaf3344db3b500429920304) Importer(2089858483,3d70f49cd1c2eb9ae422958d1c652c6b) (ScriptedImporter) -> (artifact id: '3d51feb140fe28a6d958ae0bffd65c0c') in 0.1463877 seconds
Number of updated asset objects reloaded before import = 0Number of asset objects unloaded after import = 275

========================================================================
Received Import Request.
  Time since last request: 0.000038 seconds.
  path: Assets/Tomerinio/LEDLightBlocks/Example Scene/Materials/Metal_A.mat
  artifactKey: Guid(02c07345313cb814eb6dcd63462e338a) Importer(2089858483,192608db42251d675da83286b1cce702)
Start importing Assets/Tomerinio/LEDLightBlocks/Example Scene/Materials/Metal_A.mat using Guid(02c07345313cb814eb6dcd63462e338a) Importer(2089858483,192608db42251d675da83286b1cce702) (ScriptedImporter) -> (artifact id: '2ae35593fd351da8e72d19abb7026b11') in 0.1963122 seconds
Number of updated asset objects reloaded before import = 0Number of asset objects unloaded after import = 5

========================================================================
Received Import Request.
  Time since last request: 0.000025 seconds.
  path: Assets/Fries and Seagull/Bar 02/Prefabs/Tables & Chairs/Chair 1.prefab
  artifactKey: Guid(e058cac87bc97254195da76be77d83e6) Importer(2089858483,192608db42251d675da83286b1cce702)
Start importing Assets/Fries and Seagull/Bar 02/Prefabs/Tables & Chairs/Chair 1.prefab using Guid(e058cac87bc97254195da76be77d83e6) Importer(2089858483,192608db42251d675da83286b1cce702) (ScriptedImporter) -> (artifact id: '9b58285447f2acc750cf4b87a95106f4') in 0.126006 seconds
Number of updated asset objects reloaded before import = 0Number of asset objects unloaded after import = 19

========================================================================
Received Import Request.
  Time since last request: 0.000037 seconds.
  path: Assets/npc_casual_set_00/Prefabs/Prefabs_Parts/npc_csl_shirtopenrolled_00f_sleeves.prefab
  artifactKey: Guid(a05ff32f21ba11b4297aca2daca5ebc8) Importer(2089858483,3d70f49cd1c2eb9ae422958d1c652c6b)
Start importing Assets/npc_casual_set_00/Prefabs/Prefabs_Parts/npc_csl_shirtopenrolled_00f_sleeves.prefab using Guid(a05ff32f21ba11b4297aca2daca5ebc8) Importer(2089858483,3d70f49cd1c2eb9ae422958d1c652c6b) (ScriptedImporter) -> (artifact id: 'babda837fcf97275b365cab20beb9947') in 0.1444942 seconds
Number of updated asset objects reloaded before import = 0Number of asset objects unloaded after import = 283

========================================================================
Received Import Request.
  Time since last request: 0.000027 seconds.
  path: Assets/UnityTechnologies/Basic Asset Pack Interior/Prefabs/Walls/Wall3m.prefab
  artifactKey: Guid(6fe6a5df5ce28bc4fa5ad864a711723d) Importer(2089858483,3d70f49cd1c2eb9ae422958d1c652c6b)
Start importing Assets/UnityTechnologies/Basic Asset Pack Interior/Prefabs/Walls/Wall3m.prefab using Guid(6fe6a5df5ce28bc4fa5ad864a711723d) Importer(2089858483,3d70f49cd1c2eb9ae422958d1c652c6b) (ScriptedImporter) -> (artifact id: '1c0538d05b97f90c54f2e9a89a0e1a99') in 0.0219371 seconds
Number of updated asset objects reloaded before import = 0Number of asset objects unloaded after import = 15

========================================================================
Received Import Request.
  Time since last request: 0.000115 seconds.
  path: Assets/UnityTechnologies/Basic Asset Pack Interior/Prefabs/Furniture/TableRectangleShort.prefab
  artifactKey: Guid(0bb7e2d2dd1ca30478c670b90ac27dea) Importer(2089858483,3d70f49cd1c2eb9ae422958d1c652c6b)
Start importing Assets/UnityTechnologies/Basic Asset Pack Interior/Prefabs/Furniture/TableRectangleShort.prefab using Guid(0bb7e2d2dd1ca30478c670b90ac27dea) Importer(2089858483,3d70f49cd1c2eb9ae422958d1c652c6b) (ScriptedImporter) -> (artifact id: '511bad4678b39dc5a41ba5f92890a25e') in 0.0512131 seconds
Number of updated asset objects reloaded before import = 0Number of asset objects unloaded after import = 8

========================================================================
Received Import Request.
  Time since last request: 0.000019 seconds.
  path: Assets/UnityTechnologies/Basic Asset Pack Interior/Prefabs/Floor/Floor1m.prefab
  artifactKey: Guid(b866cd89eeadfa14183bdbb8272c67a8) Importer(2089858483,3d70f49cd1c2eb9ae422958d1c652c6b)
Start importing Assets/UnityTechnologies/Basic Asset Pack Interior/Prefabs/Floor/Floor1m.prefab using Guid(b866cd89eeadfa14183bdbb8272c67a8) Importer(2089858483,3d70f49cd1c2eb9ae422958d1c652c6b) (ScriptedImporter) -> (artifact id: 'e94f2d7a5cb17024b9a2f21ff07414aa') in 0.0576884 seconds
Number of updated asset objects reloaded before import = 0Number of asset objects unloaded after import = 8

========================================================================
Received Import Request.
  Time since last request: 0.000028 seconds.
  path: Assets/Tomerinio/LEDLightBlocks/Example Scene/Standard Assets/CrossPlatformInput/Scripts/PlatformSpecific/MobileInput.cs
  artifactKey: Guid(9703d53e47195aa4190acd11369ccd1b) Importer(2089858483,192608db42251d675da83286b1cce702)
Start importing Assets/Tomerinio/LEDLightBlocks/Example Scene/Standard Assets/CrossPlatformInput/Scripts/PlatformSpecific/MobileInput.cs using Guid(9703d53e47195aa4190acd11369ccd1b) Importer(2089858483,192608db42251d675da83286b1cce702) (ScriptedImporter) -> (artifact id: 'b34fe5bc3f7a6750f60afc6eae935dd4') in 0.0679965 seconds
Number of updated asset objects reloaded before import = 0Number of asset objects unloaded after import = 0

========================================================================
Received Import Request.
  Time since last request: 0.000019 seconds.
  path: Assets/UnityTechnologies/Basic Asset Pack Interior/Prefabs/Furniture/ShelfWallSmall.prefab
  artifactKey: Guid(6fd978a8658d8be488a0ab54165dda6a) Importer(2089858483,3d70f49cd1c2eb9ae422958d1c652c6b)
Start importing Assets/UnityTechnologies/Basic Asset Pack Interior/Prefabs/Furniture/ShelfWallSmall.prefab using Guid(6fd978a8658d8be488a0ab54165dda6a) Importer(2089858483,3d70f49cd1c2eb9ae422958d1c652c6b) (ScriptedImporter) -> (artifact id: 'b8a7c3031c3d989fe95d77fd4d820bb9') in 0.0303836 seconds
Number of updated asset objects reloaded before import = 0Number of asset objects unloaded after import = 8

========================================================================
Received Import Request.
  Time since last request: 0.000022 seconds.
  path: Assets/Tomerinio/LEDLightBlocks/Contents/Post-Processing/NonBloom.asset
  artifactKey: Guid(3db5df59d98b18c4995e236f05b634a5) Importer(2089858483,192608db42251d675da83286b1cce702)
Start importing Assets/Tomerinio/LEDLightBlocks/Contents/Post-Processing/NonBloom.asset using Guid(3db5df59d98b18c4995e236f05b634a5) Importer(2089858483,192608db42251d675da83286b1cce702) (ScriptedImporter) -> (artifact id: 'e55423fe3d2fa8ff9aead0a3229f127f') in 0.0177616 seconds
Number of updated asset objects reloaded before import = 0Number of asset objects unloaded after import = 1

========================================================================
Received Import Request.
  Time since last request: 0.000052 seconds.
  path: Assets/Tomerinio/LEDLightBlocks/Example Scene/Standard Assets/Utility/AutoMobileShaderSwitch.cs
  artifactKey: Guid(9c4978ff6447f9040b84acc89b0bbdc8) Importer(2089858483,192608db42251d675da83286b1cce702)
Start importing Assets/Tomerinio/LEDLightBlocks/Example Scene/Standard Assets/Utility/AutoMobileShaderSwitch.cs using Guid(9c4978ff6447f9040b84acc89b0bbdc8) Importer(2089858483,192608db42251d675da83286b1cce702) (ScriptedImporter) -> (artifact id: '80f9505862284383fac75d65b81bc0c6') in 0.0264221 seconds
Number of updated asset objects reloaded before import = 0Number of asset objects unloaded after import = 0

========================================================================
Received Import Request.
  Time since last request: 0.000021 seconds.
  path: Assets/Tomerinio/LEDLightBlocks/Contents/Prefabs/LED_Tube.prefab
  artifactKey: Guid(20d1a925ab1a84b4881c253bf4a32c09) Importer(2089858483,192608db42251d675da83286b1cce702)
Start importing Assets/Tomerinio/LEDLightBlocks/Contents/Prefabs/LED_Tube.prefab using Guid(20d1a925ab1a84b4881c253bf4a32c09) Importer(2089858483,192608db42251d675da83286b1cce702) (ScriptedImporter) -> (artifact id: 'ea6fcd2f67bace504527890d8e7a774d') in 0.016676 seconds
Number of updated asset objects reloaded before import = 0Number of asset objects unloaded after import = 46

========================================================================
Received Import Request.
  Time since last request: 0.000023 seconds.
  path: Assets/Tomerinio/LEDLightBlocks/Example Scene/Standard Assets/ParticleSystems/Materials/ParticleGlow.mat
  artifactKey: Guid(c10b1630d5621ec48a17223c3c102023) Importer(2089858483,192608db42251d675da83286b1cce702)
Start importing Assets/Tomerinio/LEDLightBlocks/Example Scene/Standard Assets/ParticleSystems/Materials/ParticleGlow.mat using Guid(c10b1630d5621ec48a17223c3c102023) Importer(2089858483,192608db42251d675da83286b1cce702) (ScriptedImporter) -> (artifact id: '8f1d37df579f2587d9fb19576de5b591') in 0.0221303 seconds
Number of updated asset objects reloaded before import = 0Number of asset objects unloaded after import = 1

========================================================================
Received Import Request.
  Time since last request: 0.000021 seconds.
  path: Assets/Tomerinio/LEDLightBlocks/Example Scene/Meshes/Materials/Platform_Skull_A.mat
  artifactKey: Guid(4b57517abed08c64a9cc4e63d6c2261f) Importer(2089858483,192608db42251d675da83286b1cce702)
Start importing Assets/Tomerinio/LEDLightBlocks/Example Scene/Meshes/Materials/Platform_Skull_A.mat using Guid(4b57517abed08c64a9cc4e63d6c2261f) Importer(2089858483,192608db42251d675da83286b1cce702) (ScriptedImporter) -> (artifact id: '6b2b1f64d1b2c13507383171b48c0ef3') in 0.0224944 seconds
Number of updated asset objects reloaded before import = 0Number of asset objects unloaded after import = 1

========================================================================
Received Import Request.
  Time since last request: 0.000029 seconds.
  path: Assets/Tomerinio/LEDLightBlocks/Example Scene/Standard Assets/CrossPlatformInput/Scripts/ButtonHandler.cs
  artifactKey: Guid(85bf3be603548374ca46f521a3aa7fda) Importer(2089858483,192608db42251d675da83286b1cce702)
Start importing Assets/Tomerinio/LEDLightBlocks/Example Scene/Standard Assets/CrossPlatformInput/Scripts/ButtonHandler.cs using Guid(85bf3be603548374ca46f521a3aa7fda) Importer(2089858483,192608db42251d675da83286b1cce702) (ScriptedImporter) -> (artifact id: '83902061b5eefd113e8805707ca41f00') in 0.0195406 seconds
Number of updated asset objects reloaded before import = 0Number of asset objects unloaded after import = 0

========================================================================
Received Import Request.
  Time since last request: 0.000038 seconds.
  path: Assets/Tomerinio/LEDLightBlocks/Example Scene/Standard Assets/ParticleSystems/Scripts
  artifactKey: Guid(9721ab373e27146389ae58af7f9ce3cb) Importer(2089858483,192608db42251d675da83286b1cce702)
Start importing Assets/Tomerinio/LEDLightBlocks/Example Scene/Standard Assets/ParticleSystems/Scripts using Guid(9721ab373e27146389ae58af7f9ce3cb) Importer(2089858483,192608db42251d675da83286b1cce702) (ScriptedImporter) -> (artifact id: 'e3f6a37999d737a342abffc8b4952c01') in 0.0185285 seconds
Number of updated asset objects reloaded before import = 0Number of asset objects unloaded after import = 1

========================================================================
Received Import Request.
  Time since last request: 0.000020 seconds.
  path: Assets/Tomerinio/LEDLightBlocks/Example Scene/Standard Assets/Utility/FOVKick.cs
  artifactKey: Guid(6045a93fb05b9c74884821030da2c46c) Importer(2089858483,192608db42251d675da83286b1cce702)
Start importing Assets/Tomerinio/LEDLightBlocks/Example Scene/Standard Assets/Utility/FOVKick.cs using Guid(6045a93fb05b9c74884821030da2c46c) Importer(2089858483,192608db42251d675da83286b1cce702) (ScriptedImporter) -> (artifact id: 'aa248bf867fae8ab95c0311ebca76acf') in 0.0169015 seconds
Number of updated asset objects reloaded before import = 0Number of asset objects unloaded after import = 0

========================================================================
Received Import Request.
  Time since last request: 0.000023 seconds.
  path: Assets/npc_casual_set_00/Prefabs/Prefabs_Parts/npc_csl_shirtopenrolled_00m_torso.prefab
  artifactKey: Guid(2355c921d3b387248a6a489a1b42f6f3) Importer(2089858483,3d70f49cd1c2eb9ae422958d1c652c6b)
Start importing Assets/npc_casual_set_00/Prefabs/Prefabs_Parts/npc_csl_shirtopenrolled_00m_torso.prefab using Guid(2355c921d3b387248a6a489a1b42f6f3) Importer(2089858483,3d70f49cd1c2eb9ae422958d1c652c6b) (ScriptedImporter) -> (artifact id: '6d8de760275dad0acd31c9f193c96d0a') in 0.0562361 seconds
Number of updated asset objects reloaded before import = 0Number of asset objects unloaded after import = 283

========================================================================
Received Import Request.
  Time since last request: 0.000026 seconds.
  path: Assets/Tomerinio/LEDLightBlocks/Example Scene/Standard Assets/Utility/CurveControlledBob.cs
  artifactKey: Guid(492f54f4accf00440828ffcb9e4fcc19) Importer(2089858483,192608db42251d675da83286b1cce702)
Start importing Assets/Tomerinio/LEDLightBlocks/Example Scene/Standard Assets/Utility/CurveControlledBob.cs using Guid(492f54f4accf00440828ffcb9e4fcc19) Importer(2089858483,192608db42251d675da83286b1cce702) (ScriptedImporter) -> (artifact id: '2c159d647ce04052d6617727556b6a6a') in 0.0199936 seconds
Number of updated asset objects reloaded before import = 0Number of asset objects unloaded after import = 0

========================================================================
Received Import Request.
  Time since last request: 0.000032 seconds.
  path: Assets/Fries and Seagull/Bar 02/Prefabs/Barrel Rack.prefab
  artifactKey: Guid(732bac1f47862294297bd4b4c5fc203d) Importer(2089858483,3d70f49cd1c2eb9ae422958d1c652c6b)
Start importing Assets/Fries and Seagull/Bar 02/Prefabs/Barrel Rack.prefab using Guid(732bac1f47862294297bd4b4c5fc203d) Importer(2089858483,3d70f49cd1c2eb9ae422958d1c652c6b) (ScriptedImporter) -> (artifact id: '52f0f44da79257d1627d047b89fd97eb') in 0.0224041 seconds
Number of updated asset objects reloaded before import = 0Number of asset objects unloaded after import = 19

========================================================================
Received Import Request.
  Time since last request: 0.000021 seconds.
  path: Assets/Fries and Seagull/Bar 02/Prefabs/Wine Bottles & Cups/Tankard.prefab
  artifactKey: Guid(6d6b2e0253263264ebba8c8921fed9d5) Importer(2089858483,192608db42251d675da83286b1cce702)
Start importing Assets/Fries and Seagull/Bar 02/Prefabs/Wine Bottles & Cups/Tankard.prefab using Guid(6d6b2e0253263264ebba8c8921fed9d5) Importer(2089858483,192608db42251d675da83286b1cce702) (ScriptedImporter) -> (artifact id: '1fbc59e685c5c13e6711b9866ecf3b1f') in 0.0221802 seconds
Number of updated asset objects reloaded before import = 0Number of asset objects unloaded after import = 28

========================================================================
Received Import Request.
  Time since last request: 0.000021 seconds.
  path: Assets/Tomerinio/LEDLightBlocks/Example Scene/Standard Assets/ParticleSystems/Materials/ParticleSmokeMobile.mat
  artifactKey: Guid(473d6d3ec0d161b4a85e466c8c6da3fb) Importer(2089858483,192608db42251d675da83286b1cce702)
Start importing Assets/Tomerinio/LEDLightBlocks/Example Scene/Standard Assets/ParticleSystems/Materials/ParticleSmokeMobile.mat using Guid(473d6d3ec0d161b4a85e466c8c6da3fb) Importer(2089858483,192608db42251d675da83286b1cce702) (ScriptedImporter) -> (artifact id: '488ec617aa5a1f4f38fda5d057195062') in 0.0218588 seconds
Number of updated asset objects reloaded before import = 0Number of asset objects unloaded after import = 2

========================================================================
Received Import Request.
  Time since last request: 0.000023 seconds.
  path: Assets/Tomerinio/LEDLightBlocks/Example Scene/Materials/_collider.mat
  artifactKey: Guid(6b34fdcf33ac3ae4c9aa6f16915953c9) Importer(2089858483,192608db42251d675da83286b1cce702)
Start importing Assets/Tomerinio/LEDLightBlocks/Example Scene/Materials/_collider.mat using Guid(6b34fdcf33ac3ae4c9aa6f16915953c9) Importer(2089858483,192608db42251d675da83286b1cce702) (ScriptedImporter) -> (artifact id: 'd20d69a7fac133cce100e91253faffa3') in 0.0194431 seconds
Number of updated asset objects reloaded before import = 0Number of asset objects unloaded after import = 1

========================================================================
Received Import Request.
  Time since last request: 0.000024 seconds.
  path: Assets/UnityTechnologies/Basic Asset Pack Interior/Prefabs/Lights/LightCeliing.prefab
  artifactKey: Guid(a38f60b20ea9d8e4086d5859b8def0db) Importer(2089858483,3d70f49cd1c2eb9ae422958d1c652c6b)
Start importing Assets/UnityTechnologies/Basic Asset Pack Interior/Prefabs/Lights/LightCeliing.prefab using Guid(a38f60b20ea9d8e4086d5859b8def0db) Importer(2089858483,3d70f49cd1c2eb9ae422958d1c652c6b) (ScriptedImporter) -> (artifact id: '6a62c9ed8c9bf7ca48abb76b38c9f6e1') in 0.0234467 seconds
Number of updated asset objects reloaded before import = 0Number of asset objects unloaded after import = 27

========================================================================
Received Import Request.
  Time since last request: 5.591140 seconds.
  path: Assets/Tomerinio/LEDLightBlocks/Example Scene/Materials/Bricks.mat
  artifactKey: Guid(2a45119b6529db041a79e08b385c40de) Importer(2089858483,192608db42251d675da83286b1cce702)
Start importing Assets/Tomerinio/LEDLightBlocks/Example Scene/Materials/Bricks.mat using Guid(2a45119b6529db041a79e08b385c40de) Importer(2089858483,192608db42251d675da83286b1cce702) (ScriptedImporter) -> (artifact id: '45219fe59254f90f22406ac6bd71ed4c') in 0.0218432 seconds
Number of updated asset objects reloaded before import = 0Number of asset objects unloaded after import = 5

========================================================================
Received Import Request.
  Time since last request: 0.000022 seconds.
  path: Assets/Tomerinio/LEDLightBlocks/Example Scene/Materials/Platform_Skull_Emissive.mat
  artifactKey: Guid(dcbf35daa84d31d46af8a5b2a6183db2) Importer(2089858483,192608db42251d675da83286b1cce702)
Start importing Assets/Tomerinio/LEDLightBlocks/Example Scene/Materials/Platform_Skull_Emissive.mat using Guid(dcbf35daa84d31d46af8a5b2a6183db2) Importer(2089858483,192608db42251d675da83286b1cce702) (ScriptedImporter) -> (artifact id: 'c1ae191ba5053f20a905ac5a2a2d9885') in 0.0296948 seconds
Number of updated asset objects reloaded before import = 0Number of asset objects unloaded after import = 6

========================================================================
Received Import Request.
  Time since last request: 20.034551 seconds.
  path: Assets/Tomerinio/LEDLightBlocks/Contents/Materials/M_LEDBlue.mat
  artifactKey: Guid(d2f6c6d261ec30d4788e33a9951a2ef5) Importer(2089858483,192608db42251d675da83286b1cce702)
Start importing Assets/Tomerinio/LEDLightBlocks/Contents/Materials/M_LEDBlue.mat using Guid(d2f6c6d261ec30d4788e33a9951a2ef5) Importer(2089858483,192608db42251d675da83286b1cce702) (ScriptedImporter) -> (artifact id: '95f758a95148a5297f2abde920aad695') in 0.0226973 seconds
Number of updated asset objects reloaded before import = 0Number of asset objects unloaded after import = 3

Editor requested this worker to shutdown with reason: Scaling down because of idle timeout
AssetImportWorker is now disconnected from the server
Process exiting
Exiting without the bug reporter. Application will terminate with return code 0