
=== Tue Jan 13 19:17:46 2026

Packages were changed.
Update Mode: mergeDefaultDependencies

The following packages were added:
  com.unity.modules.ai@1.0.0
  com.unity.modules.androidjni@1.0.0
  com.unity.modules.animation@1.0.0
  com.unity.modules.assetbundle@1.0.0
  com.unity.modules.audio@1.0.0
  com.unity.modules.cloth@1.0.0
  com.unity.modules.director@1.0.0
  com.unity.modules.imageconversion@1.0.0
  com.unity.modules.imgui@1.0.0
  com.unity.modules.jsonserialize@1.0.0
  com.unity.modules.particlesystem@1.0.0
  com.unity.modules.physics@1.0.0
  com.unity.modules.physics2d@1.0.0
  com.unity.modules.screencapture@1.0.0
  com.unity.modules.terrain@1.0.0
  com.unity.modules.terrainphysics@1.0.0
  com.unity.modules.tilemap@1.0.0
  com.unity.modules.ui@1.0.0
  com.unity.modules.uielements@1.0.0
  com.unity.modules.umbra@1.0.0
  com.unity.modules.unityanalytics@1.0.0
  com.unity.modules.unitywebrequest@1.0.0
  com.unity.modules.unitywebrequestassetbundle@1.0.0
  com.unity.modules.unitywebrequestaudio@1.0.0
  com.unity.modules.unitywebrequesttexture@1.0.0
  com.unity.modules.unitywebrequestwww@1.0.0
  com.unity.modules.vehicles@1.0.0
  com.unity.modules.video@1.0.0
  com.unity.modules.vr@1.0.0
  com.unity.modules.wind@1.0.0
  com.unity.modules.xr@1.0.0
  com.unity.modules.accessibility@1.0.0
  com.unity.multiplayer.center@1.0.0
The following packages were updated:
  com.unity.ai.navigation from version 2.0.0 to 2.0.9
  com.unity.collab-proxy from version 2.2.0 to 2.10.0
  com.unity.ide.rider from version 3.0.27 to 3.0.38
  com.unity.ide.visualstudio from version 2.0.22 to 2.0.25
  com.unity.inputsystem from version 1.12.0 to 1.14.2
  com.unity.render-pipelines.universal from version 17.0.1 to 17.2.0
  com.unity.test-framework from version 1.4.2 to 1.6.0
  com.unity.timeline from version 1.8.6 to 1.8.9
  com.unity.visualscripting from version 1.9.1 to 1.9.8

=== Sat Jan 24 17:42:28 2026

Packages were changed.
Update Mode: updateDependencies

The following packages were updated:
  com.unity.render-pipelines.universal from version 14.0.7 to 17.2.0

=== Sun Jan 25 20:27:16 2026

Packages were changed.
Update Mode: updateDependencies

The following packages were updated:
  com.unity.mathematics from version 1.2.6 to 1.3.2
  com.unity.postprocessing from version 3.2.2 to 3.5.0

=== Sun Jan 25 20:27:16 2026

Packages were changed.
Update Mode: mergeDefaultDependencies

The following packages were added:
  com.unity.mathematics@1.3.2
  com.unity.postprocessing@3.5.0

=== Sun Jan 25 21:37:28 2026

Packages were changed.
Update Mode: updateDependencies

The following packages were updated:
  com.unity.postprocessing from version 2.3.0 to 3.5.0
  com.unity.shadergraph from version 7.4.1 to 17.2.0
  com.unity.ugui from version 1.0.0 to 2.0.0
The following packages were removed:
  com.unity.render-pipelines.lightweight@7.4.1

=== Sun Jan 25 21:37:28 2026

Packages were changed.
Update Mode: mergeDefaultDependencies

The following packages were added:
  com.unity.ide.vscode@1.2.0
  com.unity.shadergraph@17.2.0

=== Tue Feb 10 20:36:44 2026

Packages were changed.
Update Mode: updateDependencies

The following packages were updated:
  com.unity.collections from version 1.2.4 to 2.6.2

=== Tue Feb 10 20:36:44 2026

Packages were changed.
Update Mode: mergeDefaultDependencies

The following packages were added:
  com.unity.burst@1.8.25
  com.unity.collections@2.6.2
